Removed Pin From Net: NetName=NetC2_2 Pin=C2-2
Removed Pin From Net: NetName=GND Pin=C6-2
Removed Pin From Net: NetName=GND Pin=C14-2
Removed Pin From Net: NetName=NetC15_1 Pin=C15-1
Removed Pin From Net: NetName=GND Pin=C15-2
Removed Pin From Net: NetName=NetC18_1 Pin=C18-1
Removed Pin From Net: NetName=NetC19_1 Pin=C19-1
Removed Pin From Net: NetName=GND Pin=C20-2
Removed Pin From Net: NetName=NetC21_1 Pin=C21-1
Removed Pin From Net: NetName=GND Pin=C21-2
Removed Pin From Net: NetName=GND Pin=C24-1
Removed Pin From Net: NetName=NetJ2_A5 Pin=R1-2
Removed Pin From Net: NetName=NetJ3_A5 Pin=R2-2
Removed Pin From Net: NetName=NetJ2_A6 Pin=R3-2
Removed Pin From Net: NetName=NetJ3_A6 Pin=R4-2
Removed Pin From Net: NetName=NetJ2_A7 Pin=R5-2
Removed Pin From Net: NetName=NetJ2_B5 Pin=R6-1
Removed Pin From Net: NetName=NetJ3_B5 Pin=R7-1
Removed Pin From Net: NetName=NetJ3_A7 Pin=R8-2
Removed Pin From Net: NetName=NetC15_1 Pin=R13-2
Removed Pin From Net: NetName=NetD7_1 Pin=R17-1
Removed Pin From Net: NetName=GND Pin=R18-2
Removed Pin From Net: NetName=NetR19_1 Pin=R19-1
Removed Pin From Net: NetName=NetC19_1 Pin=R19-2
Add Component: Footprint Not Found CAPC3216X180X55ML20T25
Add Component: Footprint Not Found CAPC3216X180X55ML20T25
Add Component: Footprint Not Found CAPC3216X180X55ML20T25
Add Component: Footprint Not Found CAPC3216X180X55ML20T25
Add Component: Footprint Not Found MURA-0603_H_0.9_M
Add Component: Footprint Not Found MURA-0603_H_0.9_M
Add Component: Footprint Not Found MURA-0603_H_0.9_M
Add Component: Footprint Not Found MURA-0603_H_0.9_M
Add Component: Footprint Not Found MURA-0603_H_0.9_M
Add Component: Footprint Not Found MURA-0603_H_0.9_M
Add Component: Footprint Not Found MURA-0603_H_0.9_M
Add Component: Footprint Not Found MURA-0603_H_0.9_M
Add Component: Footprint Not Found MURA-0603_H_0.9_M
Add Component: Footprint Not Found FP-GRM188-0_1-e0_2_0_5-IPC_A
Add Component: Footprint Not Found FP-GRM188-0_1-e0_2_0_5-IPC_A
Add Component: Footprint Not Found MURA-0603_H_0.9_M
Add Component: Footprint Not Found FP-GRM188-0_1-e0_2_0_5-IPC_A
Add Component: Footprint Not Found MURA-0603_H_0.9_M
Add Component: Footprint Not Found MURA-0603_H_0.9_M
Add Component: Footprint Not Found CAPC1206(3216)190_M
Add Component: Footprint Not Found MURA-0603_H_0.9_M
Add Component: Footprint Not Found MURA-0603_H_0.9_M
Add Component: Footprint Not Found MURA-0603_H_0.9_M
Add Component: Footprint Not Found FP-GRM188-0_1-e0_2_0_5-IPC_A
Add Component: Footprint Not Found MURA-0603_H_0.9_M
Add Component: Footprint Not Found FP-403AE-MFG
Add Component: Footprint Not Found FP-403AE-MFG
Add Component: Footprint Not Found FP-403AE-MFG
Add Component: Footprint Not Found FP-403AE-MFG
Add Component: Footprint Not Found FP-403AE-MFG
Add Component: Footprint Not Found FP-403AE-MFG
Add Component: Footprint Not Found WL-SMCW_1206_150120xx75000
Add Component: Footprint Not Found WL-SMCW_1206_150120xx75000
Add Component: Footprint Not Found WL-SMCW_1206_150120xx75000
Add Component: Footprint Not Found WL-SMCW_1206_150120xx75000
Add Component: Footprint Not Found FP-B2B-XH-A_LF_SN-MFG
Add Component: Footprint Not Found FP-B2B-XH-A_LF_SN-MFG
Add Component: Footprint Not Found FP-ESP32-WROOM-32E_M113EH-MFG
Add Component: Footprint Not Found FP-ESP32-WROOM-32E_M113EH-MFG
Add Component: Footprint Not Found FP-SS8050-G-IPC_A
Add Component: Footprint Not Found FP-SS8050-G-IPC_A
Add Component: Footprint Not Found FP-S-03946-IPC_A
Add Component: Footprint Not Found FP-S-03946-IPC_A
Add Component: Footprint Not Found FP-CRCW0603-e3-IPC_A
Add Component: Footprint Not Found FP-CRCW0603-e3-IPC_A
Add Component: Footprint Not Found FP-CRCW0603-e3-IPC_A
Add Component: Footprint Not Found FP-CRCW0603-e3-IPC_A
Add Component: Footprint Not Found FP-CRCW0603-e3-IPC_A
Add Component: Footprint Not Found FP-CRCW0603-e3-IPC_A
Add Component: Footprint Not Found FP-CRCW0603-e3-IPC_A
Add Component: Footprint Not Found FP-CRCW0603-e3-IPC_A
Add Component: Footprint Not Found FP-CRCW0603-e3-IPC_A
Add Component: Footprint Not Found FP-CRCW0603-e3-IPC_A
Add Component: Footprint Not Found FP-CR0603-IPC_A
Add Component: Footprint Not Found FP-CRCW0603-e3-IPC_A
Add Component: Footprint Not Found FP-CRCW0603-e3-IPC_A
Add Component: Footprint Not Found FP-CRCW0603-e3-IPC_A
Add Component: Footprint Not Found FP-CR0603-IPC_A
Add Component: Footprint Not Found FP-CR0603-IPC_A
Add Component: Footprint Not Found FP-CR0603-IPC_A
Add Component: Footprint Not Found FP-CR0603-IPC_A
Add Component: Footprint Not Found FP-CR0603-IPC_A
Add Component: Footprint Not Found FP-CR0603-IPC_A
Add Component: Footprint Not Found FP-CR0603-IPC_A
Add Component: Footprint Not Found FP-CR0603-IPC_A
Add Component: Footprint Not Found FP-CR0603-IPC_A
Add Component: Footprint Not Found FP-B3U-1000P-MFG
Add Component: Footprint Not Found FP-B3U-1000P-MFG
Add Component: Footprint Not Found FP-B3U-1000P-MFG
Add Component: Footprint Not Found FP-NX3225SA-MFG
Add Component: Footprint Not Found FP-NX3225SA-MFG
Added Pin To Net: NetName=+5V Pin=C1-2
Added Pin To Net: NetName=+3V3 Pin=C2-2
Added Pin To Net: NetName=NetC2_2 Pin=C2-2
Add Pin To Net: Unknown Pin: Pin C3-1
Add Pin To Net: Unknown Pin: Pin C3-2
Add Pin To Net: Unknown Pin: Pin C4-1
Add Pin To Net: Unknown Pin: Pin C4-2
Added Pin To Net: NetName=+5V Pin=C6-1
Added Pin To Net: NetName=+5V Pin=C6-2
Added Pin To Net: NetName=GND Pin=C6-2
Added Pin To Net: NetName=+3V3 Pin=C14-1
Added Pin To Net: NetName=+3V3 Pin=C14-2
Added Pin To Net: NetName=GND Pin=C14-2
Added Pin To Net: NetName=GND Pin=C15-1
Added Pin To Net: NetName=NetC15_1 Pin=C15-1
Added Pin To Net: NetName=+1V1 Pin=C15-2
Added Pin To Net: NetName=GND Pin=C15-2
Added Pin To Net: NetName=NetC18_1 Pin=C18-1
Added Pin To Net: NetName=NetC19_1 Pin=C19-1
Added Pin To Net: NetName=+BATT Pin=C20-1
Added Pin To Net: NetName=+BATT Pin=C20-2
Added Pin To Net: NetName=GND Pin=C20-2
Added Pin To Net: NetName=GND Pin=C21-1
Added Pin To Net: NetName=NetC21_1 Pin=C21-1
Added Pin To Net: NetName=+5V Pin=C21-2
Added Pin To Net: NetName=GND Pin=C21-2
Added Pin To Net: NetName=+3V3 Pin=C24-1
Added Pin To Net: NetName=GND Pin=C24-1
Added Pin To Net: NetName=+3V3 Pin=C24-2
Add Pin To Net: Unknown Pin: Pin D1-1
Add Pin To Net: Unknown Pin: Pin D1-2
Add Pin To Net: Unknown Pin: Pin D2-1
Add Pin To Net: Unknown Pin: Pin D2-2
Add Pin To Net: Unknown Pin: Pin D2-2
Add Pin To Net: Unknown Pin: Pin D3-1
Add Pin To Net: Unknown Pin: Pin D3-2
Add Pin To Net: Unknown Pin: Pin D3-2
Add Pin To Net: Unknown Pin: Pin D4-1
Add Pin To Net: Unknown Pin: Pin D4-2
Add Pin To Net: Unknown Pin: Pin D6-1
Add Pin To Net: Unknown Pin: Pin D6-2
Add Pin To Net: Unknown Pin: Pin D7-1
Add Pin To Net: Unknown Pin: Pin D7-2
Add Pin To Net: Unknown Pin: Pin J1-1
Add Pin To Net: Unknown Pin: Pin J1-1
Add Pin To Net: Unknown Pin: Pin J1-2
Add Pin To Net: Unknown Pin: Pin J1-2
Add Pin To Net: Unknown Pin: Pin MD1-1
Add Pin To Net: Unknown Pin: Pin MD1-1
Add Pin To Net: Unknown Pin: Pin MD1-2
Add Pin To Net: Unknown Pin: Pin MD1-2
Add Pin To Net: Unknown Pin: Pin MD1-3
Add Pin To Net: Unknown Pin: Pin MD1-3
Add Pin To Net: Unknown Pin: Pin MD1-15
Add Pin To Net: Unknown Pin: Pin MD1-15
Add Pin To Net: Unknown Pin: Pin MD1-25
Add Pin To Net: Unknown Pin: Pin MD1-25
Add Pin To Net: Unknown Pin: Pin MD1-27
Add Pin To Net: Unknown Pin: Pin MD1-27
Add Pin To Net: Unknown Pin: Pin MD1-28
Add Pin To Net: Unknown Pin: Pin MD1-28
Add Pin To Net: Unknown Pin: Pin MD1-34
Add Pin To Net: Unknown Pin: Pin MD1-34
Add Pin To Net: Unknown Pin: Pin MD1-35
Add Pin To Net: Unknown Pin: Pin MD1-35
Add Pin To Net: Unknown Pin: Pin MD1-38
Add Pin To Net: Unknown Pin: Pin MD1-38
Add Pin To Net: Unknown Pin: Pin MD1-39
Add Pin To Net: Unknown Pin: Pin MD1-39
Add Pin To Net: Unknown Pin: Pin MD2-1
Add Pin To Net: Unknown Pin: Pin MD2-1
Add Pin To Net: Unknown Pin: Pin MD2-3
Add Pin To Net: Unknown Pin: Pin MD2-3
Add Pin To Net: Unknown Pin: Pin MD2-4
Add Pin To Net: Unknown Pin: Pin MD2-5
Add Pin To Net: Unknown Pin: Pin Q3-1
Add Pin To Net: Unknown Pin: Pin Q3-2
Add Pin To Net: Unknown Pin: Pin Q3-3
Add Pin To Net: Unknown Pin: Pin Q4-1
Add Pin To Net: Unknown Pin: Pin Q4-2
Add Pin To Net: Unknown Pin: Pin Q4-3
Added Pin To Net: NetName=NetJ2_A5 Pin=R1-2
Added Pin To Net: NetName=NetJ3_A5 Pin=R2-2
Added Pin To Net: NetName=NetJ2_A6 Pin=R3-2
Added Pin To Net: NetName=NetJ3_A6 Pin=R4-2
Added Pin To Net: NetName=NetJ2_A7 Pin=R5-2
Added Pin To Net: NetName=NetJ2_B5 Pin=R6-1
Added Pin To Net: NetName=NetJ3_B5 Pin=R7-1
Added Pin To Net: NetName=NetJ3_A7 Pin=R8-2
Added Pin To Net: NetName=+1V1 Pin=R13-2
Added Pin To Net: NetName=NetC15_1 Pin=R13-2
Add Pin To Net: Unknown Pin: Pin R14-1
Add Pin To Net: Unknown Pin: Pin R14-2
Added Pin To Net: NetName=GND Pin=R17-1
Added Pin To Net: NetName=NetD7_1 Pin=R17-1
Added Pin To Net: NetName=GND Pin=R17-2
Added Pin To Net: NetName=NetD6_1 Pin=R18-1
Added Pin To Net: NetName=+3V3 Pin=R18-2
Added Pin To Net: NetName=GND Pin=R18-2
Added Pin To Net: NetName=NetR19_1 Pin=R19-1
Added Pin To Net: NetName=NetC19_1 Pin=R19-2
Add Pin To Net: Unknown Pin: Pin R20-1
Add Pin To Net: Unknown Pin: Pin R20-2
Add Pin To Net: Unknown Pin: Pin R21-1
Add Pin To Net: Unknown Pin: Pin R21-2
Add Pin To Net: Unknown Pin: Pin Y1-1
Add Pin To Net: Unknown Pin: Pin Y1-2
Add Pin To Net: Unknown Pin: Pin Y1-2
Add Pin To Net: Unknown Pin: Pin Y1-3
Add Pin To Net: Unknown Pin: Pin Y1-4
Add Pin To Net: Unknown Pin: Pin Y1-4
Add Net: Net with name "NetC18_1" already exists
Add Net: Net with name "NetC19_1" already exists
Add Net: Net with name "NetD2_1" already exists
Add Net: Net with name "NetD3_1" already exists
Add Net: Net with name "NetD5_1" already exists
Add Net: Net with name "NetD8_1" already exists
Add Net: Net with name "NetJ2_A5" already exists
Add Net: Net with name "NetJ2_A6" already exists
Add Net: Net with name "NetJ2_A7" already exists
Add Net: Net with name "NetJ2_B5" already exists
Add Net: Net with name "NetJ3_A5" already exists
Add Net: Net with name "NetJ3_A6" already exists
Add Net: Net with name "NetJ3_A7" already exists
Add Net: Net with name "NetJ3_B5" already exists
Add Net: Net with name "NetMD2_4" already exists
Add Net: Net with name "NetMD2_5" already exists
Add Net: Net with name "NetQ1_1" already exists
Add Net: Net with name "NetQ2_1" already exists
Add Net: Net with name "NetR12_2" already exists
Add Net: Net with name "NetR19_1" already exists
Add Net: Net with name "NetR23_1" already exists
Add Class Member: Failed to add class member : Component C3 10uF
Add Class Member: Failed to add class member : Component C4 10uF
Added Member To Class: ClassName=schematic (upgrade) Member=Component C24 2.2uF
Added Member To Class: ClassName=schematic (upgrade) Member=Component D2 SS14
Add Class Member: Failed to add class member : Component D3 SS14
Add Class Member: Failed to add class member : Component D3 SS14
Add Class Member: Failed to add class member : Component D4 SS24
Add Class Member: Failed to add class member : Component D6 PWR LED
Add Class Member: Failed to add class member : Component D7 PWR LED
Add Class Member: Failed to add class member : Component J1 B2B-XH-A(LF)(SN)
Add Class Member: Failed to add class member : Component J1 B2B-XH-A(LF)(SN)
Add Class Member: Failed to add class member : Component MD1 ESP32-WROOM-32E(M113EH3200PH3Q0)
Add Class Member: Failed to add class member : Component MD1 ESP32-WROOM-32E(M113EH3200PH3Q0)
Add Class Member: Failed to add class member : Component Q3 SI2301
Add Class Member: Failed to add class member : Component Q4 SI2301
Add Class Member: Failed to add class member : Component R14 1K2
Add Class Member: Failed to add class member : Component R20 100R
Add Class Member: Failed to add class member : Component R21 1K
Added Member To Class: ClassName=schematic (upgrade) Member=Component U2 IP5306
Add Class Member: Failed to add class member : Component Y1 NX3225SA-12.000M-STD-CRS-2
Add Class Member: Failed to add class member : Component Y1 NX3225SA-12.000M-STD-CRS-2
