Removed Pin From Net: NetName=+VBIN Pin=Designator42-1
Removed Pin From Net: NetName=GND Pin=Designator42-2
Removed Pin From Net: NetName=+VBIN Pin=Designator42-4
Removed Pin From Net: NetName=NetC1_2 Pin=Designator42-5
Removed Pin From Net: NetName=GND Pin=Designator42-EP
Change Footprint: Footprint Not Found FP-ESP32-WROOM-32E_M113EH-MFG
Change Component Comment : Designator=Designator41 Old Comment=Comment New Comment=ESP32-WROOM-32E(M113EH3200PH3Q0)
Change Component Designator: OldDesignator=Designator41 NewDesignator=MD1
Change Managed Component Library Link : Designator=MD1 Old VaultGUID= New VaultGUID=B7D15EC3-160A-466F-A46C-7801FE6295A7 Old ItemGUID= New ItemGUID=6597679B-EDB4-4A0B-8F37-03FF7BFBA193 Old RevisionGUID= New RevisionGUID=6C3EB87D-761B-4387-A8ED-3F20027703AC
Added Component: Designator=U1(SOT-89-5)
Add component (AddParameter): Name = "Check_prices"; Value = "https://www.snapeda.com/parts/XC6220B331PR-G/Torex/view-part/?ref=eda"; VariantName = "[No Variations]"
Add component (AddParameter): Name = "MF"; Value = "Torex"; VariantName = "[No Variations]"
Add component (AddParameter): Name = "MP"; Value = "XC6220B331PR-G"; VariantName = "[No Variations]"
Add component (AddParameter): Name = "Package"; Value = "SOT-89 Torex"; VariantName = "[No Variations]"
Add component (AddParameter): Name = "SnapEDA_Link"; Value = "https://www.snapeda.com/parts/XC6220B331PR-G/Torex/view-part/?ref=snap"; VariantName = "[No Variations]"
Add component (AddParameter): Name = "Value"; Value = ""; VariantName = "[No Variations]"
Add Pin To Net: Unknown Pin: Pin MD1-39
Add Pin To Net: Unknown Pin: Pin MD2-1
Add Pin To Net: Unknown Pin: Pin MD2-3
Add Pin To Net: Unknown Pin: Pin MD2-4
Add Pin To Net: Unknown Pin: Pin MD2-5
Added Pin To Net: NetName=NetC1_2 Pin=U1-1
Added Pin To Net: NetName=GND Pin=U1-2
Added Pin To Net: NetName=+3V3 Pin=U1-3
Added Pin To Net: NetName=NetC1_2 Pin=U1-4
Added Pin To Net: NetName=+3V3 Pin=U1-5
Added Pin To Net: NetName=GND Pin=U1-6
Added Member To Class: ClassName=schematic (upgrade) Member=Component MD1 ESP32-WROOM-32E(M113EH3200PH3Q0)
Added Member To Class: ClassName=schematic (upgrade) Member=Component U1 XC6220B331PR-G
