Removed Pin From Net: NetName=NetC21_1 Pin=U6-5
Added Component: Designator=C1(CAPC1608X90N)
Add component (AddParameter): Name = "Check_prices"; Value = "https://www.snapeda.com/parts/C0603C104K4RAC/KEMET/view-part/?ref=eda"; VariantName = "[No Variations]"
Add component (AddParameter): Name = "MF"; Value = "KEMET"; VariantName = "[No Variations]"
Add component (AddParameter): Name = "MP"; Value = "C0603C104K4RAC"; VariantName = "[No Variations]"
Add component (AddParameter): Name = "Package"; Value = "603-2 KEMET"; VariantName = "[No Variations]"
Add component (AddParameter): Name = "SnapEDA_Link"; Value = "https://www.snapeda.com/parts/C0603C104K4RAC/KEMET/view-part/?ref=snap"; VariantName = "[No Variations]"
Add component (AddParameter): Name = "Value"; Value = ""; VariantName = "[No Variations]"
Added Component: Designator=C2(CAPC1608X90N)
Add component (AddParameter): Name = "Check_prices"; Value = "https://www.snapeda.com/parts/C0603C104K4RAC/KEMET/view-part/?ref=eda"; VariantName = "[No Variations]"
Add component (AddParameter): Name = "MF"; Value = "KEMET"; VariantName = "[No Variations]"
Add component (AddParameter): Name = "MP"; Value = "C0603C104K4RAC"; VariantName = "[No Variations]"
Add component (AddParameter): Name = "Package"; Value = "603-2 KEMET"; VariantName = "[No Variations]"
Add component (AddParameter): Name = "SnapEDA_Link"; Value = "https://www.snapeda.com/parts/C0603C104K4RAC/KEMET/view-part/?ref=snap"; VariantName = "[No Variations]"
Add component (AddParameter): Name = "Value"; Value = ""; VariantName = "[No Variations]"
Added Component: Designator=C3(CAPC1608X90N)
Add component (AddParameter): Name = "Check_prices"; Value = "https://www.snapeda.com/parts/C0603C104K4RAC/KEMET/view-part/?ref=eda"; VariantName = "[No Variations]"
Add component (AddParameter): Name = "MF"; Value = "KEMET"; VariantName = "[No Variations]"
Add component (AddParameter): Name = "MP"; Value = "C0603C104K4RAC"; VariantName = "[No Variations]"
Add component (AddParameter): Name = "Package"; Value = "603-2 KEMET"; VariantName = "[No Variations]"
Add component (AddParameter): Name = "SnapEDA_Link"; Value = "https://www.snapeda.com/parts/C0603C104K4RAC/KEMET/view-part/?ref=snap"; VariantName = "[No Variations]"
Add component (AddParameter): Name = "Value"; Value = ""; VariantName = "[No Variations]"
Added Component: Designator=C4(CAPC1608X90N)
Add component (AddParameter): Name = "Check_prices"; Value = "https://www.snapeda.com/parts/C0603C104K4RAC/KEMET/view-part/?ref=eda"; VariantName = "[No Variations]"
Add component (AddParameter): Name = "MF"; Value = "KEMET"; VariantName = "[No Variations]"
Add component (AddParameter): Name = "MP"; Value = "C0603C104K4RAC"; VariantName = "[No Variations]"
Add component (AddParameter): Name = "Package"; Value = "603-2 KEMET"; VariantName = "[No Variations]"
Add component (AddParameter): Name = "SnapEDA_Link"; Value = "https://www.snapeda.com/parts/C0603C104K4RAC/KEMET/view-part/?ref=snap"; VariantName = "[No Variations]"
Add component (AddParameter): Name = "Value"; Value = ""; VariantName = "[No Variations]"
Added Component: Designator=C5(CAPC1608X90N)
Add component (AddParameter): Name = "Check_prices"; Value = "https://www.snapeda.com/parts/C0603C104K4RAC/KEMET/view-part/?ref=eda"; VariantName = "[No Variations]"
Add component (AddParameter): Name = "MF"; Value = "KEMET"; VariantName = "[No Variations]"
Add component (AddParameter): Name = "MP"; Value = "C0603C104K4RAC"; VariantName = "[No Variations]"
Add component (AddParameter): Name = "Package"; Value = "603-2 KEMET"; VariantName = "[No Variations]"
Add component (AddParameter): Name = "SnapEDA_Link"; Value = "https://www.snapeda.com/parts/C0603C104K4RAC/KEMET/view-part/?ref=snap"; VariantName = "[No Variations]"
Add component (AddParameter): Name = "Value"; Value = ""; VariantName = "[No Variations]"
Added Component: Designator=C6(CAPC1608X90N)
Add component (AddParameter): Name = "Check_prices"; Value = "https://www.snapeda.com/parts/C0603C104K4RAC/KEMET/view-part/?ref=eda"; VariantName = "[No Variations]"
Add component (AddParameter): Name = "MF"; Value = "KEMET"; VariantName = "[No Variations]"
Add component (AddParameter): Name = "MP"; Value = "C0603C104K4RAC"; VariantName = "[No Variations]"
Add component (AddParameter): Name = "Package"; Value = "603-2 KEMET"; VariantName = "[No Variations]"
Add component (AddParameter): Name = "SnapEDA_Link"; Value = "https://www.snapeda.com/parts/C0603C104K4RAC/KEMET/view-part/?ref=snap"; VariantName = "[No Variations]"
Add component (AddParameter): Name = "Value"; Value = ""; VariantName = "[No Variations]"
Added Component: Designator=C7(CAPC1608X90N)
Add component (AddParameter): Name = "Check_prices"; Value = "https://www.snapeda.com/parts/C0603C104K4RAC/KEMET/view-part/?ref=eda"; VariantName = "[No Variations]"
Add component (AddParameter): Name = "MF"; Value = "KEMET"; VariantName = "[No Variations]"
Add component (AddParameter): Name = "MP"; Value = "C0603C104K4RAC"; VariantName = "[No Variations]"
Add component (AddParameter): Name = "Package"; Value = "603-2 KEMET"; VariantName = "[No Variations]"
Add component (AddParameter): Name = "SnapEDA_Link"; Value = "https://www.snapeda.com/parts/C0603C104K4RAC/KEMET/view-part/?ref=snap"; VariantName = "[No Variations]"
Add component (AddParameter): Name = "Value"; Value = ""; VariantName = "[No Variations]"
Added Component: Designator=C8(CAPC1608X90N)
Add component (AddParameter): Name = "Check_prices"; Value = "https://www.snapeda.com/parts/C0603C104K4RAC/KEMET/view-part/?ref=eda"; VariantName = "[No Variations]"
Add component (AddParameter): Name = "MF"; Value = "KEMET"; VariantName = "[No Variations]"
Add component (AddParameter): Name = "MP"; Value = "C0603C104K4RAC"; VariantName = "[No Variations]"
Add component (AddParameter): Name = "Package"; Value = "603-2 KEMET"; VariantName = "[No Variations]"
Add component (AddParameter): Name = "SnapEDA_Link"; Value = "https://www.snapeda.com/parts/C0603C104K4RAC/KEMET/view-part/?ref=snap"; VariantName = "[No Variations]"
Add component (AddParameter): Name = "Value"; Value = ""; VariantName = "[No Variations]"
Added Component: Designator=C9(CAPC1608X90N)
Add component (AddParameter): Name = "Check_prices"; Value = "https://www.snapeda.com/parts/C0603C104K4RAC/KEMET/view-part/?ref=eda"; VariantName = "[No Variations]"
Add component (AddParameter): Name = "MF"; Value = "KEMET"; VariantName = "[No Variations]"
Add component (AddParameter): Name = "MP"; Value = "C0603C104K4RAC"; VariantName = "[No Variations]"
Add component (AddParameter): Name = "Package"; Value = "603-2 KEMET"; VariantName = "[No Variations]"
Add component (AddParameter): Name = "SnapEDA_Link"; Value = "https://www.snapeda.com/parts/C0603C104K4RAC/KEMET/view-part/?ref=snap"; VariantName = "[No Variations]"
Add component (AddParameter): Name = "Value"; Value = ""; VariantName = "[No Variations]"
Added Component: Designator=C10(CAPC1608X90N)
Add component (AddParameter): Name = "Check_prices"; Value = "https://www.snapeda.com/parts/C0603C104K4RAC/KEMET/view-part/?ref=eda"; VariantName = "[No Variations]"
Add component (AddParameter): Name = "MF"; Value = "KEMET"; VariantName = "[No Variations]"
Add component (AddParameter): Name = "MP"; Value = "C0603C104K4RAC"; VariantName = "[No Variations]"
Add component (AddParameter): Name = "Package"; Value = "603-2 KEMET"; VariantName = "[No Variations]"
Add component (AddParameter): Name = "SnapEDA_Link"; Value = "https://www.snapeda.com/parts/C0603C104K4RAC/KEMET/view-part/?ref=snap"; VariantName = "[No Variations]"
Add component (AddParameter): Name = "Value"; Value = ""; VariantName = "[No Variations]"
Added Component: Designator=C11(CAPC1608X90N)
Add component (AddParameter): Name = "Check_prices"; Value = "https://www.snapeda.com/parts/C0603C104K4RAC/KEMET/view-part/?ref=eda"; VariantName = "[No Variations]"
Add component (AddParameter): Name = "MF"; Value = "KEMET"; VariantName = "[No Variations]"
Add component (AddParameter): Name = "MP"; Value = "C0603C104K4RAC"; VariantName = "[No Variations]"
Add component (AddParameter): Name = "Package"; Value = "603-2 KEMET"; VariantName = "[No Variations]"
Add component (AddParameter): Name = "SnapEDA_Link"; Value = "https://www.snapeda.com/parts/C0603C104K4RAC/KEMET/view-part/?ref=snap"; VariantName = "[No Variations]"
Add component (AddParameter): Name = "Value"; Value = ""; VariantName = "[No Variations]"
Added Component: Designator=C12(CAPC1608X90N)
Add component (AddParameter): Name = "Check_prices"; Value = "https://www.snapeda.com/parts/C0603C104K4RAC/KEMET/view-part/?ref=eda"; VariantName = "[No Variations]"
Add component (AddParameter): Name = "MF"; Value = "KEMET"; VariantName = "[No Variations]"
Add component (AddParameter): Name = "MP"; Value = "C0603C104K4RAC"; VariantName = "[No Variations]"
Add component (AddParameter): Name = "Package"; Value = "603-2 KEMET"; VariantName = "[No Variations]"
Add component (AddParameter): Name = "SnapEDA_Link"; Value = "https://www.snapeda.com/parts/C0603C104K4RAC/KEMET/view-part/?ref=snap"; VariantName = "[No Variations]"
Add component (AddParameter): Name = "Value"; Value = ""; VariantName = "[No Variations]"
Added Component: Designator=C13(CAPC1608X90N)
Add component (AddParameter): Name = "Check_prices"; Value = "https://www.snapeda.com/parts/C0603C104K4RAC/KEMET/view-part/?ref=eda"; VariantName = "[No Variations]"
Add component (AddParameter): Name = "MF"; Value = "KEMET"; VariantName = "[No Variations]"
Add component (AddParameter): Name = "MP"; Value = "C0603C104K4RAC"; VariantName = "[No Variations]"
Add component (AddParameter): Name = "Package"; Value = "603-2 KEMET"; VariantName = "[No Variations]"
Add component (AddParameter): Name = "SnapEDA_Link"; Value = "https://www.snapeda.com/parts/C0603C104K4RAC/KEMET/view-part/?ref=snap"; VariantName = "[No Variations]"
Add component (AddParameter): Name = "Value"; Value = ""; VariantName = "[No Variations]"
Added Component: Designator=C14(CAPC1608X90N)
Add component (AddParameter): Name = "Check_prices"; Value = "https://www.snapeda.com/parts/C0603C104K4RAC/KEMET/view-part/?ref=eda"; VariantName = "[No Variations]"
Add component (AddParameter): Name = "MF"; Value = "KEMET"; VariantName = "[No Variations]"
Add component (AddParameter): Name = "MP"; Value = "C0603C104K4RAC"; VariantName = "[No Variations]"
Add component (AddParameter): Name = "Package"; Value = "603-2 KEMET"; VariantName = "[No Variations]"
Add component (AddParameter): Name = "SnapEDA_Link"; Value = "https://www.snapeda.com/parts/C0603C104K4RAC/KEMET/view-part/?ref=snap"; VariantName = "[No Variations]"
Add component (AddParameter): Name = "Value"; Value = ""; VariantName = "[No Variations]"
Added Component: Designator=C15(CAPC1608X90N)
Add component (AddParameter): Name = "Check_prices"; Value = "https://www.snapeda.com/parts/C0603C104K4RAC/KEMET/view-part/?ref=eda"; VariantName = "[No Variations]"
Add component (AddParameter): Name = "MF"; Value = "KEMET"; VariantName = "[No Variations]"
Add component (AddParameter): Name = "MP"; Value = "C0603C104K4RAC"; VariantName = "[No Variations]"
Add component (AddParameter): Name = "Package"; Value = "603-2 KEMET"; VariantName = "[No Variations]"
Add component (AddParameter): Name = "SnapEDA_Link"; Value = "https://www.snapeda.com/parts/C0603C104K4RAC/KEMET/view-part/?ref=snap"; VariantName = "[No Variations]"
Add component (AddParameter): Name = "Value"; Value = ""; VariantName = "[No Variations]"
Added Component: Designator=C16(CAPC1608X90N)
Add component (AddParameter): Name = "Check_prices"; Value = "https://www.snapeda.com/parts/C0603C104K4RAC/KEMET/view-part/?ref=eda"; VariantName = "[No Variations]"
Add component (AddParameter): Name = "MF"; Value = "KEMET"; VariantName = "[No Variations]"
Add component (AddParameter): Name = "MP"; Value = "C0603C104K4RAC"; VariantName = "[No Variations]"
Add component (AddParameter): Name = "Package"; Value = "603-2 KEMET"; VariantName = "[No Variations]"
Add component (AddParameter): Name = "SnapEDA_Link"; Value = "https://www.snapeda.com/parts/C0603C104K4RAC/KEMET/view-part/?ref=snap"; VariantName = "[No Variations]"
Add component (AddParameter): Name = "Value"; Value = ""; VariantName = "[No Variations]"
Added Component: Designator=C17(CAPC1608X90N)
Add component (AddParameter): Name = "Check_prices"; Value = "https://www.snapeda.com/parts/C0603C104K4RAC/KEMET/view-part/?ref=eda"; VariantName = "[No Variations]"
Add component (AddParameter): Name = "MF"; Value = "KEMET"; VariantName = "[No Variations]"
Add component (AddParameter): Name = "MP"; Value = "C0603C104K4RAC"; VariantName = "[No Variations]"
Add component (AddParameter): Name = "Package"; Value = "603-2 KEMET"; VariantName = "[No Variations]"
Add component (AddParameter): Name = "SnapEDA_Link"; Value = "https://www.snapeda.com/parts/C0603C104K4RAC/KEMET/view-part/?ref=snap"; VariantName = "[No Variations]"
Add component (AddParameter): Name = "Value"; Value = ""; VariantName = "[No Variations]"
Added Component: Designator=C18(CAPC1608X90N)
Add component (AddParameter): Name = "Check_prices"; Value = "https://www.snapeda.com/parts/C0603C104K4RAC/KEMET/view-part/?ref=eda"; VariantName = "[No Variations]"
Add component (AddParameter): Name = "MF"; Value = "KEMET"; VariantName = "[No Variations]"
Add component (AddParameter): Name = "MP"; Value = "C0603C104K4RAC"; VariantName = "[No Variations]"
Add component (AddParameter): Name = "Package"; Value = "603-2 KEMET"; VariantName = "[No Variations]"
Add component (AddParameter): Name = "SnapEDA_Link"; Value = "https://www.snapeda.com/parts/C0603C104K4RAC/KEMET/view-part/?ref=snap"; VariantName = "[No Variations]"
Add component (AddParameter): Name = "Value"; Value = ""; VariantName = "[No Variations]"
Added Component: Designator=C19(CAPC1608X90N)
Add component (AddParameter): Name = "Check_prices"; Value = "https://www.snapeda.com/parts/C0603C104K4RAC/KEMET/view-part/?ref=eda"; VariantName = "[No Variations]"
Add component (AddParameter): Name = "MF"; Value = "KEMET"; VariantName = "[No Variations]"
Add component (AddParameter): Name = "MP"; Value = "C0603C104K4RAC"; VariantName = "[No Variations]"
Add component (AddParameter): Name = "Package"; Value = "603-2 KEMET"; VariantName = "[No Variations]"
Add component (AddParameter): Name = "SnapEDA_Link"; Value = "https://www.snapeda.com/parts/C0603C104K4RAC/KEMET/view-part/?ref=snap"; VariantName = "[No Variations]"
Add component (AddParameter): Name = "Value"; Value = ""; VariantName = "[No Variations]"
Added Component: Designator=C20(CAPC1608X90N)
Add component (AddParameter): Name = "Check_prices"; Value = "https://www.snapeda.com/parts/C0603C104K4RAC/KEMET/view-part/?ref=eda"; VariantName = "[No Variations]"
Add component (AddParameter): Name = "MF"; Value = "KEMET"; VariantName = "[No Variations]"
Add component (AddParameter): Name = "MP"; Value = "C0603C104K4RAC"; VariantName = "[No Variations]"
Add component (AddParameter): Name = "Package"; Value = "603-2 KEMET"; VariantName = "[No Variations]"
Add component (AddParameter): Name = "SnapEDA_Link"; Value = "https://www.snapeda.com/parts/C0603C104K4RAC/KEMET/view-part/?ref=snap"; VariantName = "[No Variations]"
Add component (AddParameter): Name = "Value"; Value = ""; VariantName = "[No Variations]"
Added Component: Designator=C21(CAPC1608X90N)
Add component (AddParameter): Name = "Check_prices"; Value = "https://www.snapeda.com/parts/C0603C104K4RAC/KEMET/view-part/?ref=eda"; VariantName = "[No Variations]"
Add component (AddParameter): Name = "MF"; Value = "KEMET"; VariantName = "[No Variations]"
Add component (AddParameter): Name = "MP"; Value = "C0603C104K4RAC"; VariantName = "[No Variations]"
Add component (AddParameter): Name = "Package"; Value = "603-2 KEMET"; VariantName = "[No Variations]"
Add component (AddParameter): Name = "SnapEDA_Link"; Value = "https://www.snapeda.com/parts/C0603C104K4RAC/KEMET/view-part/?ref=snap"; VariantName = "[No Variations]"
Add component (AddParameter): Name = "Value"; Value = ""; VariantName = "[No Variations]"
Added Component: Designator=C22(CAPC1608X90N)
Add component (AddParameter): Name = "Check_prices"; Value = "https://www.snapeda.com/parts/C0603C104K4RAC/KEMET/view-part/?ref=eda"; VariantName = "[No Variations]"
Add component (AddParameter): Name = "MF"; Value = "KEMET"; VariantName = "[No Variations]"
Add component (AddParameter): Name = "MP"; Value = "C0603C104K4RAC"; VariantName = "[No Variations]"
Add component (AddParameter): Name = "Package"; Value = "603-2 KEMET"; VariantName = "[No Variations]"
Add component (AddParameter): Name = "SnapEDA_Link"; Value = "https://www.snapeda.com/parts/C0603C104K4RAC/KEMET/view-part/?ref=snap"; VariantName = "[No Variations]"
Add component (AddParameter): Name = "Value"; Value = ""; VariantName = "[No Variations]"
Added Component: Designator=C23(CAPC1608X90N)
Add component (AddParameter): Name = "Check_prices"; Value = "https://www.snapeda.com/parts/C0603C104K4RAC/KEMET/view-part/?ref=eda"; VariantName = "[No Variations]"
Add component (AddParameter): Name = "MF"; Value = "KEMET"; VariantName = "[No Variations]"
Add component (AddParameter): Name = "MP"; Value = "C0603C104K4RAC"; VariantName = "[No Variations]"
Add component (AddParameter): Name = "Package"; Value = "603-2 KEMET"; VariantName = "[No Variations]"
Add component (AddParameter): Name = "SnapEDA_Link"; Value = "https://www.snapeda.com/parts/C0603C104K4RAC/KEMET/view-part/?ref=snap"; VariantName = "[No Variations]"
Add component (AddParameter): Name = "Value"; Value = ""; VariantName = "[No Variations]"
Added Component: Designator=C24(CAPC1608X90N)
Add component (AddParameter): Name = "Check_prices"; Value = "https://www.snapeda.com/parts/C0603C104K4RAC/KEMET/view-part/?ref=eda"; VariantName = "[No Variations]"
Add component (AddParameter): Name = "MF"; Value = "KEMET"; VariantName = "[No Variations]"
Add component (AddParameter): Name = "MP"; Value = "C0603C104K4RAC"; VariantName = "[No Variations]"
Add component (AddParameter): Name = "Package"; Value = "603-2 KEMET"; VariantName = "[No Variations]"
Add component (AddParameter): Name = "SnapEDA_Link"; Value = "https://www.snapeda.com/parts/C0603C104K4RAC/KEMET/view-part/?ref=snap"; VariantName = "[No Variations]"
Add component (AddParameter): Name = "Value"; Value = ""; VariantName = "[No Variations]"
Added Component: Designator=C25(CAPC1608X90N)
Add component (AddParameter): Name = "Check_prices"; Value = "https://www.snapeda.com/parts/C0603C104K4RAC/KEMET/view-part/?ref=eda"; VariantName = "[No Variations]"
Add component (AddParameter): Name = "MF"; Value = "KEMET"; VariantName = "[No Variations]"
Add component (AddParameter): Name = "MP"; Value = "C0603C104K4RAC"; VariantName = "[No Variations]"
Add component (AddParameter): Name = "Package"; Value = "603-2 KEMET"; VariantName = "[No Variations]"
Add component (AddParameter): Name = "SnapEDA_Link"; Value = "https://www.snapeda.com/parts/C0603C104K4RAC/KEMET/view-part/?ref=snap"; VariantName = "[No Variations]"
Add component (AddParameter): Name = "Value"; Value = ""; VariantName = "[No Variations]"
Add Component: Footprint Not Found FP-403AE-MFG
Add Component: Footprint Not Found FP-403AE-MFG
Add Component: Footprint Not Found FP-403AE-MFG
Add Component: Footprint Not Found FP-403AE-MFG
Added Component: Designator=D5(WL-SMCW_1206)
Add component (AddParameter): Name = "Check_prices"; Value = "https://www.snapeda.com/parts/150120SS75000/Wurth+Electronics/view-part/?ref=eda"; VariantName = "[No Variations]"
Add component (AddParameter): Name = "MF"; Value = "Wurth Electronics"; VariantName = "[No Variations]"
Add component (AddParameter): Name = "MP"; Value = "150120SS75000"; VariantName = "[No Variations]"
Add component (AddParameter): Name = "Package"; Value = "1206 Wurth Electronics"; VariantName = "[No Variations]"
Add component (AddParameter): Name = "SnapEDA_Link"; Value = "https://www.snapeda.com/parts/150120SS75000/Wurth+Electronics/view-part/?ref=snap"; VariantName = "[No Variations]"
Add component (AddParameter): Name = "Value"; Value = ""; VariantName = "[No Variations]"
Added Component: Designator=D6(WL-SMCW_1206)
Add component (AddParameter): Name = "Check_prices"; Value = "https://www.snapeda.com/parts/150120SS75000/Wurth+Electronics/view-part/?ref=eda"; VariantName = "[No Variations]"
Add component (AddParameter): Name = "MF"; Value = "Wurth Electronics"; VariantName = "[No Variations]"
Add component (AddParameter): Name = "MP"; Value = "150120SS75000"; VariantName = "[No Variations]"
Add component (AddParameter): Name = "Package"; Value = "1206 Wurth Electronics"; VariantName = "[No Variations]"
Add component (AddParameter): Name = "SnapEDA_Link"; Value = "https://www.snapeda.com/parts/150120SS75000/Wurth+Electronics/view-part/?ref=snap"; VariantName = "[No Variations]"
Add component (AddParameter): Name = "Value"; Value = ""; VariantName = "[No Variations]"
Added Component: Designator=D7(WL-SMCW_1206)
Add component (AddParameter): Name = "Check_prices"; Value = "https://www.snapeda.com/parts/150120SS75000/Wurth+Electronics/view-part/?ref=eda"; VariantName = "[No Variations]"
Add component (AddParameter): Name = "MF"; Value = "Wurth Electronics"; VariantName = "[No Variations]"
Add component (AddParameter): Name = "MP"; Value = "150120SS75000"; VariantName = "[No Variations]"
Add component (AddParameter): Name = "Package"; Value = "1206 Wurth Electronics"; VariantName = "[No Variations]"
Add component (AddParameter): Name = "SnapEDA_Link"; Value = "https://www.snapeda.com/parts/150120SS75000/Wurth+Electronics/view-part/?ref=snap"; VariantName = "[No Variations]"
Add component (AddParameter): Name = "Value"; Value = ""; VariantName = "[No Variations]"
Added Component: Designator=D8(WL-SMCW_1206)
Add component (AddParameter): Name = "Check_prices"; Value = "https://www.snapeda.com/parts/150120SS75000/Wurth+Electronics/view-part/?ref=eda"; VariantName = "[No Variations]"
Add component (AddParameter): Name = "MF"; Value = "Wurth Electronics"; VariantName = "[No Variations]"
Add component (AddParameter): Name = "MP"; Value = "150120SS75000"; VariantName = "[No Variations]"
Add component (AddParameter): Name = "Package"; Value = "1206 Wurth Electronics"; VariantName = "[No Variations]"
Add component (AddParameter): Name = "SnapEDA_Link"; Value = "https://www.snapeda.com/parts/150120SS75000/Wurth+Electronics/view-part/?ref=snap"; VariantName = "[No Variations]"
Add component (AddParameter): Name = "Value"; Value = ""; VariantName = "[No Variations]"
Add Component: Footprint Not Found FP-B2B-XH-A_LF_SN-MFG
Add Component: Footprint Not Found FP-ESP32-WROOM-32E_M113EH-MFG
Added Component: Designator=Q1(TRANS_SS8050-G)
Add component (AddParameter): Name = "Check_prices"; Value = "https://www.snapeda.com/parts/SS8050G/Comchip/view-part/?ref=eda"; VariantName = "[No Variations]"
Add component (AddParameter): Name = "Digi-Key_Part_Number"; Value = "641-1790-2-ND"; VariantName = "[No Variations]"
Add component (AddParameter): Name = "MF"; Value = "Comchip"; VariantName = "[No Variations]"
Add component (AddParameter): Name = "MP"; Value = "SS8050G"; VariantName = "[No Variations]"
Add component (AddParameter): Name = "Package"; Value = "None"; VariantName = "[No Variations]"
Add component (AddParameter): Name = "SnapEDA_Link"; Value = "https://www.snapeda.com/parts/SS8050G/Comchip/view-part/?ref=snap"; VariantName = "[No Variations]"
Add component (AddParameter): Name = "Value"; Value = ""; VariantName = "[No Variations]"
Added Component: Designator=Q2(TRANS_SS8050-G)
Add component (AddParameter): Name = "Check_prices"; Value = "https://www.snapeda.com/parts/SS8050G/Comchip/view-part/?ref=eda"; VariantName = "[No Variations]"
Add component (AddParameter): Name = "Digi-Key_Part_Number"; Value = "641-1790-2-ND"; VariantName = "[No Variations]"
Add component (AddParameter): Name = "MF"; Value = "Comchip"; VariantName = "[No Variations]"
Add component (AddParameter): Name = "MP"; Value = "SS8050G"; VariantName = "[No Variations]"
Add component (AddParameter): Name = "Package"; Value = "None"; VariantName = "[No Variations]"
Add component (AddParameter): Name = "SnapEDA_Link"; Value = "https://www.snapeda.com/parts/SS8050G/Comchip/view-part/?ref=snap"; VariantName = "[No Variations]"
Add component (AddParameter): Name = "Value"; Value = ""; VariantName = "[No Variations]"
Added Component: Designator=R1(RES_ERJU03J5R6V)
Add component (AddParameter): Name = "Check_prices"; Value = "https://www.snapeda.com/parts/ERJ-U03J5R6V/Panasonic/view-part/?ref=eda"; VariantName = "[No Variations]"
Add component (AddParameter): Name = "MF"; Value = "Panasonic"; VariantName = "[No Variations]"
Add component (AddParameter): Name = "MP"; Value = "ERJ-U03J5R6V"; VariantName = "[No Variations]"
Add component (AddParameter): Name = "Package"; Value = "1608-2 Panasonic"; VariantName = "[No Variations]"
Add component (AddParameter): Name = "SnapEDA_Link"; Value = "https://www.snapeda.com/parts/ERJ-U03J5R6V/Panasonic/view-part/?ref=snap"; VariantName = "[No Variations]"
Add component (AddParameter): Name = "Value"; Value = ""; VariantName = "[No Variations]"
Added Component: Designator=R2(RES_ERJU03J5R6V)
Add component (AddParameter): Name = "Check_prices"; Value = "https://www.snapeda.com/parts/ERJ-U03J5R6V/Panasonic/view-part/?ref=eda"; VariantName = "[No Variations]"
Add component (AddParameter): Name = "MF"; Value = "Panasonic"; VariantName = "[No Variations]"
Add component (AddParameter): Name = "MP"; Value = "ERJ-U03J5R6V"; VariantName = "[No Variations]"
Add component (AddParameter): Name = "Package"; Value = "1608-2 Panasonic"; VariantName = "[No Variations]"
Add component (AddParameter): Name = "SnapEDA_Link"; Value = "https://www.snapeda.com/parts/ERJ-U03J5R6V/Panasonic/view-part/?ref=snap"; VariantName = "[No Variations]"
Add component (AddParameter): Name = "Value"; Value = ""; VariantName = "[No Variations]"
Added Component: Designator=R3(RES_ERJU03J5R6V)
Add component (AddParameter): Name = "Check_prices"; Value = "https://www.snapeda.com/parts/ERJ-U03J5R6V/Panasonic/view-part/?ref=eda"; VariantName = "[No Variations]"
Add component (AddParameter): Name = "MF"; Value = "Panasonic"; VariantName = "[No Variations]"
Add component (AddParameter): Name = "MP"; Value = "ERJ-U03J5R6V"; VariantName = "[No Variations]"
Add component (AddParameter): Name = "Package"; Value = "1608-2 Panasonic"; VariantName = "[No Variations]"
Add component (AddParameter): Name = "SnapEDA_Link"; Value = "https://www.snapeda.com/parts/ERJ-U03J5R6V/Panasonic/view-part/?ref=snap"; VariantName = "[No Variations]"
Add component (AddParameter): Name = "Value"; Value = ""; VariantName = "[No Variations]"
Added Component: Designator=R4(RES_ERJU03J5R6V)
Add component (AddParameter): Name = "Check_prices"; Value = "https://www.snapeda.com/parts/ERJ-U03J5R6V/Panasonic/view-part/?ref=eda"; VariantName = "[No Variations]"
Add component (AddParameter): Name = "MF"; Value = "Panasonic"; VariantName = "[No Variations]"
Add component (AddParameter): Name = "MP"; Value = "ERJ-U03J5R6V"; VariantName = "[No Variations]"
Add component (AddParameter): Name = "Package"; Value = "1608-2 Panasonic"; VariantName = "[No Variations]"
Add component (AddParameter): Name = "SnapEDA_Link"; Value = "https://www.snapeda.com/parts/ERJ-U03J5R6V/Panasonic/view-part/?ref=snap"; VariantName = "[No Variations]"
Add component (AddParameter): Name = "Value"; Value = ""; VariantName = "[No Variations]"
Added Component: Designator=R5(RES_ERJU03J5R6V)
Add component (AddParameter): Name = "Check_prices"; Value = "https://www.snapeda.com/parts/ERJ-U03J5R6V/Panasonic/view-part/?ref=eda"; VariantName = "[No Variations]"
Add component (AddParameter): Name = "MF"; Value = "Panasonic"; VariantName = "[No Variations]"
Add component (AddParameter): Name = "MP"; Value = "ERJ-U03J5R6V"; VariantName = "[No Variations]"
Add component (AddParameter): Name = "Package"; Value = "1608-2 Panasonic"; VariantName = "[No Variations]"
Add component (AddParameter): Name = "SnapEDA_Link"; Value = "https://www.snapeda.com/parts/ERJ-U03J5R6V/Panasonic/view-part/?ref=snap"; VariantName = "[No Variations]"
Add component (AddParameter): Name = "Value"; Value = ""; VariantName = "[No Variations]"
Added Component: Designator=R6(RES_ERJU03J5R6V)
Add component (AddParameter): Name = "Check_prices"; Value = "https://www.snapeda.com/parts/ERJ-U03J5R6V/Panasonic/view-part/?ref=eda"; VariantName = "[No Variations]"
Add component (AddParameter): Name = "MF"; Value = "Panasonic"; VariantName = "[No Variations]"
Add component (AddParameter): Name = "MP"; Value = "ERJ-U03J5R6V"; VariantName = "[No Variations]"
Add component (AddParameter): Name = "Package"; Value = "1608-2 Panasonic"; VariantName = "[No Variations]"
Add component (AddParameter): Name = "SnapEDA_Link"; Value = "https://www.snapeda.com/parts/ERJ-U03J5R6V/Panasonic/view-part/?ref=snap"; VariantName = "[No Variations]"
Add component (AddParameter): Name = "Value"; Value = ""; VariantName = "[No Variations]"
Added Component: Designator=R7(RES_ERJU03J5R6V)
Add component (AddParameter): Name = "Check_prices"; Value = "https://www.snapeda.com/parts/ERJ-U03J5R6V/Panasonic/view-part/?ref=eda"; VariantName = "[No Variations]"
Add component (AddParameter): Name = "MF"; Value = "Panasonic"; VariantName = "[No Variations]"
Add component (AddParameter): Name = "MP"; Value = "ERJ-U03J5R6V"; VariantName = "[No Variations]"
Add component (AddParameter): Name = "Package"; Value = "1608-2 Panasonic"; VariantName = "[No Variations]"
Add component (AddParameter): Name = "SnapEDA_Link"; Value = "https://www.snapeda.com/parts/ERJ-U03J5R6V/Panasonic/view-part/?ref=snap"; VariantName = "[No Variations]"
Add component (AddParameter): Name = "Value"; Value = ""; VariantName = "[No Variations]"
Added Component: Designator=R8(RES_ERJU03J5R6V)
Add component (AddParameter): Name = "Check_prices"; Value = "https://www.snapeda.com/parts/ERJ-U03J5R6V/Panasonic/view-part/?ref=eda"; VariantName = "[No Variations]"
Add component (AddParameter): Name = "MF"; Value = "Panasonic"; VariantName = "[No Variations]"
Add component (AddParameter): Name = "MP"; Value = "ERJ-U03J5R6V"; VariantName = "[No Variations]"
Add component (AddParameter): Name = "Package"; Value = "1608-2 Panasonic"; VariantName = "[No Variations]"
Add component (AddParameter): Name = "SnapEDA_Link"; Value = "https://www.snapeda.com/parts/ERJ-U03J5R6V/Panasonic/view-part/?ref=snap"; VariantName = "[No Variations]"
Add component (AddParameter): Name = "Value"; Value = ""; VariantName = "[No Variations]"
Added Component: Designator=R9(RES_ERJU03J5R6V)
Add component (AddParameter): Name = "Check_prices"; Value = "https://www.snapeda.com/parts/ERJ-U03J5R6V/Panasonic/view-part/?ref=eda"; VariantName = "[No Variations]"
Add component (AddParameter): Name = "MF"; Value = "Panasonic"; VariantName = "[No Variations]"
Add component (AddParameter): Name = "MP"; Value = "ERJ-U03J5R6V"; VariantName = "[No Variations]"
Add component (AddParameter): Name = "Package"; Value = "1608-2 Panasonic"; VariantName = "[No Variations]"
Add component (AddParameter): Name = "SnapEDA_Link"; Value = "https://www.snapeda.com/parts/ERJ-U03J5R6V/Panasonic/view-part/?ref=snap"; VariantName = "[No Variations]"
Add component (AddParameter): Name = "Value"; Value = ""; VariantName = "[No Variations]"
Added Component: Designator=R10(RES_ERJU03J5R6V)
Add component (AddParameter): Name = "Check_prices"; Value = "https://www.snapeda.com/parts/ERJ-U03J5R6V/Panasonic/view-part/?ref=eda"; VariantName = "[No Variations]"
Add component (AddParameter): Name = "MF"; Value = "Panasonic"; VariantName = "[No Variations]"
Add component (AddParameter): Name = "MP"; Value = "ERJ-U03J5R6V"; VariantName = "[No Variations]"
Add component (AddParameter): Name = "Package"; Value = "1608-2 Panasonic"; VariantName = "[No Variations]"
Add component (AddParameter): Name = "SnapEDA_Link"; Value = "https://www.snapeda.com/parts/ERJ-U03J5R6V/Panasonic/view-part/?ref=snap"; VariantName = "[No Variations]"
Add component (AddParameter): Name = "Value"; Value = ""; VariantName = "[No Variations]"
Added Component: Designator=R11(RES_ERJU03J5R6V)
Add component (AddParameter): Name = "Check_prices"; Value = "https://www.snapeda.com/parts/ERJ-U03J5R6V/Panasonic/view-part/?ref=eda"; VariantName = "[No Variations]"
Add component (AddParameter): Name = "MF"; Value = "Panasonic"; VariantName = "[No Variations]"
Add component (AddParameter): Name = "MP"; Value = "ERJ-U03J5R6V"; VariantName = "[No Variations]"
Add component (AddParameter): Name = "Package"; Value = "1608-2 Panasonic"; VariantName = "[No Variations]"
Add component (AddParameter): Name = "SnapEDA_Link"; Value = "https://www.snapeda.com/parts/ERJ-U03J5R6V/Panasonic/view-part/?ref=snap"; VariantName = "[No Variations]"
Add component (AddParameter): Name = "Value"; Value = ""; VariantName = "[No Variations]"
Added Component: Designator=R12(RES_ERJU03J5R6V)
Add component (AddParameter): Name = "Check_prices"; Value = "https://www.snapeda.com/parts/ERJ-U03J5R6V/Panasonic/view-part/?ref=eda"; VariantName = "[No Variations]"
Add component (AddParameter): Name = "MF"; Value = "Panasonic"; VariantName = "[No Variations]"
Add component (AddParameter): Name = "MP"; Value = "ERJ-U03J5R6V"; VariantName = "[No Variations]"
Add component (AddParameter): Name = "Package"; Value = "1608-2 Panasonic"; VariantName = "[No Variations]"
Add component (AddParameter): Name = "SnapEDA_Link"; Value = "https://www.snapeda.com/parts/ERJ-U03J5R6V/Panasonic/view-part/?ref=snap"; VariantName = "[No Variations]"
Add component (AddParameter): Name = "Value"; Value = ""; VariantName = "[No Variations]"
Added Component: Designator=R13(RES_ERJU03J5R6V)
Add component (AddParameter): Name = "Check_prices"; Value = "https://www.snapeda.com/parts/ERJ-U03J5R6V/Panasonic/view-part/?ref=eda"; VariantName = "[No Variations]"
Add component (AddParameter): Name = "MF"; Value = "Panasonic"; VariantName = "[No Variations]"
Add component (AddParameter): Name = "MP"; Value = "ERJ-U03J5R6V"; VariantName = "[No Variations]"
Add component (AddParameter): Name = "Package"; Value = "1608-2 Panasonic"; VariantName = "[No Variations]"
Add component (AddParameter): Name = "SnapEDA_Link"; Value = "https://www.snapeda.com/parts/ERJ-U03J5R6V/Panasonic/view-part/?ref=snap"; VariantName = "[No Variations]"
Add component (AddParameter): Name = "Value"; Value = ""; VariantName = "[No Variations]"
Added Component: Designator=R14(RES_ERJU03J5R6V)
Add component (AddParameter): Name = "Check_prices"; Value = "https://www.snapeda.com/parts/ERJ-U03J5R6V/Panasonic/view-part/?ref=eda"; VariantName = "[No Variations]"
Add component (AddParameter): Name = "MF"; Value = "Panasonic"; VariantName = "[No Variations]"
Add component (AddParameter): Name = "MP"; Value = "ERJ-U03J5R6V"; VariantName = "[No Variations]"
Add component (AddParameter): Name = "Package"; Value = "1608-2 Panasonic"; VariantName = "[No Variations]"
Add component (AddParameter): Name = "SnapEDA_Link"; Value = "https://www.snapeda.com/parts/ERJ-U03J5R6V/Panasonic/view-part/?ref=snap"; VariantName = "[No Variations]"
Add component (AddParameter): Name = "Value"; Value = ""; VariantName = "[No Variations]"
Added Component: Designator=R15(RES_ERJU03J5R6V)
Add component (AddParameter): Name = "Check_prices"; Value = "https://www.snapeda.com/parts/ERJ-U03J5R6V/Panasonic/view-part/?ref=eda"; VariantName = "[No Variations]"
Add component (AddParameter): Name = "MF"; Value = "Panasonic"; VariantName = "[No Variations]"
Add component (AddParameter): Name = "MP"; Value = "ERJ-U03J5R6V"; VariantName = "[No Variations]"
Add component (AddParameter): Name = "Package"; Value = "1608-2 Panasonic"; VariantName = "[No Variations]"
Add component (AddParameter): Name = "SnapEDA_Link"; Value = "https://www.snapeda.com/parts/ERJ-U03J5R6V/Panasonic/view-part/?ref=snap"; VariantName = "[No Variations]"
Add component (AddParameter): Name = "Value"; Value = ""; VariantName = "[No Variations]"
Added Component: Designator=R16(RES_ERJU03J5R6V)
Add component (AddParameter): Name = "Check_prices"; Value = "https://www.snapeda.com/parts/ERJ-U03J5R6V/Panasonic/view-part/?ref=eda"; VariantName = "[No Variations]"
Add component (AddParameter): Name = "MF"; Value = "Panasonic"; VariantName = "[No Variations]"
Add component (AddParameter): Name = "MP"; Value = "ERJ-U03J5R6V"; VariantName = "[No Variations]"
Add component (AddParameter): Name = "Package"; Value = "1608-2 Panasonic"; VariantName = "[No Variations]"
Add component (AddParameter): Name = "SnapEDA_Link"; Value = "https://www.snapeda.com/parts/ERJ-U03J5R6V/Panasonic/view-part/?ref=snap"; VariantName = "[No Variations]"
Add component (AddParameter): Name = "Value"; Value = ""; VariantName = "[No Variations]"
Added Component: Designator=R17(RES_ERJU03J5R6V)
Add component (AddParameter): Name = "Check_prices"; Value = "https://www.snapeda.com/parts/ERJ-U03J5R6V/Panasonic/view-part/?ref=eda"; VariantName = "[No Variations]"
Add component (AddParameter): Name = "MF"; Value = "Panasonic"; VariantName = "[No Variations]"
Add component (AddParameter): Name = "MP"; Value = "ERJ-U03J5R6V"; VariantName = "[No Variations]"
Add component (AddParameter): Name = "Package"; Value = "1608-2 Panasonic"; VariantName = "[No Variations]"
Add component (AddParameter): Name = "SnapEDA_Link"; Value = "https://www.snapeda.com/parts/ERJ-U03J5R6V/Panasonic/view-part/?ref=snap"; VariantName = "[No Variations]"
Add component (AddParameter): Name = "Value"; Value = ""; VariantName = "[No Variations]"
Added Component: Designator=R18(RES_ERJU03J5R6V)
Add component (AddParameter): Name = "Check_prices"; Value = "https://www.snapeda.com/parts/ERJ-U03J5R6V/Panasonic/view-part/?ref=eda"; VariantName = "[No Variations]"
Add component (AddParameter): Name = "MF"; Value = "Panasonic"; VariantName = "[No Variations]"
Add component (AddParameter): Name = "MP"; Value = "ERJ-U03J5R6V"; VariantName = "[No Variations]"
Add component (AddParameter): Name = "Package"; Value = "1608-2 Panasonic"; VariantName = "[No Variations]"
Add component (AddParameter): Name = "SnapEDA_Link"; Value = "https://www.snapeda.com/parts/ERJ-U03J5R6V/Panasonic/view-part/?ref=snap"; VariantName = "[No Variations]"
Add component (AddParameter): Name = "Value"; Value = ""; VariantName = "[No Variations]"
Added Component: Designator=R19(RES_ERJU03J5R6V)
Add component (AddParameter): Name = "Check_prices"; Value = "https://www.snapeda.com/parts/ERJ-U03J5R6V/Panasonic/view-part/?ref=eda"; VariantName = "[No Variations]"
Add component (AddParameter): Name = "MF"; Value = "Panasonic"; VariantName = "[No Variations]"
Add component (AddParameter): Name = "MP"; Value = "ERJ-U03J5R6V"; VariantName = "[No Variations]"
Add component (AddParameter): Name = "Package"; Value = "1608-2 Panasonic"; VariantName = "[No Variations]"
Add component (AddParameter): Name = "SnapEDA_Link"; Value = "https://www.snapeda.com/parts/ERJ-U03J5R6V/Panasonic/view-part/?ref=snap"; VariantName = "[No Variations]"
Add component (AddParameter): Name = "Value"; Value = ""; VariantName = "[No Variations]"
Added Component: Designator=R20(RES_ERJU03J5R6V)
Add component (AddParameter): Name = "Check_prices"; Value = "https://www.snapeda.com/parts/ERJ-U03J5R6V/Panasonic/view-part/?ref=eda"; VariantName = "[No Variations]"
Add component (AddParameter): Name = "MF"; Value = "Panasonic"; VariantName = "[No Variations]"
Add component (AddParameter): Name = "MP"; Value = "ERJ-U03J5R6V"; VariantName = "[No Variations]"
Add component (AddParameter): Name = "Package"; Value = "1608-2 Panasonic"; VariantName = "[No Variations]"
Add component (AddParameter): Name = "SnapEDA_Link"; Value = "https://www.snapeda.com/parts/ERJ-U03J5R6V/Panasonic/view-part/?ref=snap"; VariantName = "[No Variations]"
Add component (AddParameter): Name = "Value"; Value = ""; VariantName = "[No Variations]"
Added Component: Designator=R21(RES_ERJU03J5R6V)
Add component (AddParameter): Name = "Check_prices"; Value = "https://www.snapeda.com/parts/ERJ-U03J5R6V/Panasonic/view-part/?ref=eda"; VariantName = "[No Variations]"
Add component (AddParameter): Name = "MF"; Value = "Panasonic"; VariantName = "[No Variations]"
Add component (AddParameter): Name = "MP"; Value = "ERJ-U03J5R6V"; VariantName = "[No Variations]"
Add component (AddParameter): Name = "Package"; Value = "1608-2 Panasonic"; VariantName = "[No Variations]"
Add component (AddParameter): Name = "SnapEDA_Link"; Value = "https://www.snapeda.com/parts/ERJ-U03J5R6V/Panasonic/view-part/?ref=snap"; VariantName = "[No Variations]"
Add component (AddParameter): Name = "Value"; Value = ""; VariantName = "[No Variations]"
Added Component: Designator=R22(RES_ERJU03J5R6V)
Add component (AddParameter): Name = "Check_prices"; Value = "https://www.snapeda.com/parts/ERJ-U03J5R6V/Panasonic/view-part/?ref=eda"; VariantName = "[No Variations]"
Add component (AddParameter): Name = "MF"; Value = "Panasonic"; VariantName = "[No Variations]"
Add component (AddParameter): Name = "MP"; Value = "ERJ-U03J5R6V"; VariantName = "[No Variations]"
Add component (AddParameter): Name = "Package"; Value = "1608-2 Panasonic"; VariantName = "[No Variations]"
Add component (AddParameter): Name = "SnapEDA_Link"; Value = "https://www.snapeda.com/parts/ERJ-U03J5R6V/Panasonic/view-part/?ref=snap"; VariantName = "[No Variations]"
Add component (AddParameter): Name = "Value"; Value = ""; VariantName = "[No Variations]"
Add Component: Footprint Not Found FP-CR0603-IPC_A
Added Component: Designator=SW1(SW_B3U-1000P)
Add component (AddParameter): Name = "Availability"; Value = "Unavailable"; VariantName = "[No Variations]"
Add component (AddParameter): Name = "MF"; Value = ""; VariantName = "[No Variations]"
Add component (AddParameter): Name = "MP"; Value = "B3U-1000P"; VariantName = "[No Variations]"
Add component (AddParameter): Name = "Package"; Value = "None"; VariantName = "[No Variations]"
Add component (AddParameter): Name = "Price"; Value = "None"; VariantName = "[No Variations]"
Add component (AddParameter): Name = "Value"; Value = ""; VariantName = "[No Variations]"
Added Component: Designator=SW2(SW_B3U-1000P)
Add component (AddParameter): Name = "Availability"; Value = "Unavailable"; VariantName = "[No Variations]"
Add component (AddParameter): Name = "MF"; Value = ""; VariantName = "[No Variations]"
Add component (AddParameter): Name = "MP"; Value = "B3U-1000P"; VariantName = "[No Variations]"
Add component (AddParameter): Name = "Package"; Value = "None"; VariantName = "[No Variations]"
Add component (AddParameter): Name = "Price"; Value = "None"; VariantName = "[No Variations]"
Add component (AddParameter): Name = "Value"; Value = ""; VariantName = "[No Variations]"
Added Component: Designator=SW3(SW_B3U-1000P)
Add component (AddParameter): Name = "Availability"; Value = "Unavailable"; VariantName = "[No Variations]"
Add component (AddParameter): Name = "MF"; Value = ""; VariantName = "[No Variations]"
Add component (AddParameter): Name = "MP"; Value = "B3U-1000P"; VariantName = "[No Variations]"
Add component (AddParameter): Name = "Package"; Value = "None"; VariantName = "[No Variations]"
Add component (AddParameter): Name = "Price"; Value = "None"; VariantName = "[No Variations]"
Add component (AddParameter): Name = "Value"; Value = ""; VariantName = "[No Variations]"
Add Component: Footprint Not Found FP-NX3225SA-MFG
Added Pin To Net: NetName=GND Pin=C1-1
Added Pin To Net: NetName=+5V Pin=C1-2
Added Pin To Net: NetName=GND Pin=C2-1
Added Pin To Net: NetName=NetC2_2 Pin=C2-2
Added Pin To Net: NetName=GND Pin=C3-1
Added Pin To Net: NetName=+VBIN Pin=C3-2
Added Pin To Net: NetName=GND Pin=C4-1
Added Pin To Net: NetName=NetC4_2 Pin=C4-2
Added Pin To Net: NetName=+3V3 Pin=C5-1
Added Pin To Net: NetName=GND Pin=C5-2
Added Pin To Net: NetName=+5V Pin=C6-1
Added Pin To Net: NetName=GND Pin=C6-2
Added Pin To Net: NetName=+3V3 Pin=C7-1
Added Pin To Net: NetName=GND Pin=C7-2
Added Pin To Net: NetName=+3V3 Pin=C8-1
Added Pin To Net: NetName=GND Pin=C8-2
Added Pin To Net: NetName=+3V3 Pin=C9-1
Added Pin To Net: NetName=GND Pin=C9-2
Added Pin To Net: NetName=+3V3 Pin=C10-1
Added Pin To Net: NetName=GND Pin=C10-2
Added Pin To Net: NetName=+3V3 Pin=C11-1
Added Pin To Net: NetName=GND Pin=C11-2
Added Pin To Net: NetName=+3V3 Pin=C12-1
Added Pin To Net: NetName=GND Pin=C12-2
Added Pin To Net: NetName=+3V3 Pin=C13-1
Added Pin To Net: NetName=GND Pin=C13-2
Added Pin To Net: NetName=GND Pin=C14-1
Added Pin To Net: NetName=+3V3 Pin=C14-2
Added Pin To Net: NetName=GND Pin=C15-1
Added Pin To Net: NetName=+1V1 Pin=C15-2
Added Pin To Net: NetName=GND Pin=C16-1
Added Pin To Net: NetName=+3V3 Pin=C16-2
Added Pin To Net: NetName=+1V1 Pin=C17-1
Added Pin To Net: NetName=GND Pin=C17-2
Added Pin To Net: NetName=NetC18_1 Pin=C18-1
Added Pin To Net: NetName=GND Pin=C18-2
Added Pin To Net: NetName=NetC19_1 Pin=C19-1
Added Pin To Net: NetName=GND Pin=C19-2
Added Pin To Net: NetName=+BATT Pin=C20-1
Added Pin To Net: NetName=GND Pin=C20-2
Added Pin To Net: NetName=NetC21_1 Pin=C21-1
Added Pin To Net: NetName=GND Pin=C21-2
Added Pin To Net: NetName=+1V1 Pin=C22-1
Added Pin To Net: NetName=GND Pin=C22-2
Added Pin To Net: NetName=+1V1 Pin=C23-1
Added Pin To Net: NetName=GND Pin=C23-2
Added Pin To Net: NetName=GND Pin=C24-1
Added Pin To Net: NetName=+3V3 Pin=C24-2
Added Pin To Net: NetName=+3V3 Pin=C25-1
Added Pin To Net: NetName=GND Pin=C25-2
Add Pin To Net: Unknown Pin: Pin D1-1
Add Pin To Net: Unknown Pin: Pin D1-2
Add Pin To Net: Unknown Pin: Pin D2-1
Add Pin To Net: Unknown Pin: Pin D2-2
Add Pin To Net: Unknown Pin: Pin D3-1
Add Pin To Net: Unknown Pin: Pin D3-2
Add Pin To Net: Unknown Pin: Pin D4-1
Add Pin To Net: Unknown Pin: Pin D4-2
Added Pin To Net: NetName=NetD5_1 Pin=D5-1
Added Pin To Net: NetName=+VBIN Pin=D5-2
Added Pin To Net: NetName=NetD6_1 Pin=D6-1
Added Pin To Net: NetName=+5V Pin=D6-2
Added Pin To Net: NetName=NetD7_1 Pin=D7-1
Added Pin To Net: NetName=+5V Pin=D7-2
Added Pin To Net: NetName=NetD8_1 Pin=D8-1
Added Pin To Net: NetName=NetD8_2 Pin=D8-2
Add Pin To Net: Unknown Pin: Pin J1-1
Add Pin To Net: Unknown Pin: Pin J1-2
Add Pin To Net: Unknown Pin: Pin MD1-1
Add Pin To Net: Unknown Pin: Pin MD1-2
Add Pin To Net: Unknown Pin: Pin MD1-3
Add Pin To Net: Unknown Pin: Pin MD1-15
Add Pin To Net: Unknown Pin: Pin MD1-25
Add Pin To Net: Unknown Pin: Pin MD1-27
Add Pin To Net: Unknown Pin: Pin MD1-28
Add Pin To Net: Unknown Pin: Pin MD1-34
Add Pin To Net: Unknown Pin: Pin MD1-35
Add Pin To Net: Unknown Pin: Pin MD1-38
Add Pin To Net: Unknown Pin: Pin MD1-39
Add Pin To Net: Unknown Pin: Pin MD2-1
Add Pin To Net: Unknown Pin: Pin MD2-3
Add Pin To Net: Unknown Pin: Pin MD2-4
Add Pin To Net: Unknown Pin: Pin MD2-5
Added Pin To Net: NetName=NetQ1_1 Pin=Q1-1
Added Pin To Net: NetName=NetQ1_2 Pin=Q1-2
Added Pin To Net: NetName=NetMD1_3 Pin=Q1-3
Added Pin To Net: NetName=NetQ2_1 Pin=Q2-1
Added Pin To Net: NetName=NetQ2_2 Pin=Q2-2
Added Pin To Net: NetName=NetMD1_25 Pin=Q2-3
Added Pin To Net: NetName=GND Pin=R1-1
Added Pin To Net: NetName=NetJ2_A5 Pin=R1-2
Added Pin To Net: NetName=GND Pin=R2-1
Added Pin To Net: NetName=NetJ3_A5 Pin=R2-2
Added Pin To Net: NetName=NetR3_1 Pin=R3-1
Added Pin To Net: NetName=NetJ2_A6 Pin=R3-2
Added Pin To Net: NetName=NetR4_1 Pin=R4-1
Added Pin To Net: NetName=NetJ3_A6 Pin=R4-2
Added Pin To Net: NetName=NetR5_1 Pin=R5-1
Added Pin To Net: NetName=NetJ2_A7 Pin=R5-2
Added Pin To Net: NetName=NetJ2_B5 Pin=R6-1
Added Pin To Net: NetName=GND Pin=R6-2
Added Pin To Net: NetName=NetJ3_B5 Pin=R7-1
Added Pin To Net: NetName=GND Pin=R7-2
Added Pin To Net: NetName=NetR8_1 Pin=R8-1
Added Pin To Net: NetName=NetJ3_A7 Pin=R8-2
Added Pin To Net: NetName=+3V3 Pin=R9-1
Added Pin To Net: NetName=NetR3_1 Pin=R9-2
Added Pin To Net: NetName=+3V3 Pin=R10-1
Added Pin To Net: NetName=NetR4_1 Pin=R10-2
Added Pin To Net: NetName=NetD5_1 Pin=R11-1
Added Pin To Net: NetName=GND Pin=R11-2
Added Pin To Net: NetName=+3V3 Pin=R12-1
Added Pin To Net: NetName=NetR12_2 Pin=R12-2
Added Pin To Net: NetName=NetR12_2 Pin=R13-1
Added Pin To Net: NetName=+1V1 Pin=R13-2
Added Pin To Net: NetName=GND Pin=R14-1
Added Pin To Net: NetName=NetR14_2 Pin=R14-2
Added Pin To Net: NetName=NetQ2_2 Pin=R15-1
Added Pin To Net: NetName=NetQ1_1 Pin=R15-2
Added Pin To Net: NetName=NetQ1_2 Pin=R16-1
Added Pin To Net: NetName=NetQ2_1 Pin=R16-2
Added Pin To Net: NetName=NetD7_1 Pin=R17-1
Added Pin To Net: NetName=GND Pin=R17-2
Added Pin To Net: NetName=NetD6_1 Pin=R18-1
Added Pin To Net: NetName=GND Pin=R18-2
Added Pin To Net: NetName=NetR19_1 Pin=R19-1
Added Pin To Net: NetName=NetC19_1 Pin=R19-2
Added Pin To Net: NetName=+BATT Pin=R20-1
Added Pin To Net: NetName=NetC21_1 Pin=R20-2
Added Pin To Net: NetName=NetR21_1 Pin=R21-1
Added Pin To Net: NetName=GND Pin=R21-2
Added Pin To Net: NetName=NetD8_1 Pin=R22-1
Added Pin To Net: NetName=GND Pin=R22-2
Add Pin To Net: Unknown Pin: Pin R23-1
Add Pin To Net: Unknown Pin: Pin R23-2
Added Pin To Net: NetName=GND Pin=SW1-1
Added Pin To Net: NetName=NetMD1_3 Pin=SW1-2
Added Pin To Net: NetName=GND Pin=SW2-1
Added Pin To Net: NetName=NetMD1_25 Pin=SW2-2
Added Pin To Net: NetName=GND Pin=SW3-1
Added Pin To Net: NetName=NetR23_1 Pin=SW3-2
Added Pin To Net: NetName=+1V1 Pin=U5-43
Add Pin To Net: Unknown Pin: Pin Y1-1
Add Pin To Net: Unknown Pin: Pin Y1-2
Add Pin To Net: Unknown Pin: Pin Y1-3
Add Pin To Net: Unknown Pin: Pin Y1-4
Added Member To Class: ClassName=schematic (upgrade) Member=Component C1 10uF
Added Member To Class: ClassName=schematic (upgrade) Member=Component C2 10uF
Added Member To Class: ClassName=schematic (upgrade) Member=Component C3 10uF
Added Member To Class: ClassName=schematic (upgrade) Member=Component C4 10uF
Added Member To Class: ClassName=schematic (upgrade) Member=Component C5 100nF
Added Member To Class: ClassName=schematic (upgrade) Member=Component C6 100nF
Added Member To Class: ClassName=schematic (upgrade) Member=Component C7 100nF
Added Member To Class: ClassName=schematic (upgrade) Member=Component C8 100nF
Added Member To Class: ClassName=schematic (upgrade) Member=Component C9 100nF
Added Member To Class: ClassName=schematic (upgrade) Member=Component C10 100nF
Added Member To Class: ClassName=schematic (upgrade) Member=Component C11 100nF
Added Member To Class: ClassName=schematic (upgrade) Member=Component C12 100nF
Added Member To Class: ClassName=schematic (upgrade) Member=Component C13 100nF
Added Member To Class: ClassName=schematic (upgrade) Member=Component C14 2.2uF
Added Member To Class: ClassName=schematic (upgrade) Member=Component C15 2.2uF
Added Member To Class: ClassName=schematic (upgrade) Member=Component C16 100nF
Added Member To Class: ClassName=schematic (upgrade) Member=Component C17 2.2uF
Added Member To Class: ClassName=schematic (upgrade) Member=Component C18 15pF
Added Member To Class: ClassName=schematic (upgrade) Member=Component C19 15pF
Added Member To Class: ClassName=schematic (upgrade) Member=Component C20 10uF
Added Member To Class: ClassName=schematic (upgrade) Member=Component C21 100nF
Added Member To Class: ClassName=schematic (upgrade) Member=Component C22 100nF
Added Member To Class: ClassName=schematic (upgrade) Member=Component C23 100nF
Added Member To Class: ClassName=schematic (upgrade) Member=Component C24 2.2uF
Added Member To Class: ClassName=schematic (upgrade) Member=Component C25 100nF
Add Class Member: Failed to add class member : Component D1 SS24
Add Class Member: Failed to add class member : Component D2 SS14
Add Class Member: Failed to add class member : Component D3 SS14
Add Class Member: Failed to add class member : Component D4 SS24
Added Member To Class: ClassName=schematic (upgrade) Member=Component D5 PWR LED
Added Member To Class: ClassName=schematic (upgrade) Member=Component D6 PWR LED
Added Member To Class: ClassName=schematic (upgrade) Member=Component D7 PWR LED
Added Member To Class: ClassName=schematic (upgrade) Member=Component D8 PWR LED
Add Class Member: Failed to add class member : Component J1 B2B-XH-A(LF)(SN)
Add Class Member: Failed to add class member : Component MD1 ESP32-WROOM-32E(M113EH3200PH3Q0)
Added Member To Class: ClassName=schematic (upgrade) Member=Component Q1 SS8050-G
Added Member To Class: ClassName=schematic (upgrade) Member=Component Q2 SS8050-G
Added Member To Class: ClassName=schematic (upgrade) Member=Component R1 ERJU03J5R6V
Added Member To Class: ClassName=schematic (upgrade) Member=Component R2 ERJU03J5R6V
Added Member To Class: ClassName=schematic (upgrade) Member=Component R3 ERJU03J5R6V
Added Member To Class: ClassName=schematic (upgrade) Member=Component R4 ERJU03J5R6V
Added Member To Class: ClassName=schematic (upgrade) Member=Component R5 ERJU03J5R6V
Added Member To Class: ClassName=schematic (upgrade) Member=Component R6 ERJU03J5R6V
Added Member To Class: ClassName=schematic (upgrade) Member=Component R7 ERJU03J5R6V
Added Member To Class: ClassName=schematic (upgrade) Member=Component R8 ERJU03J5R6V
Added Member To Class: ClassName=schematic (upgrade) Member=Component R9 ERJU03J5R6V
Added Member To Class: ClassName=schematic (upgrade) Member=Component R10 ERJU03J5R6V
Added Member To Class: ClassName=schematic (upgrade) Member=Component R11 ERJU03J5R6V
Added Member To Class: ClassName=schematic (upgrade) Member=Component R12 ERJU03J5R6V
Added Member To Class: ClassName=schematic (upgrade) Member=Component R13 ERJU03J5R6V
Added Member To Class: ClassName=schematic (upgrade) Member=Component R14 ERJU03J5R6V
Added Member To Class: ClassName=schematic (upgrade) Member=Component R15 ERJU03J5R6V
Added Member To Class: ClassName=schematic (upgrade) Member=Component R16 ERJU03J5R6V
Added Member To Class: ClassName=schematic (upgrade) Member=Component R17 ERJU03J5R6V
Added Member To Class: ClassName=schematic (upgrade) Member=Component R18 ERJU03J5R6V
Added Member To Class: ClassName=schematic (upgrade) Member=Component R19 ERJU03J5R6V
Added Member To Class: ClassName=schematic (upgrade) Member=Component R20 ERJU03J5R6V
Added Member To Class: ClassName=schematic (upgrade) Member=Component R21 ERJU03J5R6V
Added Member To Class: ClassName=schematic (upgrade) Member=Component R22 ERJU03J5R6V
Add Class Member: Failed to add class member : Component R23 1K
Added Member To Class: ClassName=schematic (upgrade) Member=Component SW1 B3U-1000P
Added Member To Class: ClassName=schematic (upgrade) Member=Component SW2 B3U-1000P
Added Member To Class: ClassName=schematic (upgrade) Member=Component SW3 B3U-1000P
Add Class Member: Failed to add class member : Component Y1 NX3225SA-12.000M-STD-CRS-2
