Add Component: Footprint Not Found CAPC3216X180X55ML20T25
Add Component: Footprint Not Found CAPC3216X180X55ML20T25
Add Component: Footprint Not Found CAPC3216X180X55ML20T25
Add Component: Footprint Not Found CAPC3216X180X55ML20T25
Add Component: Footprint Not Found MURA-0603_H_0.9_M
Add Component: Footprint Not Found MURA-0603_H_0.9_M
Add Component: Footprint Not Found MURA-0603_H_0.9_M
Add Component: Footprint Not Found MURA-0603_H_0.9_M
Add Component: Footprint Not Found MURA-0603_H_0.9_M
Add Component: Footprint Not Found MURA-0603_H_0.9_M
Add Component: Footprint Not Found MURA-0603_H_0.9_M
Add Component: Footprint Not Found MURA-0603_H_0.9_M
Add Component: Footprint Not Found MURA-0603_H_0.9_M
Add Component: Footprint Not Found FP-GRM188-0_1-e0_2_0_5-IPC_A
Add Component: Footprint Not Found FP-GRM188-0_1-e0_2_0_5-IPC_A
Add Component: Footprint Not Found MURA-0603_H_0.9_M
Add Component: Footprint Not Found FP-GRM188-0_1-e0_2_0_5-IPC_A
Add Component: Footprint Not Found MURA-0603_H_0.9_M
Add Component: Footprint Not Found MURA-0603_H_0.9_M
Add Component: Footprint Not Found CAPC1206(3216)190_M
Add Component: Footprint Not Found MURA-0603_H_0.9_M
Add Component: Footprint Not Found MURA-0603_H_0.9_M
Add Component: Footprint Not Found MURA-0603_H_0.9_M
Add Component: Footprint Not Found FP-GRM188-0_1-e0_2_0_5-IPC_A
Add Component: Footprint Not Found MURA-0603_H_0.9_M
Add Component: Footprint Not Found FP-403AE-MFG
Add Component: Footprint Not Found FP-403AE-MFG
Add Component: Footprint Not Found FP-403AE-MFG
Add Component: Footprint Not Found FP-403AE-MFG
Add Component: Footprint Not Found WL-SMCW_1206_150120xx75000
Add Component: Footprint Not Found WL-SMCW_1206_150120xx75000
Add Component: Footprint Not Found WL-SMCW_1206_150120xx75000
Add Component: Footprint Not Found WL-SMCW_1206_150120xx75000
Add Component: Footprint Not Found FP-B2B-XH-A_LF_SN-MFG
Added Component: Designator=J2(HRO_TYPE-C-31-M-12)
Add component (AddParameter): Name = "Check_prices"; Value = "https://www.snapeda.com/parts/TYPE-C-31-M-12/HRO+Electronics+Co.%252C+Ltd./view-part/?ref=eda"; VariantName = "[No Variations]"
Add component (AddParameter): Name = "MF"; Value = "HRO Electronics Co., Ltd."; VariantName = "[No Variations]"
Add component (AddParameter): Name = "MP"; Value = "TYPE-C-31-M-12"; VariantName = "[No Variations]"
Add component (AddParameter): Name = "Package"; Value = "Package"; VariantName = "[No Variations]"
Add component (AddParameter): Name = "SnapEDA_Link"; Value = "https://www.snapeda.com/parts/TYPE-C-31-M-12/HRO+Electronics+Co.%252C+Ltd./view-part/?ref=snap"; VariantName = "[No Variations]"
Add component (AddParameter): Name = "Value"; Value = ""; VariantName = "[No Variations]"
Added Component: Designator=J3(HRO_TYPE-C-31-M-12)
Add component (AddParameter): Name = "Check_prices"; Value = "https://www.snapeda.com/parts/TYPE-C-31-M-12/HRO+Electronics+Co.%252C+Ltd./view-part/?ref=eda"; VariantName = "[No Variations]"
Add component (AddParameter): Name = "MF"; Value = "HRO Electronics Co., Ltd."; VariantName = "[No Variations]"
Add component (AddParameter): Name = "MP"; Value = "TYPE-C-31-M-12"; VariantName = "[No Variations]"
Add component (AddParameter): Name = "Package"; Value = "Package"; VariantName = "[No Variations]"
Add component (AddParameter): Name = "SnapEDA_Link"; Value = "https://www.snapeda.com/parts/TYPE-C-31-M-12/HRO+Electronics+Co.%252C+Ltd./view-part/?ref=snap"; VariantName = "[No Variations]"
Add component (AddParameter): Name = "Value"; Value = ""; VariantName = "[No Variations]"
Added Component: Designator=J4(SK12D07VG4)
Add component (AddParameter): Name = "Check_prices"; Value = "https://www.snapeda.com/parts/SK12D07VG4/C%2526K/view-part/?ref=eda"; VariantName = "[No Variations]"
Add component (AddParameter): Name = "MF"; Value = "C&K"; VariantName = "[No Variations]"
Add component (AddParameter): Name = "MP"; Value = "SK12D07VG4"; VariantName = "[No Variations]"
Add component (AddParameter): Name = "Package"; Value = "None"; VariantName = "[No Variations]"
Add component (AddParameter): Name = "SnapEDA_Link"; Value = "https://www.snapeda.com/parts/SK12D07VG4/C%2526K/view-part/?ref=snap"; VariantName = "[No Variations]"
Add component (AddParameter): Name = "Value"; Value = ""; VariantName = "[No Variations]"
Add Component: Footprint Not Found FP-ESP32-WROOM-32E_M113EH-MFG
Added Component: Designator=MD2(PCBComponent_1)
Add Component: Footprint Not Found FP-SS8050-G-IPC_A
Add Component: Footprint Not Found FP-SS8050-G-IPC_A
Added Component: Designator=Q3(SOT23-132)
Add component (AddParameter): Name = "LatestRevisionDate"; Value = "17-Jul-2002"; VariantName = "[No Variations]"
Add component (AddParameter): Name = "LatestRevisionNote"; Value = "Re-released for DXP Platform."; VariantName = "[No Variations]"
Add component (AddParameter): Name = "PackageDescription"; Value = "TO, Flat Index; 3 In-Line, Axial Leads; Body Dia. 4.6mm; Lead Dia. 0.5 mm (max)"; VariantName = "[No Variations]"
Add component (AddParameter): Name = "PackageReference"; Value = "E3"; VariantName = "[No Variations]"
Add component (AddParameter): Name = "PackageVersion"; Value = "1995/1996"; VariantName = "[No Variations]"
Add component (AddParameter): Name = "Published"; Value = "8-Jun-2000"; VariantName = "[No Variations]"
Add component (AddParameter): Name = "Publisher"; Value = "Altium Limited"; VariantName = "[No Variations]"
Added Component: Designator=Q4(SOT23-132)
Add component (AddParameter): Name = "LatestRevisionDate"; Value = "17-Jul-2002"; VariantName = "[No Variations]"
Add component (AddParameter): Name = "LatestRevisionNote"; Value = "Re-released for DXP Platform."; VariantName = "[No Variations]"
Add component (AddParameter): Name = "PackageDescription"; Value = "TO, Flat Index; 3 In-Line, Axial Leads; Body Dia. 4.6mm; Lead Dia. 0.5 mm (max)"; VariantName = "[No Variations]"
Add component (AddParameter): Name = "PackageReference"; Value = "E3"; VariantName = "[No Variations]"
Add component (AddParameter): Name = "PackageVersion"; Value = "1995/1996"; VariantName = "[No Variations]"
Add component (AddParameter): Name = "Published"; Value = "8-Jun-2000"; VariantName = "[No Variations]"
Add component (AddParameter): Name = "Publisher"; Value = "Altium Limited"; VariantName = "[No Variations]"
Add Component: Footprint Not Found FP-CRCW0603-e3-IPC_A
Add Component: Footprint Not Found FP-CRCW0603-e3-IPC_A
Add Component: Footprint Not Found FP-CRCW0603-e3-IPC_A
Add Component: Footprint Not Found FP-CRCW0603-e3-IPC_A
Add Component: Footprint Not Found FP-CRCW0603-e3-IPC_A
Add Component: Footprint Not Found FP-CRCW0603-e3-IPC_A
Add Component: Footprint Not Found FP-CRCW0603-e3-IPC_A
Add Component: Footprint Not Found FP-CRCW0603-e3-IPC_A
Add Component: Footprint Not Found FP-CRCW0603-e3-IPC_A
Add Component: Footprint Not Found FP-CRCW0603-e3-IPC_A
Add Component: Footprint Not Found FP-CR0603-IPC_A
Add Component: Footprint Not Found FP-CRCW0603-e3-IPC_A
Add Component: Footprint Not Found FP-CRCW0603-e3-IPC_A
Add Component: Footprint Not Found FP-CRCW0603-e3-IPC_A
Add Component: Footprint Not Found FP-CR0603-IPC_A
Add Component: Footprint Not Found FP-CR0603-IPC_A
Add Component: Footprint Not Found FP-CR0603-IPC_A
Add Component: Footprint Not Found FP-CR0603-IPC_A
Add Component: Footprint Not Found FP-CR0603-IPC_A
Add Component: Footprint Not Found FP-CR0603-IPC_A
Add Component: Footprint Not Found FP-CR0603-IPC_A
Add Component: Footprint Not Found FP-CR0603-IPC_A
Add Component: Footprint Not Found FP-CR0603-IPC_A
Add Component: Footprint Not Found FP-B3U-1000P-MFG
Add Component: Footprint Not Found FP-B3U-1000P-MFG
Add Component: Footprint Not Found FP-B3U-1000P-MFG
Added Component: Designator=U1(SOT-89-5)
Add component (AddParameter): Name = "Check_prices"; Value = "https://www.snapeda.com/parts/XC6220B331PR-G/Torex/view-part/?ref=eda"; VariantName = "[No Variations]"
Add component (AddParameter): Name = "MF"; Value = "Torex"; VariantName = "[No Variations]"
Add component (AddParameter): Name = "MP"; Value = "XC6220B331PR-G"; VariantName = "[No Variations]"
Add component (AddParameter): Name = "Package"; Value = "SOT-89 Torex"; VariantName = "[No Variations]"
Add component (AddParameter): Name = "SnapEDA_Link"; Value = "https://www.snapeda.com/parts/XC6220B331PR-G/Torex/view-part/?ref=snap"; VariantName = "[No Variations]"
Add component (AddParameter): Name = "Value"; Value = ""; VariantName = "[No Variations]"
Added Component: Designator=U2(SOT-89-5)
Add component (AddParameter): Name = "Check_prices"; Value = "https://www.snapeda.com/parts/XC6220B331PR-G/Torex/view-part/?ref=eda"; VariantName = "[No Variations]"
Add component (AddParameter): Name = "MF"; Value = "Torex"; VariantName = "[No Variations]"
Add component (AddParameter): Name = "MP"; Value = "XC6220B331PR-G"; VariantName = "[No Variations]"
Add component (AddParameter): Name = "Package"; Value = "SOT-89 Torex"; VariantName = "[No Variations]"
Add component (AddParameter): Name = "SnapEDA_Link"; Value = "https://www.snapeda.com/parts/XC6220B331PR-G/Torex/view-part/?ref=snap"; VariantName = "[No Variations]"
Add component (AddParameter): Name = "Value"; Value = ""; VariantName = "[No Variations]"
Added Component: Designator=U3(SOIC127P600X175-9N)
Add component (AddParameter): Name = "Check_prices"; Value = "https://www.snapeda.com/parts/TP4056-42-ESOP8/Lite-On/view-part/?ref=eda"; VariantName = "[No Variations]"
Add component (AddParameter): Name = "MF"; Value = "Lite-On Semiconductor"; VariantName = "[No Variations]"
Add component (AddParameter): Name = "MP"; Value = "TP4056-42-ESOP8"; VariantName = "[No Variations]"
Add component (AddParameter): Name = "Package"; Value = "None"; VariantName = "[No Variations]"
Add component (AddParameter): Name = "SnapEDA_Link"; Value = "https://www.snapeda.com/parts/TP4056-42-ESOP8/Lite-On/view-part/?ref=snap"; VariantName = "[No Variations]"
Add component (AddParameter): Name = "Value"; Value = ""; VariantName = "[No Variations]"
Added Component: Designator=U4(SOIC127P600X180-16N)
Add component (AddParameter): Name = "Availability"; Value = "Not in stock"; VariantName = "[No Variations]"
Add component (AddParameter): Name = "Check_prices"; Value = "https://www.snapeda.com/parts/CH340C/WCH/view-part/?ref=eda"; VariantName = "[No Variations]"
Add component (AddParameter): Name = "MF"; Value = "WCH"; VariantName = "[No Variations]"
Add component (AddParameter): Name = "MP"; Value = "CH340C"; VariantName = "[No Variations]"
Add component (AddParameter): Name = "Package"; Value = "None"; VariantName = "[No Variations]"
Add component (AddParameter): Name = "Price"; Value = "None"; VariantName = "[No Variations]"
Add component (AddParameter): Name = "SnapEDA_Link"; Value = "https://www.snapeda.com/parts/CH340C/WCH/view-part/?ref=snap"; VariantName = "[No Variations]"
Add component (AddParameter): Name = "Value"; Value = ""; VariantName = "[No Variations]"
Added Component: Designator=U5(QFN40P700X700X90-57N)
Add component (AddParameter): Name = "Check_prices"; Value = "https://www.snapeda.com/parts/RP2040/Raspberry+Pi/view-part/?ref=eda"; VariantName = "[No Variations]"
Add component (AddParameter): Name = "MF"; Value = "Raspberry Pi"; VariantName = "[No Variations]"
Add component (AddParameter): Name = "MP"; Value = "RP2040"; VariantName = "[No Variations]"
Add component (AddParameter): Name = "Package"; Value = "None"; VariantName = "[No Variations]"
Add component (AddParameter): Name = "SnapEDA_Link"; Value = "https://www.snapeda.com/parts/RP2040/Raspberry+Pi/view-part/?ref=snap"; VariantName = "[No Variations]"
Add component (AddParameter): Name = "Value"; Value = ""; VariantName = "[No Variations]"
Added Component: Designator=U6(SOT95P280X145-6N)
Add component (AddParameter): Name = "Check_prices"; Value = "https://www.snapeda.com/parts/DW01A/Fortune+Semiconductor/view-part/?ref=eda"; VariantName = "[No Variations]"
Add component (AddParameter): Name = "MF"; Value = "Fortune Semiconductor"; VariantName = "[No Variations]"
Add component (AddParameter): Name = "MP"; Value = "DW01A"; VariantName = "[No Variations]"
Add component (AddParameter): Name = "Package"; Value = "SOT-23-6 Fortune Semiconductor"; VariantName = "[No Variations]"
Add component (AddParameter): Name = "SnapEDA_Link"; Value = "https://www.snapeda.com/parts/DW01A/Fortune+Semiconductor/view-part/?ref=snap"; VariantName = "[No Variations]"
Add component (AddParameter): Name = "Value"; Value = ""; VariantName = "[No Variations]"
Added Component: Designator=U7(SOIC127P790X216-8N)
Add component (AddParameter): Name = "Availability"; Value = "Unavailable"; VariantName = "[No Variations]"
Add component (AddParameter): Name = "MF"; Value = "{'manufacturer': u'Winbond Electronics'}"; VariantName = "[No Variations]"
Add component (AddParameter): Name = "MP"; Value = "W25Q16JVSSIQ"; VariantName = "[No Variations]"
Add component (AddParameter): Name = "Package"; Value = "None"; VariantName = "[No Variations]"
Add component (AddParameter): Name = "Price"; Value = "None"; VariantName = "[No Variations]"
Add component (AddParameter): Name = "Value"; Value = ""; VariantName = "[No Variations]"
Add Component: Footprint Not Found FP-NX3225SA-MFG
Added Pin To Net: NetName=+1V1 Pin=U5-23
Added Pin To Net: NetName=+1V1 Pin=U5-45
Added Pin To Net: NetName=+1V1 Pin=U5-50
Added Net: Name=+1V1
Added Pin To Net: NetName=+3V3 Pin=U4-4
Added Pin To Net: NetName=+3V3 Pin=U4-16
Added Pin To Net: NetName=+3V3 Pin=U5-1
Added Pin To Net: NetName=+3V3 Pin=U5-10
Added Pin To Net: NetName=+3V3 Pin=U5-22
Added Pin To Net: NetName=+3V3 Pin=U5-33
Added Pin To Net: NetName=+3V3 Pin=U5-42
Added Pin To Net: NetName=+3V3 Pin=U5-44
Added Pin To Net: NetName=+3V3 Pin=U5-48
Added Pin To Net: NetName=+3V3 Pin=U5-49
Added Pin To Net: NetName=+3V3 Pin=U7-8
Added Net: Name=+3V3
Added Pin To Net: NetName=+5V Pin=U1-1
Added Pin To Net: NetName=+5V Pin=U1-4
Added Pin To Net: NetName=+5V Pin=U3-4
Added Pin To Net: NetName=+5V Pin=U3-8
Added Net: Name=+5V
Added Pin To Net: NetName=+BATT Pin=J4-1
Added Pin To Net: NetName=+BATT Pin=J4-COM
Added Pin To Net: NetName=+BATT Pin=U3-5
Added Net: Name=+BATT
Added Pin To Net: NetName=+VBIN Pin=J4-2
Added Pin To Net: NetName=+VBIN Pin=U2-1
Added Pin To Net: NetName=+VBIN Pin=U2-4
Added Net: Name=+VBIN
Added Pin To Net: NetName=GND Pin=J2-A1_B12
Added Pin To Net: NetName=GND Pin=J2-B1_A12
Added Pin To Net: NetName=GND Pin=J2-S1
Added Pin To Net: NetName=GND Pin=J2-S2
Added Pin To Net: NetName=GND Pin=J2-S3
Added Pin To Net: NetName=GND Pin=J2-S4
Added Pin To Net: NetName=GND Pin=J3-A1_B12
Added Pin To Net: NetName=GND Pin=J3-B1_A12
Added Pin To Net: NetName=GND Pin=J3-S1
Added Pin To Net: NetName=GND Pin=J3-S2
Added Pin To Net: NetName=GND Pin=J3-S3
Added Pin To Net: NetName=GND Pin=J3-S4
Added Pin To Net: NetName=GND Pin=Q3-2
Added Pin To Net: NetName=GND Pin=Q4-2
Added Pin To Net: NetName=GND Pin=U1-2
Added Pin To Net: NetName=GND Pin=U1-6
Added Pin To Net: NetName=GND Pin=U2-2
Added Pin To Net: NetName=GND Pin=U2-6
Added Pin To Net: NetName=GND Pin=U3-1
Added Pin To Net: NetName=GND Pin=U3-3
Added Pin To Net: NetName=GND Pin=U3-9
Added Pin To Net: NetName=GND Pin=U4-1
Added Pin To Net: NetName=GND Pin=U5-19
Added Pin To Net: NetName=GND Pin=U5-57
Added Pin To Net: NetName=GND Pin=U6-6
Added Pin To Net: NetName=GND Pin=U7-4
Added Net: Name=GND
Added Pin To Net: NetName=NetC2_2 Pin=U1-5
Added Net: Name=NetC2_2
Added Pin To Net: NetName=NetC4_2 Pin=U2-5
Added Net: Name=NetC4_2
Added Pin To Net: NetName=NetC15_1 Pin=U5-43
Added Net: Name=NetC15_1
Added Pin To Net: NetName=NetC18_1 Pin=U5-20
Added Net: Name=NetC18_1
Added Net: Name=NetC19_1
Added Pin To Net: NetName=NetC21_1 Pin=U6-5
Added Net: Name=NetC21_1
Added Pin To Net: NetName=NetD2_1 Pin=J2-A4_B9
Added Pin To Net: NetName=NetD2_1 Pin=J2-B4_A9
Added Net: Name=NetD2_1
Added Pin To Net: NetName=NetD3_1 Pin=J3-A4_B9
Added Pin To Net: NetName=NetD3_1 Pin=J3-B4_A9
Added Net: Name=NetD3_1
Added Net: Name=NetD5_1
Added Pin To Net: NetName=NetD6_1 Pin=U3-7
Added Net: Name=NetD6_1
Added Pin To Net: NetName=NetD7_1 Pin=U3-6
Added Net: Name=NetD7_1
Added Net: Name=NetD8_1
Added Pin To Net: NetName=NetD8_2 Pin=U5-2
Added Net: Name=NetD8_2
Added Pin To Net: NetName=NetJ2_A5 Pin=J2-A5
Added Net: Name=NetJ2_A5
Added Pin To Net: NetName=NetJ2_A6 Pin=J2-A6
Added Net: Name=NetJ2_A6
Added Pin To Net: NetName=NetJ2_A7 Pin=J2-A7
Added Net: Name=NetJ2_A7
Added Pin To Net: NetName=NetJ2_B5 Pin=J2-B5
Added Net: Name=NetJ2_B5
Added Pin To Net: NetName=NetJ3_A5 Pin=J3-A5
Added Net: Name=NetJ3_A5
Added Pin To Net: NetName=NetJ3_A6 Pin=J3-A6
Added Net: Name=NetJ3_A6
Added Pin To Net: NetName=NetJ3_A7 Pin=J3-A7
Added Net: Name=NetJ3_A7
Added Pin To Net: NetName=NetJ3_B5 Pin=J3-B5
Added Net: Name=NetJ3_B5
Added Net: Name=NetMD1_3
Added Net: Name=NetMD1_25
Added Pin To Net: NetName=NetMD1_27 Pin=U5-27
Added Net: Name=NetMD1_27
Added Pin To Net: NetName=NetMD1_28 Pin=U5-28
Added Net: Name=NetMD1_28
Added Pin To Net: NetName=NetMD1_34 Pin=U4-2
Added Net: Name=NetMD1_34
Added Pin To Net: NetName=NetMD1_35 Pin=U4-3
Added Net: Name=NetMD1_35
Added Pin To Net: NetName=NetMD2_4 Pin=U5-38
Added Net: Name=NetMD2_4
Added Pin To Net: NetName=NetMD2_5 Pin=U5-39
Added Net: Name=NetMD2_5
Added Net: Name=NetQ1_1
Added Pin To Net: NetName=NetQ1_2 Pin=U4-14
Added Net: Name=NetQ1_2
Added Net: Name=NetQ2_1
Added Pin To Net: NetName=NetQ2_2 Pin=U4-13
Added Net: Name=NetQ2_2
Added Pin To Net: NetName=NetQ3_1 Pin=Q3-1
Added Pin To Net: NetName=NetQ3_1 Pin=U6-3
Added Net: Name=NetQ3_1
Added Pin To Net: NetName=NetQ3_3 Pin=Q3-3
Added Pin To Net: NetName=NetQ3_3 Pin=Q4-3
Added Net: Name=NetQ3_3
Added Pin To Net: NetName=NetQ4_1 Pin=Q4-1
Added Pin To Net: NetName=NetQ4_1 Pin=U6-1
Added Net: Name=NetQ4_1
Added Pin To Net: NetName=NetR3_1 Pin=U5-47
Added Net: Name=NetR3_1
Added Pin To Net: NetName=NetR4_1 Pin=U4-5
Added Net: Name=NetR4_1
Added Pin To Net: NetName=NetR5_1 Pin=U5-46
Added Net: Name=NetR5_1
Added Pin To Net: NetName=NetR8_1 Pin=U4-6
Added Net: Name=NetR8_1
Added Net: Name=NetR12_2
Added Pin To Net: NetName=NetR14_2 Pin=U3-2
Added Net: Name=NetR14_2
Added Pin To Net: NetName=NetR19_1 Pin=U5-21
Added Net: Name=NetR19_1
Added Pin To Net: NetName=NetR21_1 Pin=U6-2
Added Net: Name=NetR21_1
Added Net: Name=NetR23_1
Added Pin To Net: NetName=NetR23_2 Pin=U5-56
Added Pin To Net: NetName=NetR23_2 Pin=U7-1
Added Net: Name=NetR23_2
Added Pin To Net: NetName=NetU5_51 Pin=U5-51
Added Pin To Net: NetName=NetU5_51 Pin=U7-7
Added Net: Name=NetU5_51
Added Pin To Net: NetName=NetU5_52 Pin=U5-52
Added Pin To Net: NetName=NetU5_52 Pin=U7-6
Added Net: Name=NetU5_52
Added Pin To Net: NetName=NetU5_53 Pin=U5-53
Added Pin To Net: NetName=NetU5_53 Pin=U7-5
Added Net: Name=NetU5_53
Added Pin To Net: NetName=NetU5_54 Pin=U5-54
Added Pin To Net: NetName=NetU5_54 Pin=U7-3
Added Net: Name=NetU5_54
Added Pin To Net: NetName=NetU5_55 Pin=U5-55
Added Pin To Net: NetName=NetU5_55 Pin=U7-2
Added Net: Name=NetU5_55
Added Class: Name=schematic (upgrade)
