Removed Pin From Net: NetName=+5V Pin=C1-2
Removed Pin From Net: NetName=+5V Pin=D1-C
Removed Pin From Net: NetName=+5V Pin=D2-C
Removed Pin From Net: NetName=+5V Pin=U1-1
Removed Pin From Net: NetName=+5V Pin=U1-4
Removed Pin From Net: NetName=GND Pin=U3-6
Change Footprint: Footprint Not Found SOT95P280X145-5N
Added Component: Designator=C2(CAPC1608X90N)
Add component (AddParameter): Name = "Check_prices"; Value = "https://www.snapeda.com/parts/C0603C104K4RAC/KEMET/view-part/?ref=eda"; VariantName = "[No Variations]"
Add component (AddParameter): Name = "MF"; Value = "KEMET"; VariantName = "[No Variations]"
Add component (AddParameter): Name = "MP"; Value = "C0603C104K4RAC"; VariantName = "[No Variations]"
Add component (AddParameter): Name = "Package"; Value = "603-2 KEMET"; VariantName = "[No Variations]"
Add component (AddParameter): Name = "SnapEDA_Link"; Value = "https://www.snapeda.com/parts/C0603C104K4RAC/KEMET/view-part/?ref=snap"; VariantName = "[No Variations]"
Add component (AddParameter): Name = "Value"; Value = ""; VariantName = "[No Variations]"
Added Component: Designator=C24(CAPC3216X190N)
Add component (AddParameter): Name = "Check_prices"; Value = "https://www.snapeda.com/parts/CGA5L1X8L0G226M160AC/TDK/view-part/?ref=eda"; VariantName = "[No Variations]"
Add component (AddParameter): Name = "MF"; Value = "TDK"; VariantName = "[No Variations]"
Add component (AddParameter): Name = "MP"; Value = "CGA5L1X8L0G226M160AC"; VariantName = "[No Variations]"
Add component (AddParameter): Name = "Package"; Value = "3216 TDK"; VariantName = "[No Variations]"
Add component (AddParameter): Name = "SnapEDA_Link"; Value = "https://www.snapeda.com/parts/CGA5L1X8L0G226M160AC/TDK/view-part/?ref=snap"; VariantName = "[No Variations]"
Add component (AddParameter): Name = "Value"; Value = ""; VariantName = "[No Variations]"
Add Component: Footprint Not Found FP-ESP32-WROOM-32E_M113EH-MFG
Added Pin To Net: NetName=NetC1_2 Pin=C1-2
Added Pin To Net: NetName=GND Pin=C2-1
Added Pin To Net: NetName=+3V3 Pin=C2-2
Added Pin To Net: NetName=+3V3 Pin=C24-1
Added Pin To Net: NetName=GND Pin=C24-2
Added Pin To Net: NetName=NetC1_2 Pin=D1-C
Added Pin To Net: NetName=NetC1_2 Pin=D2-C
Add Pin To Net: Unknown Pin: Pin MD1-1
Add Pin To Net: Unknown Pin: Pin MD1-2
Add Pin To Net: Unknown Pin: Pin MD1-3
Add Pin To Net: Unknown Pin: Pin MD1-15
Add Pin To Net: Unknown Pin: Pin MD1-25
Add Pin To Net: Unknown Pin: Pin MD1-27
Add Pin To Net: Unknown Pin: Pin MD1-28
Add Pin To Net: Unknown Pin: Pin MD1-34
Add Pin To Net: Unknown Pin: Pin MD1-35
Add Pin To Net: Unknown Pin: Pin MD1-38
Add Pin To Net: Unknown Pin: Pin MD1-39
Add Pin To Net: Unknown Pin: Pin MD2-1
Add Pin To Net: Unknown Pin: Pin MD2-3
Add Pin To Net: Unknown Pin: Pin MD2-4
Add Pin To Net: Unknown Pin: Pin MD2-5
Added Pin To Net: NetName=NetC1_2 Pin=U1-1
Added Pin To Net: NetName=NetC1_2 Pin=U1-4
Added Member To Class: ClassName=schematic (upgrade) Member=Component C1 10uF
Added Member To Class: ClassName=schematic (upgrade) Member=Component C2 10uF
Added Member To Class: ClassName=schematic (upgrade) Member=Component C6 10uF
Added Member To Class: ClassName=schematic (upgrade) Member=Component C20 22uF
Added Member To Class: ClassName=schematic (upgrade) Member=Component C21 22uF
Added Member To Class: ClassName=schematic (upgrade) Member=Component C24 22uF
Added Member To Class: ClassName=schematic (upgrade) Member=Component C24 2.2uF
Added Member To Class: ClassName=schematic (upgrade) Member=Component D1 SS24
Added Member To Class: ClassName=schematic (upgrade) Member=Component D2 SS24
Added Member To Class: ClassName=schematic (upgrade) Member=Component D3 SS24
Added Member To Class: ClassName=schematic (upgrade) Member=Component D4 SS24
Added Member To Class: ClassName=schematic (upgrade) Member=Component D5 PWR LED
Added Member To Class: ClassName=schematic (upgrade) Member=Component J1 B2B-XH-A(LF)(SN)
Added Member To Class: ClassName=schematic (upgrade) Member=Component J2 TYPE-C-31-M-12
Added Member To Class: ClassName=schematic (upgrade) Member=Component J3 TYPE-C-31-M-12
Added Member To Class: ClassName=schematic (upgrade) Member=Component J4 SK12D07VG4
Added Member To Class: ClassName=schematic (upgrade) Member=Component L1 2.2uH
Added Member To Class: ClassName=schematic (upgrade) Member=Component L2 2.2uH
Add Class Member: Failed to add class member : Component MD1 ESP32-WROOM-32E(M113EH3200PH3Q0)
Added Member To Class: ClassName=schematic (upgrade) Member=Component R1 5K1
Added Member To Class: ClassName=schematic (upgrade) Member=Component R2 5K1
Added Member To Class: ClassName=schematic (upgrade) Member=Component R3 22R
Added Member To Class: ClassName=schematic (upgrade) Member=Component R4 22R
Added Member To Class: ClassName=schematic (upgrade) Member=Component R5 22R
Added Member To Class: ClassName=schematic (upgrade) Member=Component R6 5K1
Added Member To Class: ClassName=schematic (upgrade) Member=Component R7 5K1
Added Member To Class: ClassName=schematic (upgrade) Member=Component R8 22R
Added Member To Class: ClassName=schematic (upgrade) Member=Component R9 1K5
Added Member To Class: ClassName=schematic (upgrade) Member=Component R10 1K5
Added Member To Class: ClassName=schematic (upgrade) Member=Component R11 1K
Added Member To Class: ClassName=schematic (upgrade) Member=Component R17 100k
Added Member To Class: ClassName=schematic (upgrade) Member=Component R18 453k
Added Member To Class: ClassName=schematic (upgrade) Member=Component U1 XC6220B331PR-G
Added Member To Class: ClassName=schematic (upgrade) Member=Component U2 IP5306
Added Member To Class: ClassName=schematic (upgrade) Member=Component U3 TLV62568DBVR
