Change Component Footprint: Designator=C6 Old Footprint=CAPC1608X90N New Footprint=CAPC3216X190N
Change Component Footprint: Designator=C20 Old Footprint=CAPC1608X90N New Footprint=CAPC3216X190N
Change Component Footprint: Designator=C21 Old Footprint=CAPC1608X90N New Footprint=CAPC3216X190N
Change Component Footprint: Designator=C24 Old Footprint=CAPC1608X90N New Footprint=CAPC3216X190N
Change Footprint: Footprint Not Found SOT95P280X145-5N
Added Component: Designator=L1(INDC2012X55N)
Add component (AddParameter): Name = "Digi-Key_Part_Number"; Value = "490-15992-1-ND"; VariantName = "[No Variations]"
Add component (AddParameter): Name = "Digi-Key_Purchase_URL"; Value = "https://www.digikey.com/product-detail/en/murata-electronics/LQM21PN2R2MCHD/490-15992-1-ND/6800657?utm_source=snapeda&utm_medium=aggregator&utm_campaign=symbol"; VariantName = "[No Variations]"
Add component (AddParameter): Name = "MF"; Value = "Murata"; VariantName = "[No Variations]"
Add component (AddParameter): Name = "MP"; Value = "LQM21PN2R2MCHD"; VariantName = "[No Variations]"
Add component (AddParameter): Name = "Package"; Value = "2012 Bourns"; VariantName = "[No Variations]"
Add component (AddParameter): Name = "SnapEDA_Link"; Value = "https://www.snapeda.com/parts/LQM21PN2R2MCHD/Murata%20Electronics%20North%20America/view-part/1498675/?ref=snap"; VariantName = "[No Variations]"
Add component (AddParameter): Name = "Value"; Value = ""; VariantName = "[No Variations]"
Added Component: Designator=L2(INDC2012X55N)
Add component (AddParameter): Name = "Digi-Key_Part_Number"; Value = "490-15992-1-ND"; VariantName = "[No Variations]"
Add component (AddParameter): Name = "Digi-Key_Purchase_URL"; Value = "https://www.digikey.com/product-detail/en/murata-electronics/LQM21PN2R2MCHD/490-15992-1-ND/6800657?utm_source=snapeda&utm_medium=aggregator&utm_campaign=symbol"; VariantName = "[No Variations]"
Add component (AddParameter): Name = "MF"; Value = "Murata"; VariantName = "[No Variations]"
Add component (AddParameter): Name = "MP"; Value = "LQM21PN2R2MCHD"; VariantName = "[No Variations]"
Add component (AddParameter): Name = "Package"; Value = "2012 Bourns"; VariantName = "[No Variations]"
Add component (AddParameter): Name = "SnapEDA_Link"; Value = "https://www.snapeda.com/parts/LQM21PN2R2MCHD/Murata%20Electronics%20North%20America/view-part/1498675/?ref=snap"; VariantName = "[No Variations]"
Add component (AddParameter): Name = "Value"; Value = ""; VariantName = "[No Variations]"
Add Component: Footprint Not Found FP-ESP32-WROOM-32E_M113EH-MFG
Added Pin To Net: NetName=NetL1_1 Pin=L1-1
Added Pin To Net: NetName=+BATT Pin=L1-2
Added Pin To Net: NetName=NetL2_1 Pin=L2-1
Added Pin To Net: NetName=+3V3 Pin=L2-2
Add Pin To Net: Unknown Pin: Pin MD1-1
Add Pin To Net: Unknown Pin: Pin MD1-2
Add Pin To Net: Unknown Pin: Pin MD1-3
Add Pin To Net: Unknown Pin: Pin MD1-15
Add Pin To Net: Unknown Pin: Pin MD1-25
Add Pin To Net: Unknown Pin: Pin MD1-27
Add Pin To Net: Unknown Pin: Pin MD1-28
Add Pin To Net: Unknown Pin: Pin MD1-34
Add Pin To Net: Unknown Pin: Pin MD1-35
Add Pin To Net: Unknown Pin: Pin MD1-38
Add Pin To Net: Unknown Pin: Pin MD1-39
Add Pin To Net: Unknown Pin: Pin MD2-1
Add Pin To Net: Unknown Pin: Pin MD2-3
Add Pin To Net: Unknown Pin: Pin MD2-4
Add Pin To Net: Unknown Pin: Pin MD2-5
Added Member To Class: ClassName=schematic (upgrade) Member=Component C24 2.2uF
Added Member To Class: ClassName=schematic (upgrade) Member=Component L1 2.2uH
Added Member To Class: ClassName=schematic (upgrade) Member=Component L2 2.2uH
Add Class Member: Failed to add class member : Component MD1 ESP32-WROOM-32E(M113EH3200PH3Q0)
