Removed Pin From Net: NetName=GND Pin=C20-2
Removed Pin From Net: NetName=GND Pin=C21-2
Removed Pin From Net: NetName=GND Pin=Q3-3
Removed Pin From Net: NetName=GND Pin=Q4-3
Removed Pin From Net: NetName=NetMD1_28 Pin=U5-18
Removed Pin From Net: NetName=GND Pin=U6-6
Change Component Footprint: Designator=Q3 Old Footprint=FP-S-03946-IPC_A New Footprint=SOT23-132
Change Component Footprint: Designator=Q4 Old Footprint=FP-S-03946-IPC_A New Footprint=SOT23-132
Change Component Comment : Designator=Q3 Old Comment=SI2301 New Comment=Si2302DS
Change Component Comment : Designator=Q4 Old Comment=SI2301 New Comment=Si2302DS
Change Managed Component Library Link : Designator=Q3 Old VaultGUID=B7D15EC3-160A-466F-A46C-7801FE6295A7 New VaultGUID= Old ItemGUID=9407D57E-9C00-48E8-BE30-55EB1FEE81D1 New ItemGUID= Old RevisionGUID=C87F9691-8CFF-4C32-8979-7A80D35EBF91 New RevisionGUID=
Change Managed Component Library Link : Designator=Q4 Old VaultGUID=B7D15EC3-160A-466F-A46C-7801FE6295A7 New VaultGUID= Old ItemGUID=9407D57E-9C00-48E8-BE30-55EB1FEE81D1 New ItemGUID= Old RevisionGUID=C87F9691-8CFF-4C32-8979-7A80D35EBF91 New RevisionGUID=
Change component parameters: Designator = "Q3" ("Q3"); Footprint = "FP-S-03946-IPC_A"; UniqueID = "\UCOWNICM" ("\UCOWNICM")
Change component parameters (AddParameter): Name = "LatestRevisionDate"; Value = "17-Jul-2002"; VariantName = "[No Variations]"
Change component parameters (AddParameter): Name = "LatestRevisionNote"; Value = "Re-released for DXP Platform."; VariantName = "[No Variations]"
Change component parameters (AddParameter): Name = "PackageDescription"; Value = "TO, Flat Index; 3 In-Line, Axial Leads; Body Dia. 4.6mm; Lead Dia. 0.5 mm (max)"; VariantName = "[No Variations]"
Change component parameters (AddParameter): Name = "PackageReference"; Value = "E3"; VariantName = "[No Variations]"
Change component parameters (AddParameter): Name = "PackageVersion"; Value = "1995/1996"; VariantName = "[No Variations]"
Change component parameters (AddParameter): Name = "Published"; Value = "8-Jun-2000"; VariantName = "[No Variations]"
Change component parameters (AddParameter): Name = "Publisher"; Value = "Altium Limited"; VariantName = "[No Variations]"
Change component parameters: Designator = "Q4" ("Q4"); Footprint = "FP-S-03946-IPC_A"; UniqueID = "\HRQRFWQK" ("\HRQRFWQK")
Change component parameters (AddParameter): Name = "LatestRevisionDate"; Value = "17-Jul-2002"; VariantName = "[No Variations]"
Change component parameters (AddParameter): Name = "LatestRevisionNote"; Value = "Re-released for DXP Platform."; VariantName = "[No Variations]"
Change component parameters (AddParameter): Name = "PackageDescription"; Value = "TO, Flat Index; 3 In-Line, Axial Leads; Body Dia. 4.6mm; Lead Dia. 0.5 mm (max)"; VariantName = "[No Variations]"
Change component parameters (AddParameter): Name = "PackageReference"; Value = "E3"; VariantName = "[No Variations]"
Change component parameters (AddParameter): Name = "PackageVersion"; Value = "1995/1996"; VariantName = "[No Variations]"
Change component parameters (AddParameter): Name = "Published"; Value = "8-Jun-2000"; VariantName = "[No Variations]"
Change component parameters (AddParameter): Name = "Publisher"; Value = "Altium Limited"; VariantName = "[No Variations]"
Added Pin To Net: NetName=GND Pin=Q3-2
Added Pin To Net: NetName=NetMD1_28 Pin=U5-28
Added Pin To Net: NetName=-BATT Pin=C20-2
Added Pin To Net: NetName=-BATT Pin=C21-2
Added Pin To Net: NetName=-BATT Pin=Q4-2
Added Pin To Net: NetName=-BATT Pin=U6-6
Added Net: Name=-BATT
Added Pin To Net: NetName=NetQ3_3 Pin=Q3-3
Added Pin To Net: NetName=NetQ3_3 Pin=Q4-3
Added Net: Name=NetQ3_3
