Removed Pin From Net: NetName=+5V Pin=C1-2
Removed Pin From Net: NetName=+VBIN Pin=C3-2
Removed Pin From Net: NetName=+3V3 Pin=D1-2
Removed Pin From Net: NetName=+3V3 Pin=D4-2
Removed Pin From Net: NetName=GND Pin=U1-1
Removed Pin From Net: NetName=+5V Pin=U1-2
Removed Pin From Net: NetName=+5V Pin=U1-2
Removed Pin From Net: NetName=GND Pin=U2-1
Removed Pin From Net: NetName=+VBIN Pin=U2-2
Removed Pin From Net: NetName=+VBIN Pin=U2-2
Change Component Comment : Designator=C1 Old Comment=1uF New Comment=10uF
Change Component Comment : Designator=C2 Old Comment=1uF New Comment=10uF
Change Component Comment : Designator=C3 Old Comment=1uF New Comment=10uF
Change Component Comment : Designator=C4 Old Comment=1uF New Comment=10uF
Added Component: Designator=IC1(SOT89)
Add component (AddParameter): Name = "Availability"; Value = "Not in stock"; VariantName = "[No Variations]"
Add component (AddParameter): Name = "Check_prices"; Value = "https://www.snapeda.com/parts/HT7833/ht7730/view-part/6656053/?ref=eda"; VariantName = "[No Variations]"
Add component (AddParameter): Name = "MF"; Value = "ht7833"; VariantName = "[No Variations]"
Add component (AddParameter): Name = "MP"; Value = "HT7833"; VariantName = "[No Variations]"
Add component (AddParameter): Name = "Package"; Value = "None"; VariantName = "[No Variations]"
Add component (AddParameter): Name = "Price"; Value = "None"; VariantName = "[No Variations]"
Add component (AddParameter): Name = "SnapEDA_Link"; Value = "https://www.snapeda.com/parts/HT7833/ht7730/view-part/6656053/?ref=snap"; VariantName = "[No Variations]"
Add component (AddParameter): Name = "Value"; Value = ""; VariantName = "[No Variations]"
Added Component: Designator=IC2(SOT89)
Add component (AddParameter): Name = "Availability"; Value = "Not in stock"; VariantName = "[No Variations]"
Add component (AddParameter): Name = "Check_prices"; Value = "https://www.snapeda.com/parts/HT7833/ht7730/view-part/6656053/?ref=eda"; VariantName = "[No Variations]"
Add component (AddParameter): Name = "MF"; Value = "ht7833"; VariantName = "[No Variations]"
Add component (AddParameter): Name = "MP"; Value = "HT7833"; VariantName = "[No Variations]"
Add component (AddParameter): Name = "Package"; Value = "None"; VariantName = "[No Variations]"
Add component (AddParameter): Name = "Price"; Value = "None"; VariantName = "[No Variations]"
Add component (AddParameter): Name = "SnapEDA_Link"; Value = "https://www.snapeda.com/parts/HT7833/ht7730/view-part/6656053/?ref=snap"; VariantName = "[No Variations]"
Add component (AddParameter): Name = "Value"; Value = ""; VariantName = "[No Variations]"
Added Pin To Net: NetName=+5V Pin=C2-2
Added Pin To Net: NetName=+5V Pin=C4-2
Added Pin To Net: NetName=GND Pin=IC1-1
Added Pin To Net: NetName=+5V Pin=IC1-2@1
Added Pin To Net: NetName=+5V Pin=IC1-2
Added Pin To Net: NetName=GND Pin=IC2-1
Added Pin To Net: NetName=+5V Pin=IC2-2@1
Added Pin To Net: NetName=+5V Pin=IC2-2
Added Pin To Net: NetName=3V3 Pin=D1-2
Added Pin To Net: NetName=3V3 Pin=D4-2
Added Net: Name=3V3
Added Pin To Net: NetName=NetC1_2 Pin=C1-2
Added Pin To Net: NetName=NetC1_2 Pin=D1-1
Added Pin To Net: NetName=NetC1_2 Pin=IC1-3
Added Net: Name=NetC1_2
Added Pin To Net: NetName=NetC3_2 Pin=C3-2
Added Pin To Net: NetName=NetC3_2 Pin=D4-1
Added Pin To Net: NetName=NetC3_2 Pin=IC2-3
Added Net: Name=NetC3_2
Added Member To Class: ClassName=Main schematic Member=Component IC1 HT7833
Added Member To Class: ClassName=Main schematic Member=Component IC2 HT7833
