Removed Pin From Net: NetName=+VBIN Pin=Designator22-1
Removed Pin From Net: NetName=+VBIN Pin=Designator22-4
Removed Pin From Net: NetName=NetC4_2 Pin=Designator22-5
Removed Pin From Net: NetName=GND Pin=Designator22-EP
Removed Pin From Net: NetName=+5V Pin=Designator26-1
Removed Pin From Net: NetName=GND Pin=Designator26-2
Removed Pin From Net: NetName=+5V Pin=Designator26-4
Removed Pin From Net: NetName=NetC2_2 Pin=Designator26-5
Removed Pin From Net: NetName=GND Pin=Designator26-EP
Removed Pin From Net: NetName=NetQ4_1 Pin=Designator27-1
Removed Pin From Net: NetName=NetQ3_1 Pin=Designator28-1
Removed Pin From Net: NetName=NetMD1_28 Pin=U5-18
Change Component Comment : Designator=D1 Old Comment=SS14 New Comment=SS24
Change Component Comment : Designator=D2 Old Comment=SS24 New Comment=SS14
Added Component: Designator=Q3(SOT23-132)
Add component (AddParameter): Name = "LatestRevisionDate"; Value = "17-Jul-2002"; VariantName = "[No Variations]"
Add component (AddParameter): Name = "LatestRevisionNote"; Value = "Re-released for DXP Platform."; VariantName = "[No Variations]"
Add component (AddParameter): Name = "PackageDescription"; Value = "TO, Flat Index; 3 In-Line, Axial Leads; Body Dia. 4.6mm; Lead Dia. 0.5 mm (max)"; VariantName = "[No Variations]"
Add component (AddParameter): Name = "PackageReference"; Value = "E3"; VariantName = "[No Variations]"
Add component (AddParameter): Name = "PackageVersion"; Value = "1995/1996"; VariantName = "[No Variations]"
Add component (AddParameter): Name = "Published"; Value = "8-Jun-2000"; VariantName = "[No Variations]"
Add component (AddParameter): Name = "Publisher"; Value = "Altium Limited"; VariantName = "[No Variations]"
Added Component: Designator=Q4(SOT23-132)
Add component (AddParameter): Name = "LatestRevisionDate"; Value = "17-Jul-2002"; VariantName = "[No Variations]"
Add component (AddParameter): Name = "LatestRevisionNote"; Value = "Re-released for DXP Platform."; VariantName = "[No Variations]"
Add component (AddParameter): Name = "PackageDescription"; Value = "TO, Flat Index; 3 In-Line, Axial Leads; Body Dia. 4.6mm; Lead Dia. 0.5 mm (max)"; VariantName = "[No Variations]"
Add component (AddParameter): Name = "PackageReference"; Value = "E3"; VariantName = "[No Variations]"
Add component (AddParameter): Name = "PackageVersion"; Value = "1995/1996"; VariantName = "[No Variations]"
Add component (AddParameter): Name = "Published"; Value = "8-Jun-2000"; VariantName = "[No Variations]"
Add component (AddParameter): Name = "Publisher"; Value = "Altium Limited"; VariantName = "[No Variations]"
Added Component: Designator=U1(SOT-89-5)
Add component (AddParameter): Name = "Check_prices"; Value = "https://www.snapeda.com/parts/XC6220B331PR-G/Torex/view-part/?ref=eda"; VariantName = "[No Variations]"
Add component (AddParameter): Name = "MF"; Value = "Torex"; VariantName = "[No Variations]"
Add component (AddParameter): Name = "MP"; Value = "XC6220B331PR-G"; VariantName = "[No Variations]"
Add component (AddParameter): Name = "Package"; Value = "SOT-89 Torex"; VariantName = "[No Variations]"
Add component (AddParameter): Name = "SnapEDA_Link"; Value = "https://www.snapeda.com/parts/XC6220B331PR-G/Torex/view-part/?ref=snap"; VariantName = "[No Variations]"
Add component (AddParameter): Name = "Value"; Value = ""; VariantName = "[No Variations]"
Added Component: Designator=U2(SOT-89-5)
Add component (AddParameter): Name = "Check_prices"; Value = "https://www.snapeda.com/parts/XC6220B331PR-G/Torex/view-part/?ref=eda"; VariantName = "[No Variations]"
Add component (AddParameter): Name = "MF"; Value = "Torex"; VariantName = "[No Variations]"
Add component (AddParameter): Name = "MP"; Value = "XC6220B331PR-G"; VariantName = "[No Variations]"
Add component (AddParameter): Name = "Package"; Value = "SOT-89 Torex"; VariantName = "[No Variations]"
Add component (AddParameter): Name = "SnapEDA_Link"; Value = "https://www.snapeda.com/parts/XC6220B331PR-G/Torex/view-part/?ref=snap"; VariantName = "[No Variations]"
Add component (AddParameter): Name = "Value"; Value = ""; VariantName = "[No Variations]"
Added Pin To Net: NetName=NetQ3_1 Pin=Q3-1
Added Pin To Net: NetName=GND Pin=Q3-2
Added Pin To Net: NetName=NetQ4_1 Pin=Q4-1
Added Pin To Net: NetName=GND Pin=Q4-2
Added Pin To Net: NetName=+5V Pin=U1-1
Added Pin To Net: NetName=GND Pin=U1-2
Added Pin To Net: NetName=+5V Pin=U1-4
Added Pin To Net: NetName=NetC2_2 Pin=U1-5
Added Pin To Net: NetName=GND Pin=U1-6
Added Pin To Net: NetName=+VBIN Pin=U2-1
Added Pin To Net: NetName=GND Pin=U2-2
Added Pin To Net: NetName=+VBIN Pin=U2-4
Added Pin To Net: NetName=NetC4_2 Pin=U2-5
Added Pin To Net: NetName=GND Pin=U2-6
Added Pin To Net: NetName=NetMD1_28 Pin=U5-28
Added Pin To Net: NetName=NetQ3_3 Pin=Q3-3
Added Pin To Net: NetName=NetQ3_3 Pin=Q4-3
Added Net: Name=NetQ3_3
Change Class Name : Old Net Name=Main schematic New Net Name=schematic (upgrade)
Added Member To Class: ClassName=schematic (upgrade) Member=Component Q3 Si2302DS
Added Member To Class: ClassName=schematic (upgrade) Member=Component Q4 Si2302DS
Added Member To Class: ClassName=schematic (upgrade) Member=Component U1 XC6220B331PR-G
Added Member To Class: ClassName=schematic (upgrade) Member=Component U2 XC6220B331PR-G
