Added Component: Designator=C1(C0805)
Add component (AddParameter): Name = "Check_prices"; Value = "https://www.snapeda.com/parts/CAP/igus/view-part/?ref=eda"; VariantName = "[No Variations]"
Add component (AddParameter): Name = "MF"; Value = "Igus"; VariantName = "[No Variations]"
Add component (AddParameter): Name = "MP"; Value = "CAP"; VariantName = "[No Variations]"
Add component (AddParameter): Name = "Package"; Value = "None"; VariantName = "[No Variations]"
Add component (AddParameter): Name = "SnapEDA_Link"; Value = "https://www.snapeda.com/parts/CAP/igus/view-part/?ref=snap"; VariantName = "[No Variations]"
Add component (AddParameter): Name = "Value"; Value = ""; VariantName = "[No Variations]"
Added Component: Designator=C2(C0805)
Add component (AddParameter): Name = "Check_prices"; Value = "https://www.snapeda.com/parts/CAP/igus/view-part/?ref=eda"; VariantName = "[No Variations]"
Add component (AddParameter): Name = "MF"; Value = "Igus"; VariantName = "[No Variations]"
Add component (AddParameter): Name = "MP"; Value = "CAP"; VariantName = "[No Variations]"
Add component (AddParameter): Name = "Package"; Value = "None"; VariantName = "[No Variations]"
Add component (AddParameter): Name = "SnapEDA_Link"; Value = "https://www.snapeda.com/parts/CAP/igus/view-part/?ref=snap"; VariantName = "[No Variations]"
Add component (AddParameter): Name = "Value"; Value = ""; VariantName = "[No Variations]"
Added Component: Designator=C5(C0805)
Add component (AddParameter): Name = "Check_prices"; Value = "https://www.snapeda.com/parts/CAP/igus/view-part/?ref=eda"; VariantName = "[No Variations]"
Add component (AddParameter): Name = "MF"; Value = "Igus"; VariantName = "[No Variations]"
Add component (AddParameter): Name = "MP"; Value = "CAP"; VariantName = "[No Variations]"
Add component (AddParameter): Name = "Package"; Value = "None"; VariantName = "[No Variations]"
Add component (AddParameter): Name = "SnapEDA_Link"; Value = "https://www.snapeda.com/parts/CAP/igus/view-part/?ref=snap"; VariantName = "[No Variations]"
Add component (AddParameter): Name = "Value"; Value = ""; VariantName = "[No Variations]"
Added Component: Designator=C6(C0805)
Add component (AddParameter): Name = "Check_prices"; Value = "https://www.snapeda.com/parts/CAP/igus/view-part/?ref=eda"; VariantName = "[No Variations]"
Add component (AddParameter): Name = "MF"; Value = "Igus"; VariantName = "[No Variations]"
Add component (AddParameter): Name = "MP"; Value = "CAP"; VariantName = "[No Variations]"
Add component (AddParameter): Name = "Package"; Value = "None"; VariantName = "[No Variations]"
Add component (AddParameter): Name = "SnapEDA_Link"; Value = "https://www.snapeda.com/parts/CAP/igus/view-part/?ref=snap"; VariantName = "[No Variations]"
Add component (AddParameter): Name = "Value"; Value = ""; VariantName = "[No Variations]"
Added Component: Designator=C7(C0805)
Add component (AddParameter): Name = "Check_prices"; Value = "https://www.snapeda.com/parts/CAP/igus/view-part/?ref=eda"; VariantName = "[No Variations]"
Add component (AddParameter): Name = "MF"; Value = "Igus"; VariantName = "[No Variations]"
Add component (AddParameter): Name = "MP"; Value = "CAP"; VariantName = "[No Variations]"
Add component (AddParameter): Name = "Package"; Value = "None"; VariantName = "[No Variations]"
Add component (AddParameter): Name = "SnapEDA_Link"; Value = "https://www.snapeda.com/parts/CAP/igus/view-part/?ref=snap"; VariantName = "[No Variations]"
Add component (AddParameter): Name = "Value"; Value = ""; VariantName = "[No Variations]"
Added Component: Designator=C8(C0805)
Add component (AddParameter): Name = "Check_prices"; Value = "https://www.snapeda.com/parts/CAP/igus/view-part/?ref=eda"; VariantName = "[No Variations]"
Add component (AddParameter): Name = "MF"; Value = "Igus"; VariantName = "[No Variations]"
Add component (AddParameter): Name = "MP"; Value = "CAP"; VariantName = "[No Variations]"
Add component (AddParameter): Name = "Package"; Value = "None"; VariantName = "[No Variations]"
Add component (AddParameter): Name = "SnapEDA_Link"; Value = "https://www.snapeda.com/parts/CAP/igus/view-part/?ref=snap"; VariantName = "[No Variations]"
Add component (AddParameter): Name = "Value"; Value = ""; VariantName = "[No Variations]"
Added Component: Designator=C9(C0805)
Add component (AddParameter): Name = "Check_prices"; Value = "https://www.snapeda.com/parts/CAP/igus/view-part/?ref=eda"; VariantName = "[No Variations]"
Add component (AddParameter): Name = "MF"; Value = "Igus"; VariantName = "[No Variations]"
Add component (AddParameter): Name = "MP"; Value = "CAP"; VariantName = "[No Variations]"
Add component (AddParameter): Name = "Package"; Value = "None"; VariantName = "[No Variations]"
Add component (AddParameter): Name = "SnapEDA_Link"; Value = "https://www.snapeda.com/parts/CAP/igus/view-part/?ref=snap"; VariantName = "[No Variations]"
Add component (AddParameter): Name = "Value"; Value = ""; VariantName = "[No Variations]"
Added Component: Designator=C10(C0805)
Add component (AddParameter): Name = "Check_prices"; Value = "https://www.snapeda.com/parts/CAP/igus/view-part/?ref=eda"; VariantName = "[No Variations]"
Add component (AddParameter): Name = "MF"; Value = "Igus"; VariantName = "[No Variations]"
Add component (AddParameter): Name = "MP"; Value = "CAP"; VariantName = "[No Variations]"
Add component (AddParameter): Name = "Package"; Value = "None"; VariantName = "[No Variations]"
Add component (AddParameter): Name = "SnapEDA_Link"; Value = "https://www.snapeda.com/parts/CAP/igus/view-part/?ref=snap"; VariantName = "[No Variations]"
Add component (AddParameter): Name = "Value"; Value = ""; VariantName = "[No Variations]"
Added Component: Designator=C11(C0805)
Add component (AddParameter): Name = "Check_prices"; Value = "https://www.snapeda.com/parts/CAP/igus/view-part/?ref=eda"; VariantName = "[No Variations]"
Add component (AddParameter): Name = "MF"; Value = "Igus"; VariantName = "[No Variations]"
Add component (AddParameter): Name = "MP"; Value = "CAP"; VariantName = "[No Variations]"
Add component (AddParameter): Name = "Package"; Value = "None"; VariantName = "[No Variations]"
Add component (AddParameter): Name = "SnapEDA_Link"; Value = "https://www.snapeda.com/parts/CAP/igus/view-part/?ref=snap"; VariantName = "[No Variations]"
Add component (AddParameter): Name = "Value"; Value = ""; VariantName = "[No Variations]"
Added Component: Designator=C12(C0805)
Add component (AddParameter): Name = "Check_prices"; Value = "https://www.snapeda.com/parts/CAP/igus/view-part/?ref=eda"; VariantName = "[No Variations]"
Add component (AddParameter): Name = "MF"; Value = "Igus"; VariantName = "[No Variations]"
Add component (AddParameter): Name = "MP"; Value = "CAP"; VariantName = "[No Variations]"
Add component (AddParameter): Name = "Package"; Value = "None"; VariantName = "[No Variations]"
Add component (AddParameter): Name = "SnapEDA_Link"; Value = "https://www.snapeda.com/parts/CAP/igus/view-part/?ref=snap"; VariantName = "[No Variations]"
Add component (AddParameter): Name = "Value"; Value = ""; VariantName = "[No Variations]"
Added Component: Designator=C13(C0805)
Add component (AddParameter): Name = "Check_prices"; Value = "https://www.snapeda.com/parts/CAP/igus/view-part/?ref=eda"; VariantName = "[No Variations]"
Add component (AddParameter): Name = "MF"; Value = "Igus"; VariantName = "[No Variations]"
Add component (AddParameter): Name = "MP"; Value = "CAP"; VariantName = "[No Variations]"
Add component (AddParameter): Name = "Package"; Value = "None"; VariantName = "[No Variations]"
Add component (AddParameter): Name = "SnapEDA_Link"; Value = "https://www.snapeda.com/parts/CAP/igus/view-part/?ref=snap"; VariantName = "[No Variations]"
Add component (AddParameter): Name = "Value"; Value = ""; VariantName = "[No Variations]"
Added Component: Designator=C14(C0805)
Add component (AddParameter): Name = "Check_prices"; Value = "https://www.snapeda.com/parts/CAP/igus/view-part/?ref=eda"; VariantName = "[No Variations]"
Add component (AddParameter): Name = "MF"; Value = "Igus"; VariantName = "[No Variations]"
Add component (AddParameter): Name = "MP"; Value = "CAP"; VariantName = "[No Variations]"
Add component (AddParameter): Name = "Package"; Value = "None"; VariantName = "[No Variations]"
Add component (AddParameter): Name = "SnapEDA_Link"; Value = "https://www.snapeda.com/parts/CAP/igus/view-part/?ref=snap"; VariantName = "[No Variations]"
Add component (AddParameter): Name = "Value"; Value = ""; VariantName = "[No Variations]"
Added Component: Designator=C15(C0805)
Add component (AddParameter): Name = "Check_prices"; Value = "https://www.snapeda.com/parts/CAP/igus/view-part/?ref=eda"; VariantName = "[No Variations]"
Add component (AddParameter): Name = "MF"; Value = "Igus"; VariantName = "[No Variations]"
Add component (AddParameter): Name = "MP"; Value = "CAP"; VariantName = "[No Variations]"
Add component (AddParameter): Name = "Package"; Value = "None"; VariantName = "[No Variations]"
Add component (AddParameter): Name = "SnapEDA_Link"; Value = "https://www.snapeda.com/parts/CAP/igus/view-part/?ref=snap"; VariantName = "[No Variations]"
Add component (AddParameter): Name = "Value"; Value = ""; VariantName = "[No Variations]"
Added Component: Designator=C16(C0805)
Add component (AddParameter): Name = "Check_prices"; Value = "https://www.snapeda.com/parts/CAP/igus/view-part/?ref=eda"; VariantName = "[No Variations]"
Add component (AddParameter): Name = "MF"; Value = "Igus"; VariantName = "[No Variations]"
Add component (AddParameter): Name = "MP"; Value = "CAP"; VariantName = "[No Variations]"
Add component (AddParameter): Name = "Package"; Value = "None"; VariantName = "[No Variations]"
Add component (AddParameter): Name = "SnapEDA_Link"; Value = "https://www.snapeda.com/parts/CAP/igus/view-part/?ref=snap"; VariantName = "[No Variations]"
Add component (AddParameter): Name = "Value"; Value = ""; VariantName = "[No Variations]"
Added Component: Designator=C17(C0805)
Add component (AddParameter): Name = "Check_prices"; Value = "https://www.snapeda.com/parts/CAP/igus/view-part/?ref=eda"; VariantName = "[No Variations]"
Add component (AddParameter): Name = "MF"; Value = "Igus"; VariantName = "[No Variations]"
Add component (AddParameter): Name = "MP"; Value = "CAP"; VariantName = "[No Variations]"
Add component (AddParameter): Name = "Package"; Value = "None"; VariantName = "[No Variations]"
Add component (AddParameter): Name = "SnapEDA_Link"; Value = "https://www.snapeda.com/parts/CAP/igus/view-part/?ref=snap"; VariantName = "[No Variations]"
Add component (AddParameter): Name = "Value"; Value = ""; VariantName = "[No Variations]"
Added Component: Designator=C18(C0805)
Add component (AddParameter): Name = "Check_prices"; Value = "https://www.snapeda.com/parts/CAP/igus/view-part/?ref=eda"; VariantName = "[No Variations]"
Add component (AddParameter): Name = "MF"; Value = "Igus"; VariantName = "[No Variations]"
Add component (AddParameter): Name = "MP"; Value = "CAP"; VariantName = "[No Variations]"
Add component (AddParameter): Name = "Package"; Value = "None"; VariantName = "[No Variations]"
Add component (AddParameter): Name = "SnapEDA_Link"; Value = "https://www.snapeda.com/parts/CAP/igus/view-part/?ref=snap"; VariantName = "[No Variations]"
Add component (AddParameter): Name = "Value"; Value = ""; VariantName = "[No Variations]"
Added Component: Designator=C19(C0805)
Add component (AddParameter): Name = "Check_prices"; Value = "https://www.snapeda.com/parts/CAP/igus/view-part/?ref=eda"; VariantName = "[No Variations]"
Add component (AddParameter): Name = "MF"; Value = "Igus"; VariantName = "[No Variations]"
Add component (AddParameter): Name = "MP"; Value = "CAP"; VariantName = "[No Variations]"
Add component (AddParameter): Name = "Package"; Value = "None"; VariantName = "[No Variations]"
Add component (AddParameter): Name = "SnapEDA_Link"; Value = "https://www.snapeda.com/parts/CAP/igus/view-part/?ref=snap"; VariantName = "[No Variations]"
Add component (AddParameter): Name = "Value"; Value = ""; VariantName = "[No Variations]"
Added Component: Designator=C20(C0805)
Add component (AddParameter): Name = "Check_prices"; Value = "https://www.snapeda.com/parts/CAP/igus/view-part/?ref=eda"; VariantName = "[No Variations]"
Add component (AddParameter): Name = "MF"; Value = "Igus"; VariantName = "[No Variations]"
Add component (AddParameter): Name = "MP"; Value = "CAP"; VariantName = "[No Variations]"
Add component (AddParameter): Name = "Package"; Value = "None"; VariantName = "[No Variations]"
Add component (AddParameter): Name = "SnapEDA_Link"; Value = "https://www.snapeda.com/parts/CAP/igus/view-part/?ref=snap"; VariantName = "[No Variations]"
Add component (AddParameter): Name = "Value"; Value = ""; VariantName = "[No Variations]"
Added Component: Designator=C21(C0805)
Add component (AddParameter): Name = "Check_prices"; Value = "https://www.snapeda.com/parts/CAP/igus/view-part/?ref=eda"; VariantName = "[No Variations]"
Add component (AddParameter): Name = "MF"; Value = "Igus"; VariantName = "[No Variations]"
Add component (AddParameter): Name = "MP"; Value = "CAP"; VariantName = "[No Variations]"
Add component (AddParameter): Name = "Package"; Value = "None"; VariantName = "[No Variations]"
Add component (AddParameter): Name = "SnapEDA_Link"; Value = "https://www.snapeda.com/parts/CAP/igus/view-part/?ref=snap"; VariantName = "[No Variations]"
Add component (AddParameter): Name = "Value"; Value = ""; VariantName = "[No Variations]"
Added Component: Designator=C22(C0805)
Add component (AddParameter): Name = "Check_prices"; Value = "https://www.snapeda.com/parts/CAP/igus/view-part/?ref=eda"; VariantName = "[No Variations]"
Add component (AddParameter): Name = "MF"; Value = "Igus"; VariantName = "[No Variations]"
Add component (AddParameter): Name = "MP"; Value = "CAP"; VariantName = "[No Variations]"
Add component (AddParameter): Name = "Package"; Value = "None"; VariantName = "[No Variations]"
Add component (AddParameter): Name = "SnapEDA_Link"; Value = "https://www.snapeda.com/parts/CAP/igus/view-part/?ref=snap"; VariantName = "[No Variations]"
Add component (AddParameter): Name = "Value"; Value = ""; VariantName = "[No Variations]"
Added Component: Designator=C23(C0805)
Add component (AddParameter): Name = "Check_prices"; Value = "https://www.snapeda.com/parts/CAP/igus/view-part/?ref=eda"; VariantName = "[No Variations]"
Add component (AddParameter): Name = "MF"; Value = "Igus"; VariantName = "[No Variations]"
Add component (AddParameter): Name = "MP"; Value = "CAP"; VariantName = "[No Variations]"
Add component (AddParameter): Name = "Package"; Value = "None"; VariantName = "[No Variations]"
Add component (AddParameter): Name = "SnapEDA_Link"; Value = "https://www.snapeda.com/parts/CAP/igus/view-part/?ref=snap"; VariantName = "[No Variations]"
Add component (AddParameter): Name = "Value"; Value = ""; VariantName = "[No Variations]"
Added Component: Designator=C24(C0805)
Add component (AddParameter): Name = "Check_prices"; Value = "https://www.snapeda.com/parts/CAP/igus/view-part/?ref=eda"; VariantName = "[No Variations]"
Add component (AddParameter): Name = "MF"; Value = "Igus"; VariantName = "[No Variations]"
Add component (AddParameter): Name = "MP"; Value = "CAP"; VariantName = "[No Variations]"
Add component (AddParameter): Name = "Package"; Value = "None"; VariantName = "[No Variations]"
Add component (AddParameter): Name = "SnapEDA_Link"; Value = "https://www.snapeda.com/parts/CAP/igus/view-part/?ref=snap"; VariantName = "[No Variations]"
Add component (AddParameter): Name = "Value"; Value = ""; VariantName = "[No Variations]"
Added Component: Designator=C25(C0805)
Add component (AddParameter): Name = "Check_prices"; Value = "https://www.snapeda.com/parts/CAP/igus/view-part/?ref=eda"; VariantName = "[No Variations]"
Add component (AddParameter): Name = "MF"; Value = "Igus"; VariantName = "[No Variations]"
Add component (AddParameter): Name = "MP"; Value = "CAP"; VariantName = "[No Variations]"
Add component (AddParameter): Name = "Package"; Value = "None"; VariantName = "[No Variations]"
Add component (AddParameter): Name = "SnapEDA_Link"; Value = "https://www.snapeda.com/parts/CAP/igus/view-part/?ref=snap"; VariantName = "[No Variations]"
Add component (AddParameter): Name = "Value"; Value = ""; VariantName = "[No Variations]"
Added Component: Designator=D1(DIOM5336X265N)
Add component (AddParameter): Name = "Availability"; Value = "In Stock"; VariantName = "[No Variations]"
Add component (AddParameter): Name = "Check_prices"; Value = "https://www.snapeda.com/parts/SS24/Onsemi/view-part/?ref=eda"; VariantName = "[No Variations]"
Add component (AddParameter): Name = "MF"; Value = "ON Semiconductor"; VariantName = "[No Variations]"
Add component (AddParameter): Name = "MP"; Value = "SS24"; VariantName = "[No Variations]"
Add component (AddParameter): Name = "Package"; Value = "DO-214AA ON Semiconductor"; VariantName = "[No Variations]"
Add component (AddParameter): Name = "Price"; Value = "None"; VariantName = "[No Variations]"
Add component (AddParameter): Name = "SnapEDA_Link"; Value = "https://www.snapeda.com/parts/SS24/Onsemi/view-part/?ref=snap"; VariantName = "[No Variations]"
Add component (AddParameter): Name = "Value"; Value = ""; VariantName = "[No Variations]"
Added Component: Designator=D3(DIOM5336X265N)
Add component (AddParameter): Name = "Availability"; Value = "In Stock"; VariantName = "[No Variations]"
Add component (AddParameter): Name = "Check_prices"; Value = "https://www.snapeda.com/parts/SS24/Onsemi/view-part/?ref=eda"; VariantName = "[No Variations]"
Add component (AddParameter): Name = "MF"; Value = "ON Semiconductor"; VariantName = "[No Variations]"
Add component (AddParameter): Name = "MP"; Value = "SS24"; VariantName = "[No Variations]"
Add component (AddParameter): Name = "Package"; Value = "DO-214AA ON Semiconductor"; VariantName = "[No Variations]"
Add component (AddParameter): Name = "Price"; Value = "None"; VariantName = "[No Variations]"
Add component (AddParameter): Name = "SnapEDA_Link"; Value = "https://www.snapeda.com/parts/SS24/Onsemi/view-part/?ref=snap"; VariantName = "[No Variations]"
Add component (AddParameter): Name = "Value"; Value = ""; VariantName = "[No Variations]"
Added Component: Designator=D4(DIOM5336X265N)
Add component (AddParameter): Name = "Availability"; Value = "In Stock"; VariantName = "[No Variations]"
Add component (AddParameter): Name = "Check_prices"; Value = "https://www.snapeda.com/parts/SS24/Onsemi/view-part/?ref=eda"; VariantName = "[No Variations]"
Add component (AddParameter): Name = "MF"; Value = "ON Semiconductor"; VariantName = "[No Variations]"
Add component (AddParameter): Name = "MP"; Value = "SS24"; VariantName = "[No Variations]"
Add component (AddParameter): Name = "Package"; Value = "DO-214AA ON Semiconductor"; VariantName = "[No Variations]"
Add component (AddParameter): Name = "Price"; Value = "None"; VariantName = "[No Variations]"
Add component (AddParameter): Name = "SnapEDA_Link"; Value = "https://www.snapeda.com/parts/SS24/Onsemi/view-part/?ref=snap"; VariantName = "[No Variations]"
Add component (AddParameter): Name = "Value"; Value = ""; VariantName = "[No Variations]"
Added Component: Designator=D5(WL-SMCW_1206)
Add component (AddParameter): Name = "Check_prices"; Value = "https://www.snapeda.com/parts/150120SS75000/Wurth+Electronics/view-part/?ref=eda"; VariantName = "[No Variations]"
Add component (AddParameter): Name = "MF"; Value = "Wurth Electronics"; VariantName = "[No Variations]"
Add component (AddParameter): Name = "MP"; Value = "150120SS75000"; VariantName = "[No Variations]"
Add component (AddParameter): Name = "Package"; Value = "1206 Wurth Electronics"; VariantName = "[No Variations]"
Add component (AddParameter): Name = "SnapEDA_Link"; Value = "https://www.snapeda.com/parts/150120SS75000/Wurth+Electronics/view-part/?ref=snap"; VariantName = "[No Variations]"
Add component (AddParameter): Name = "Value"; Value = ""; VariantName = "[No Variations]"
Added Component: Designator=D6(WL-SMCW_1206)
Add component (AddParameter): Name = "Check_prices"; Value = "https://www.snapeda.com/parts/150120SS75000/Wurth+Electronics/view-part/?ref=eda"; VariantName = "[No Variations]"
Add component (AddParameter): Name = "MF"; Value = "Wurth Electronics"; VariantName = "[No Variations]"
Add component (AddParameter): Name = "MP"; Value = "150120SS75000"; VariantName = "[No Variations]"
Add component (AddParameter): Name = "Package"; Value = "1206 Wurth Electronics"; VariantName = "[No Variations]"
Add component (AddParameter): Name = "SnapEDA_Link"; Value = "https://www.snapeda.com/parts/150120SS75000/Wurth+Electronics/view-part/?ref=snap"; VariantName = "[No Variations]"
Add component (AddParameter): Name = "Value"; Value = ""; VariantName = "[No Variations]"
Added Component: Designator=D7(WL-SMCW_1206)
Add component (AddParameter): Name = "Check_prices"; Value = "https://www.snapeda.com/parts/150120SS75000/Wurth+Electronics/view-part/?ref=eda"; VariantName = "[No Variations]"
Add component (AddParameter): Name = "MF"; Value = "Wurth Electronics"; VariantName = "[No Variations]"
Add component (AddParameter): Name = "MP"; Value = "150120SS75000"; VariantName = "[No Variations]"
Add component (AddParameter): Name = "Package"; Value = "1206 Wurth Electronics"; VariantName = "[No Variations]"
Add component (AddParameter): Name = "SnapEDA_Link"; Value = "https://www.snapeda.com/parts/150120SS75000/Wurth+Electronics/view-part/?ref=snap"; VariantName = "[No Variations]"
Add component (AddParameter): Name = "Value"; Value = ""; VariantName = "[No Variations]"
Added Component: Designator=D8(WL-SMCW_1206)
Add component (AddParameter): Name = "Check_prices"; Value = "https://www.snapeda.com/parts/150120SS75000/Wurth+Electronics/view-part/?ref=eda"; VariantName = "[No Variations]"
Add component (AddParameter): Name = "MF"; Value = "Wurth Electronics"; VariantName = "[No Variations]"
Add component (AddParameter): Name = "MP"; Value = "150120SS75000"; VariantName = "[No Variations]"
Add component (AddParameter): Name = "Package"; Value = "1206 Wurth Electronics"; VariantName = "[No Variations]"
Add component (AddParameter): Name = "SnapEDA_Link"; Value = "https://www.snapeda.com/parts/150120SS75000/Wurth+Electronics/view-part/?ref=snap"; VariantName = "[No Variations]"
Add component (AddParameter): Name = "Value"; Value = ""; VariantName = "[No Variations]"
Added Component: Designator=D?(DIOM5336X265N)
Add component (AddParameter): Name = "Availability"; Value = "In Stock"; VariantName = "[No Variations]"
Add component (AddParameter): Name = "Check_prices"; Value = "https://www.snapeda.com/parts/SS24/Onsemi/view-part/?ref=eda"; VariantName = "[No Variations]"
Add component (AddParameter): Name = "MF"; Value = "ON Semiconductor"; VariantName = "[No Variations]"
Add component (AddParameter): Name = "MP"; Value = "SS24"; VariantName = "[No Variations]"
Add component (AddParameter): Name = "Package"; Value = "DO-214AA ON Semiconductor"; VariantName = "[No Variations]"
Add component (AddParameter): Name = "Price"; Value = "None"; VariantName = "[No Variations]"
Add component (AddParameter): Name = "SnapEDA_Link"; Value = "https://www.snapeda.com/parts/SS24/Onsemi/view-part/?ref=snap"; VariantName = "[No Variations]"
Add component (AddParameter): Name = "Value"; Value = ""; VariantName = "[No Variations]"
Added Component: Designator=J1(SOT-89-5)
Add component (AddParameter): Name = "Check_prices"; Value = "https://www.snapeda.com/parts/XC6220B331PR-G/Torex/view-part/?ref=eda"; VariantName = "[No Variations]"
Add component (AddParameter): Name = "MF"; Value = "Torex"; VariantName = "[No Variations]"
Add component (AddParameter): Name = "MP"; Value = "XC6220B331PR-G"; VariantName = "[No Variations]"
Add component (AddParameter): Name = "Package"; Value = "SOT-89 Torex"; VariantName = "[No Variations]"
Add component (AddParameter): Name = "SnapEDA_Link"; Value = "https://www.snapeda.com/parts/XC6220B331PR-G/Torex/view-part/?ref=snap"; VariantName = "[No Variations]"
Add component (AddParameter): Name = "Value"; Value = ""; VariantName = "[No Variations]"
Added Component: Designator=J2(HRO_TYPE-C-31-M-12)
Add component (AddParameter): Name = "Check_prices"; Value = "https://www.snapeda.com/parts/TYPE-C-31-M-12/HRO+Electronics+Co.%252C+Ltd./view-part/?ref=eda"; VariantName = "[No Variations]"
Add component (AddParameter): Name = "MF"; Value = "HRO Electronics Co., Ltd."; VariantName = "[No Variations]"
Add component (AddParameter): Name = "MP"; Value = "TYPE-C-31-M-12"; VariantName = "[No Variations]"
Add component (AddParameter): Name = "Package"; Value = "Package"; VariantName = "[No Variations]"
Add component (AddParameter): Name = "SnapEDA_Link"; Value = "https://www.snapeda.com/parts/TYPE-C-31-M-12/HRO+Electronics+Co.%252C+Ltd./view-part/?ref=snap"; VariantName = "[No Variations]"
Add component (AddParameter): Name = "Value"; Value = ""; VariantName = "[No Variations]"
Added Component: Designator=J3(HRO_TYPE-C-31-M-12)
Add component (AddParameter): Name = "Check_prices"; Value = "https://www.snapeda.com/parts/TYPE-C-31-M-12/HRO+Electronics+Co.%252C+Ltd./view-part/?ref=eda"; VariantName = "[No Variations]"
Add component (AddParameter): Name = "MF"; Value = "HRO Electronics Co., Ltd."; VariantName = "[No Variations]"
Add component (AddParameter): Name = "MP"; Value = "TYPE-C-31-M-12"; VariantName = "[No Variations]"
Add component (AddParameter): Name = "Package"; Value = "Package"; VariantName = "[No Variations]"
Add component (AddParameter): Name = "SnapEDA_Link"; Value = "https://www.snapeda.com/parts/TYPE-C-31-M-12/HRO+Electronics+Co.%252C+Ltd./view-part/?ref=snap"; VariantName = "[No Variations]"
Add component (AddParameter): Name = "Value"; Value = ""; VariantName = "[No Variations]"
Added Component: Designator=J4(SK12D07VG4)
Add component (AddParameter): Name = "Check_prices"; Value = "https://www.snapeda.com/parts/SK12D07VG4/C%2526K/view-part/?ref=eda"; VariantName = "[No Variations]"
Add component (AddParameter): Name = "MF"; Value = "C&K"; VariantName = "[No Variations]"
Add component (AddParameter): Name = "MP"; Value = "SK12D07VG4"; VariantName = "[No Variations]"
Add component (AddParameter): Name = "Package"; Value = "None"; VariantName = "[No Variations]"
Add component (AddParameter): Name = "SnapEDA_Link"; Value = "https://www.snapeda.com/parts/SK12D07VG4/C%2526K/view-part/?ref=snap"; VariantName = "[No Variations]"
Add component (AddParameter): Name = "Value"; Value = ""; VariantName = "[No Variations]"
Added Component: Designator=MD2(PCBComponent_1)
Added Component: Designator=Q1(TRANS_SS8050-G)
Add component (AddParameter): Name = "Check_prices"; Value = "https://www.snapeda.com/parts/SS8050G/Comchip/view-part/?ref=eda"; VariantName = "[No Variations]"
Add component (AddParameter): Name = "Digi-Key_Part_Number"; Value = "641-1790-2-ND"; VariantName = "[No Variations]"
Add component (AddParameter): Name = "MF"; Value = "Comchip"; VariantName = "[No Variations]"
Add component (AddParameter): Name = "MP"; Value = "SS8050G"; VariantName = "[No Variations]"
Add component (AddParameter): Name = "Package"; Value = "None"; VariantName = "[No Variations]"
Add component (AddParameter): Name = "SnapEDA_Link"; Value = "https://www.snapeda.com/parts/SS8050G/Comchip/view-part/?ref=snap"; VariantName = "[No Variations]"
Add component (AddParameter): Name = "Value"; Value = ""; VariantName = "[No Variations]"
Added Component: Designator=Q2(TRANS_SS8050-G)
Add component (AddParameter): Name = "Check_prices"; Value = "https://www.snapeda.com/parts/SS8050G/Comchip/view-part/?ref=eda"; VariantName = "[No Variations]"
Add component (AddParameter): Name = "Digi-Key_Part_Number"; Value = "641-1790-2-ND"; VariantName = "[No Variations]"
Add component (AddParameter): Name = "MF"; Value = "Comchip"; VariantName = "[No Variations]"
Add component (AddParameter): Name = "MP"; Value = "SS8050G"; VariantName = "[No Variations]"
Add component (AddParameter): Name = "Package"; Value = "None"; VariantName = "[No Variations]"
Add component (AddParameter): Name = "SnapEDA_Link"; Value = "https://www.snapeda.com/parts/SS8050G/Comchip/view-part/?ref=snap"; VariantName = "[No Variations]"
Add component (AddParameter): Name = "Value"; Value = ""; VariantName = "[No Variations]"
Added Component: Designator=Q3(SOT23-132)
Add component (AddParameter): Name = "LatestRevisionDate"; Value = "17-Jul-2002"; VariantName = "[No Variations]"
Add component (AddParameter): Name = "LatestRevisionNote"; Value = "Re-released for DXP Platform."; VariantName = "[No Variations]"
Add component (AddParameter): Name = "PackageDescription"; Value = "TO, Flat Index; 3 In-Line, Axial Leads; Body Dia. 4.6mm; Lead Dia. 0.5 mm (max)"; VariantName = "[No Variations]"
Add component (AddParameter): Name = "PackageReference"; Value = "E3"; VariantName = "[No Variations]"
Add component (AddParameter): Name = "PackageVersion"; Value = "1995/1996"; VariantName = "[No Variations]"
Add component (AddParameter): Name = "Published"; Value = "8-Jun-2000"; VariantName = "[No Variations]"
Add component (AddParameter): Name = "Publisher"; Value = "Altium Limited"; VariantName = "[No Variations]"
Added Component: Designator=Q4(SOT23-132)
Add component (AddParameter): Name = "LatestRevisionDate"; Value = "17-Jul-2002"; VariantName = "[No Variations]"
Add component (AddParameter): Name = "LatestRevisionNote"; Value = "Re-released for DXP Platform."; VariantName = "[No Variations]"
Add component (AddParameter): Name = "PackageDescription"; Value = "TO, Flat Index; 3 In-Line, Axial Leads; Body Dia. 4.6mm; Lead Dia. 0.5 mm (max)"; VariantName = "[No Variations]"
Add component (AddParameter): Name = "PackageReference"; Value = "E3"; VariantName = "[No Variations]"
Add component (AddParameter): Name = "PackageVersion"; Value = "1995/1996"; VariantName = "[No Variations]"
Add component (AddParameter): Name = "Published"; Value = "8-Jun-2000"; VariantName = "[No Variations]"
Add component (AddParameter): Name = "Publisher"; Value = "Altium Limited"; VariantName = "[No Variations]"
Added Component: Designator=R1(RES_ERJU03J5R6V)
Add component (AddParameter): Name = "Check_prices"; Value = "https://www.snapeda.com/parts/ERJ-U03J5R6V/Panasonic/view-part/?ref=eda"; VariantName = "[No Variations]"
Add component (AddParameter): Name = "MF"; Value = "Panasonic"; VariantName = "[No Variations]"
Add component (AddParameter): Name = "MP"; Value = "ERJ-U03J5R6V"; VariantName = "[No Variations]"
Add component (AddParameter): Name = "Package"; Value = "1608-2 Panasonic"; VariantName = "[No Variations]"
Add component (AddParameter): Name = "SnapEDA_Link"; Value = "https://www.snapeda.com/parts/ERJ-U03J5R6V/Panasonic/view-part/?ref=snap"; VariantName = "[No Variations]"
Add component (AddParameter): Name = "Value"; Value = ""; VariantName = "[No Variations]"
Added Component: Designator=R2(RES_ERJU03J5R6V)
Add component (AddParameter): Name = "Check_prices"; Value = "https://www.snapeda.com/parts/ERJ-U03J5R6V/Panasonic/view-part/?ref=eda"; VariantName = "[No Variations]"
Add component (AddParameter): Name = "MF"; Value = "Panasonic"; VariantName = "[No Variations]"
Add component (AddParameter): Name = "MP"; Value = "ERJ-U03J5R6V"; VariantName = "[No Variations]"
Add component (AddParameter): Name = "Package"; Value = "1608-2 Panasonic"; VariantName = "[No Variations]"
Add component (AddParameter): Name = "SnapEDA_Link"; Value = "https://www.snapeda.com/parts/ERJ-U03J5R6V/Panasonic/view-part/?ref=snap"; VariantName = "[No Variations]"
Add component (AddParameter): Name = "Value"; Value = ""; VariantName = "[No Variations]"
Added Component: Designator=R3(RES_ERJU03J5R6V)
Add component (AddParameter): Name = "Check_prices"; Value = "https://www.snapeda.com/parts/ERJ-U03J5R6V/Panasonic/view-part/?ref=eda"; VariantName = "[No Variations]"
Add component (AddParameter): Name = "MF"; Value = "Panasonic"; VariantName = "[No Variations]"
Add component (AddParameter): Name = "MP"; Value = "ERJ-U03J5R6V"; VariantName = "[No Variations]"
Add component (AddParameter): Name = "Package"; Value = "1608-2 Panasonic"; VariantName = "[No Variations]"
Add component (AddParameter): Name = "SnapEDA_Link"; Value = "https://www.snapeda.com/parts/ERJ-U03J5R6V/Panasonic/view-part/?ref=snap"; VariantName = "[No Variations]"
Add component (AddParameter): Name = "Value"; Value = ""; VariantName = "[No Variations]"
Added Component: Designator=R4(RES_ERJU03J5R6V)
Add component (AddParameter): Name = "Check_prices"; Value = "https://www.snapeda.com/parts/ERJ-U03J5R6V/Panasonic/view-part/?ref=eda"; VariantName = "[No Variations]"
Add component (AddParameter): Name = "MF"; Value = "Panasonic"; VariantName = "[No Variations]"
Add component (AddParameter): Name = "MP"; Value = "ERJ-U03J5R6V"; VariantName = "[No Variations]"
Add component (AddParameter): Name = "Package"; Value = "1608-2 Panasonic"; VariantName = "[No Variations]"
Add component (AddParameter): Name = "SnapEDA_Link"; Value = "https://www.snapeda.com/parts/ERJ-U03J5R6V/Panasonic/view-part/?ref=snap"; VariantName = "[No Variations]"
Add component (AddParameter): Name = "Value"; Value = ""; VariantName = "[No Variations]"
Added Component: Designator=R5(RES_ERJU03J5R6V)
Add component (AddParameter): Name = "Check_prices"; Value = "https://www.snapeda.com/parts/ERJ-U03J5R6V/Panasonic/view-part/?ref=eda"; VariantName = "[No Variations]"
Add component (AddParameter): Name = "MF"; Value = "Panasonic"; VariantName = "[No Variations]"
Add component (AddParameter): Name = "MP"; Value = "ERJ-U03J5R6V"; VariantName = "[No Variations]"
Add component (AddParameter): Name = "Package"; Value = "1608-2 Panasonic"; VariantName = "[No Variations]"
Add component (AddParameter): Name = "SnapEDA_Link"; Value = "https://www.snapeda.com/parts/ERJ-U03J5R6V/Panasonic/view-part/?ref=snap"; VariantName = "[No Variations]"
Add component (AddParameter): Name = "Value"; Value = ""; VariantName = "[No Variations]"
Added Component: Designator=R6(RES_ERJU03J5R6V)
Add component (AddParameter): Name = "Check_prices"; Value = "https://www.snapeda.com/parts/ERJ-U03J5R6V/Panasonic/view-part/?ref=eda"; VariantName = "[No Variations]"
Add component (AddParameter): Name = "MF"; Value = "Panasonic"; VariantName = "[No Variations]"
Add component (AddParameter): Name = "MP"; Value = "ERJ-U03J5R6V"; VariantName = "[No Variations]"
Add component (AddParameter): Name = "Package"; Value = "1608-2 Panasonic"; VariantName = "[No Variations]"
Add component (AddParameter): Name = "SnapEDA_Link"; Value = "https://www.snapeda.com/parts/ERJ-U03J5R6V/Panasonic/view-part/?ref=snap"; VariantName = "[No Variations]"
Add component (AddParameter): Name = "Value"; Value = ""; VariantName = "[No Variations]"
Added Component: Designator=R7(RES_ERJU03J5R6V)
Add component (AddParameter): Name = "Check_prices"; Value = "https://www.snapeda.com/parts/ERJ-U03J5R6V/Panasonic/view-part/?ref=eda"; VariantName = "[No Variations]"
Add component (AddParameter): Name = "MF"; Value = "Panasonic"; VariantName = "[No Variations]"
Add component (AddParameter): Name = "MP"; Value = "ERJ-U03J5R6V"; VariantName = "[No Variations]"
Add component (AddParameter): Name = "Package"; Value = "1608-2 Panasonic"; VariantName = "[No Variations]"
Add component (AddParameter): Name = "SnapEDA_Link"; Value = "https://www.snapeda.com/parts/ERJ-U03J5R6V/Panasonic/view-part/?ref=snap"; VariantName = "[No Variations]"
Add component (AddParameter): Name = "Value"; Value = ""; VariantName = "[No Variations]"
Added Component: Designator=R8(RES_ERJU03J5R6V)
Add component (AddParameter): Name = "Check_prices"; Value = "https://www.snapeda.com/parts/ERJ-U03J5R6V/Panasonic/view-part/?ref=eda"; VariantName = "[No Variations]"
Add component (AddParameter): Name = "MF"; Value = "Panasonic"; VariantName = "[No Variations]"
Add component (AddParameter): Name = "MP"; Value = "ERJ-U03J5R6V"; VariantName = "[No Variations]"
Add component (AddParameter): Name = "Package"; Value = "1608-2 Panasonic"; VariantName = "[No Variations]"
Add component (AddParameter): Name = "SnapEDA_Link"; Value = "https://www.snapeda.com/parts/ERJ-U03J5R6V/Panasonic/view-part/?ref=snap"; VariantName = "[No Variations]"
Add component (AddParameter): Name = "Value"; Value = ""; VariantName = "[No Variations]"
Added Component: Designator=R9(RES_ERJU03J5R6V)
Add component (AddParameter): Name = "Check_prices"; Value = "https://www.snapeda.com/parts/ERJ-U03J5R6V/Panasonic/view-part/?ref=eda"; VariantName = "[No Variations]"
Add component (AddParameter): Name = "MF"; Value = "Panasonic"; VariantName = "[No Variations]"
Add component (AddParameter): Name = "MP"; Value = "ERJ-U03J5R6V"; VariantName = "[No Variations]"
Add component (AddParameter): Name = "Package"; Value = "1608-2 Panasonic"; VariantName = "[No Variations]"
Add component (AddParameter): Name = "SnapEDA_Link"; Value = "https://www.snapeda.com/parts/ERJ-U03J5R6V/Panasonic/view-part/?ref=snap"; VariantName = "[No Variations]"
Add component (AddParameter): Name = "Value"; Value = ""; VariantName = "[No Variations]"
Added Component: Designator=R10(RES_ERJU03J5R6V)
Add component (AddParameter): Name = "Check_prices"; Value = "https://www.snapeda.com/parts/ERJ-U03J5R6V/Panasonic/view-part/?ref=eda"; VariantName = "[No Variations]"
Add component (AddParameter): Name = "MF"; Value = "Panasonic"; VariantName = "[No Variations]"
Add component (AddParameter): Name = "MP"; Value = "ERJ-U03J5R6V"; VariantName = "[No Variations]"
Add component (AddParameter): Name = "Package"; Value = "1608-2 Panasonic"; VariantName = "[No Variations]"
Add component (AddParameter): Name = "SnapEDA_Link"; Value = "https://www.snapeda.com/parts/ERJ-U03J5R6V/Panasonic/view-part/?ref=snap"; VariantName = "[No Variations]"
Add component (AddParameter): Name = "Value"; Value = ""; VariantName = "[No Variations]"
Added Component: Designator=R11(RES_ERJU03J5R6V)
Add component (AddParameter): Name = "Check_prices"; Value = "https://www.snapeda.com/parts/ERJ-U03J5R6V/Panasonic/view-part/?ref=eda"; VariantName = "[No Variations]"
Add component (AddParameter): Name = "MF"; Value = "Panasonic"; VariantName = "[No Variations]"
Add component (AddParameter): Name = "MP"; Value = "ERJ-U03J5R6V"; VariantName = "[No Variations]"
Add component (AddParameter): Name = "Package"; Value = "1608-2 Panasonic"; VariantName = "[No Variations]"
Add component (AddParameter): Name = "SnapEDA_Link"; Value = "https://www.snapeda.com/parts/ERJ-U03J5R6V/Panasonic/view-part/?ref=snap"; VariantName = "[No Variations]"
Add component (AddParameter): Name = "Value"; Value = ""; VariantName = "[No Variations]"
Added Component: Designator=R12(RES_ERJU03J5R6V)
Add component (AddParameter): Name = "Check_prices"; Value = "https://www.snapeda.com/parts/ERJ-U03J5R6V/Panasonic/view-part/?ref=eda"; VariantName = "[No Variations]"
Add component (AddParameter): Name = "MF"; Value = "Panasonic"; VariantName = "[No Variations]"
Add component (AddParameter): Name = "MP"; Value = "ERJ-U03J5R6V"; VariantName = "[No Variations]"
Add component (AddParameter): Name = "Package"; Value = "1608-2 Panasonic"; VariantName = "[No Variations]"
Add component (AddParameter): Name = "SnapEDA_Link"; Value = "https://www.snapeda.com/parts/ERJ-U03J5R6V/Panasonic/view-part/?ref=snap"; VariantName = "[No Variations]"
Add component (AddParameter): Name = "Value"; Value = ""; VariantName = "[No Variations]"
Added Component: Designator=R13(RES_ERJU03J5R6V)
Add component (AddParameter): Name = "Check_prices"; Value = "https://www.snapeda.com/parts/ERJ-U03J5R6V/Panasonic/view-part/?ref=eda"; VariantName = "[No Variations]"
Add component (AddParameter): Name = "MF"; Value = "Panasonic"; VariantName = "[No Variations]"
Add component (AddParameter): Name = "MP"; Value = "ERJ-U03J5R6V"; VariantName = "[No Variations]"
Add component (AddParameter): Name = "Package"; Value = "1608-2 Panasonic"; VariantName = "[No Variations]"
Add component (AddParameter): Name = "SnapEDA_Link"; Value = "https://www.snapeda.com/parts/ERJ-U03J5R6V/Panasonic/view-part/?ref=snap"; VariantName = "[No Variations]"
Add component (AddParameter): Name = "Value"; Value = ""; VariantName = "[No Variations]"
Added Component: Designator=R14(RES_ERJU03J5R6V)
Add component (AddParameter): Name = "Check_prices"; Value = "https://www.snapeda.com/parts/ERJ-U03J5R6V/Panasonic/view-part/?ref=eda"; VariantName = "[No Variations]"
Add component (AddParameter): Name = "MF"; Value = "Panasonic"; VariantName = "[No Variations]"
Add component (AddParameter): Name = "MP"; Value = "ERJ-U03J5R6V"; VariantName = "[No Variations]"
Add component (AddParameter): Name = "Package"; Value = "1608-2 Panasonic"; VariantName = "[No Variations]"
Add component (AddParameter): Name = "SnapEDA_Link"; Value = "https://www.snapeda.com/parts/ERJ-U03J5R6V/Panasonic/view-part/?ref=snap"; VariantName = "[No Variations]"
Add component (AddParameter): Name = "Value"; Value = ""; VariantName = "[No Variations]"
Added Component: Designator=R15(RES_ERJU03J5R6V)
Add component (AddParameter): Name = "Check_prices"; Value = "https://www.snapeda.com/parts/ERJ-U03J5R6V/Panasonic/view-part/?ref=eda"; VariantName = "[No Variations]"
Add component (AddParameter): Name = "MF"; Value = "Panasonic"; VariantName = "[No Variations]"
Add component (AddParameter): Name = "MP"; Value = "ERJ-U03J5R6V"; VariantName = "[No Variations]"
Add component (AddParameter): Name = "Package"; Value = "1608-2 Panasonic"; VariantName = "[No Variations]"
Add component (AddParameter): Name = "SnapEDA_Link"; Value = "https://www.snapeda.com/parts/ERJ-U03J5R6V/Panasonic/view-part/?ref=snap"; VariantName = "[No Variations]"
Add component (AddParameter): Name = "Value"; Value = ""; VariantName = "[No Variations]"
Added Component: Designator=R16(RES_ERJU03J5R6V)
Add component (AddParameter): Name = "Check_prices"; Value = "https://www.snapeda.com/parts/ERJ-U03J5R6V/Panasonic/view-part/?ref=eda"; VariantName = "[No Variations]"
Add component (AddParameter): Name = "MF"; Value = "Panasonic"; VariantName = "[No Variations]"
Add component (AddParameter): Name = "MP"; Value = "ERJ-U03J5R6V"; VariantName = "[No Variations]"
Add component (AddParameter): Name = "Package"; Value = "1608-2 Panasonic"; VariantName = "[No Variations]"
Add component (AddParameter): Name = "SnapEDA_Link"; Value = "https://www.snapeda.com/parts/ERJ-U03J5R6V/Panasonic/view-part/?ref=snap"; VariantName = "[No Variations]"
Add component (AddParameter): Name = "Value"; Value = ""; VariantName = "[No Variations]"
Added Component: Designator=R17(RES_ERJU03J5R6V)
Add component (AddParameter): Name = "Check_prices"; Value = "https://www.snapeda.com/parts/ERJ-U03J5R6V/Panasonic/view-part/?ref=eda"; VariantName = "[No Variations]"
Add component (AddParameter): Name = "MF"; Value = "Panasonic"; VariantName = "[No Variations]"
Add component (AddParameter): Name = "MP"; Value = "ERJ-U03J5R6V"; VariantName = "[No Variations]"
Add component (AddParameter): Name = "Package"; Value = "1608-2 Panasonic"; VariantName = "[No Variations]"
Add component (AddParameter): Name = "SnapEDA_Link"; Value = "https://www.snapeda.com/parts/ERJ-U03J5R6V/Panasonic/view-part/?ref=snap"; VariantName = "[No Variations]"
Add component (AddParameter): Name = "Value"; Value = ""; VariantName = "[No Variations]"
Added Component: Designator=R18(RES_ERJU03J5R6V)
Add component (AddParameter): Name = "Check_prices"; Value = "https://www.snapeda.com/parts/ERJ-U03J5R6V/Panasonic/view-part/?ref=eda"; VariantName = "[No Variations]"
Add component (AddParameter): Name = "MF"; Value = "Panasonic"; VariantName = "[No Variations]"
Add component (AddParameter): Name = "MP"; Value = "ERJ-U03J5R6V"; VariantName = "[No Variations]"
Add component (AddParameter): Name = "Package"; Value = "1608-2 Panasonic"; VariantName = "[No Variations]"
Add component (AddParameter): Name = "SnapEDA_Link"; Value = "https://www.snapeda.com/parts/ERJ-U03J5R6V/Panasonic/view-part/?ref=snap"; VariantName = "[No Variations]"
Add component (AddParameter): Name = "Value"; Value = ""; VariantName = "[No Variations]"
Added Component: Designator=R19(RES_ERJU03J5R6V)
Add component (AddParameter): Name = "Check_prices"; Value = "https://www.snapeda.com/parts/ERJ-U03J5R6V/Panasonic/view-part/?ref=eda"; VariantName = "[No Variations]"
Add component (AddParameter): Name = "MF"; Value = "Panasonic"; VariantName = "[No Variations]"
Add component (AddParameter): Name = "MP"; Value = "ERJ-U03J5R6V"; VariantName = "[No Variations]"
Add component (AddParameter): Name = "Package"; Value = "1608-2 Panasonic"; VariantName = "[No Variations]"
Add component (AddParameter): Name = "SnapEDA_Link"; Value = "https://www.snapeda.com/parts/ERJ-U03J5R6V/Panasonic/view-part/?ref=snap"; VariantName = "[No Variations]"
Add component (AddParameter): Name = "Value"; Value = ""; VariantName = "[No Variations]"
Added Component: Designator=R20(RES_ERJU03J5R6V)
Add component (AddParameter): Name = "Check_prices"; Value = "https://www.snapeda.com/parts/ERJ-U03J5R6V/Panasonic/view-part/?ref=eda"; VariantName = "[No Variations]"
Add component (AddParameter): Name = "MF"; Value = "Panasonic"; VariantName = "[No Variations]"
Add component (AddParameter): Name = "MP"; Value = "ERJ-U03J5R6V"; VariantName = "[No Variations]"
Add component (AddParameter): Name = "Package"; Value = "1608-2 Panasonic"; VariantName = "[No Variations]"
Add component (AddParameter): Name = "SnapEDA_Link"; Value = "https://www.snapeda.com/parts/ERJ-U03J5R6V/Panasonic/view-part/?ref=snap"; VariantName = "[No Variations]"
Add component (AddParameter): Name = "Value"; Value = ""; VariantName = "[No Variations]"
Added Component: Designator=R21(RES_ERJU03J5R6V)
Add component (AddParameter): Name = "Check_prices"; Value = "https://www.snapeda.com/parts/ERJ-U03J5R6V/Panasonic/view-part/?ref=eda"; VariantName = "[No Variations]"
Add component (AddParameter): Name = "MF"; Value = "Panasonic"; VariantName = "[No Variations]"
Add component (AddParameter): Name = "MP"; Value = "ERJ-U03J5R6V"; VariantName = "[No Variations]"
Add component (AddParameter): Name = "Package"; Value = "1608-2 Panasonic"; VariantName = "[No Variations]"
Add component (AddParameter): Name = "SnapEDA_Link"; Value = "https://www.snapeda.com/parts/ERJ-U03J5R6V/Panasonic/view-part/?ref=snap"; VariantName = "[No Variations]"
Add component (AddParameter): Name = "Value"; Value = ""; VariantName = "[No Variations]"
Added Component: Designator=R22(RES_ERJU03J5R6V)
Add component (AddParameter): Name = "Check_prices"; Value = "https://www.snapeda.com/parts/ERJ-U03J5R6V/Panasonic/view-part/?ref=eda"; VariantName = "[No Variations]"
Add component (AddParameter): Name = "MF"; Value = "Panasonic"; VariantName = "[No Variations]"
Add component (AddParameter): Name = "MP"; Value = "ERJ-U03J5R6V"; VariantName = "[No Variations]"
Add component (AddParameter): Name = "Package"; Value = "1608-2 Panasonic"; VariantName = "[No Variations]"
Add component (AddParameter): Name = "SnapEDA_Link"; Value = "https://www.snapeda.com/parts/ERJ-U03J5R6V/Panasonic/view-part/?ref=snap"; VariantName = "[No Variations]"
Add component (AddParameter): Name = "Value"; Value = ""; VariantName = "[No Variations]"
Added Component: Designator=R23(RES_ERJU03J5R6V)
Add component (AddParameter): Name = "Check_prices"; Value = "https://www.snapeda.com/parts/ERJ-U03J5R6V/Panasonic/view-part/?ref=eda"; VariantName = "[No Variations]"
Add component (AddParameter): Name = "MF"; Value = "Panasonic"; VariantName = "[No Variations]"
Add component (AddParameter): Name = "MP"; Value = "ERJ-U03J5R6V"; VariantName = "[No Variations]"
Add component (AddParameter): Name = "Package"; Value = "1608-2 Panasonic"; VariantName = "[No Variations]"
Add component (AddParameter): Name = "SnapEDA_Link"; Value = "https://www.snapeda.com/parts/ERJ-U03J5R6V/Panasonic/view-part/?ref=snap"; VariantName = "[No Variations]"
Add component (AddParameter): Name = "Value"; Value = ""; VariantName = "[No Variations]"
Added Component: Designator=SW1(SW_B3U-1000P)
Add component (AddParameter): Name = "Availability"; Value = "Unavailable"; VariantName = "[No Variations]"
Add component (AddParameter): Name = "MF"; Value = ""; VariantName = "[No Variations]"
Add component (AddParameter): Name = "MP"; Value = "B3U-1000P"; VariantName = "[No Variations]"
Add component (AddParameter): Name = "Package"; Value = "None"; VariantName = "[No Variations]"
Add component (AddParameter): Name = "Price"; Value = "None"; VariantName = "[No Variations]"
Add component (AddParameter): Name = "Value"; Value = ""; VariantName = "[No Variations]"
Added Component: Designator=SW2(SW_B3U-1000P)
Add component (AddParameter): Name = "Availability"; Value = "Unavailable"; VariantName = "[No Variations]"
Add component (AddParameter): Name = "MF"; Value = ""; VariantName = "[No Variations]"
Add component (AddParameter): Name = "MP"; Value = "B3U-1000P"; VariantName = "[No Variations]"
Add component (AddParameter): Name = "Package"; Value = "None"; VariantName = "[No Variations]"
Add component (AddParameter): Name = "Price"; Value = "None"; VariantName = "[No Variations]"
Add component (AddParameter): Name = "Value"; Value = ""; VariantName = "[No Variations]"
Added Component: Designator=SW3(SW_B3U-1000P)
Add component (AddParameter): Name = "Availability"; Value = "Unavailable"; VariantName = "[No Variations]"
Add component (AddParameter): Name = "MF"; Value = ""; VariantName = "[No Variations]"
Add component (AddParameter): Name = "MP"; Value = "B3U-1000P"; VariantName = "[No Variations]"
Add component (AddParameter): Name = "Package"; Value = "None"; VariantName = "[No Variations]"
Add component (AddParameter): Name = "Price"; Value = "None"; VariantName = "[No Variations]"
Add component (AddParameter): Name = "Value"; Value = ""; VariantName = "[No Variations]"
Added Component: Designator=U3(SOIC127P600X175-9N)
Add component (AddParameter): Name = "Check_prices"; Value = "https://www.snapeda.com/parts/TP4056-42-ESOP8/Lite-On/view-part/?ref=eda"; VariantName = "[No Variations]"
Add component (AddParameter): Name = "MF"; Value = "Lite-On Semiconductor"; VariantName = "[No Variations]"
Add component (AddParameter): Name = "MP"; Value = "TP4056-42-ESOP8"; VariantName = "[No Variations]"
Add component (AddParameter): Name = "Package"; Value = "None"; VariantName = "[No Variations]"
Add component (AddParameter): Name = "SnapEDA_Link"; Value = "https://www.snapeda.com/parts/TP4056-42-ESOP8/Lite-On/view-part/?ref=snap"; VariantName = "[No Variations]"
Add component (AddParameter): Name = "Value"; Value = ""; VariantName = "[No Variations]"
Added Component: Designator=U4(SOIC127P600X180-16N)
Add component (AddParameter): Name = "Availability"; Value = "Not in stock"; VariantName = "[No Variations]"
Add component (AddParameter): Name = "Check_prices"; Value = "https://www.snapeda.com/parts/CH340C/WCH/view-part/?ref=eda"; VariantName = "[No Variations]"
Add component (AddParameter): Name = "MF"; Value = "WCH"; VariantName = "[No Variations]"
Add component (AddParameter): Name = "MP"; Value = "CH340C"; VariantName = "[No Variations]"
Add component (AddParameter): Name = "Package"; Value = "None"; VariantName = "[No Variations]"
Add component (AddParameter): Name = "Price"; Value = "None"; VariantName = "[No Variations]"
Add component (AddParameter): Name = "SnapEDA_Link"; Value = "https://www.snapeda.com/parts/CH340C/WCH/view-part/?ref=snap"; VariantName = "[No Variations]"
Add component (AddParameter): Name = "Value"; Value = ""; VariantName = "[No Variations]"
Add Component: Footprint Not Found QFN40P700X700X90-57N
Added Component: Designator=U6(SOT95P280X145-6N)
Add component (AddParameter): Name = "Check_prices"; Value = "https://www.snapeda.com/parts/DW01A/Fortune+Semiconductor/view-part/?ref=eda"; VariantName = "[No Variations]"
Add component (AddParameter): Name = "MF"; Value = "Fortune Semiconductor"; VariantName = "[No Variations]"
Add component (AddParameter): Name = "MP"; Value = "DW01A"; VariantName = "[No Variations]"
Add component (AddParameter): Name = "Package"; Value = "SOT-23-6 Fortune Semiconductor"; VariantName = "[No Variations]"
Add component (AddParameter): Name = "SnapEDA_Link"; Value = "https://www.snapeda.com/parts/DW01A/Fortune+Semiconductor/view-part/?ref=snap"; VariantName = "[No Variations]"
Add component (AddParameter): Name = "Value"; Value = ""; VariantName = "[No Variations]"
Added Component: Designator=U7(SOIC127P790X216-8N)
Add component (AddParameter): Name = "Availability"; Value = "Unavailable"; VariantName = "[No Variations]"
Add component (AddParameter): Name = "MF"; Value = "{'manufacturer': u'Winbond Electronics'}"; VariantName = "[No Variations]"
Add component (AddParameter): Name = "MP"; Value = "W25Q16JVSSIQ"; VariantName = "[No Variations]"
Add component (AddParameter): Name = "Package"; Value = "None"; VariantName = "[No Variations]"
Add component (AddParameter): Name = "Price"; Value = "None"; VariantName = "[No Variations]"
Add component (AddParameter): Name = "Value"; Value = ""; VariantName = "[No Variations]"
Added Pin To Net: NetName=GND Pin=C1-2
Added Pin To Net: NetName=3V3 Pin=C2-1
Added Pin To Net: NetName=GND Pin=C2-2
Added Pin To Net: NetName=+3V3 Pin=C5-1
Added Pin To Net: NetName=GND Pin=C5-2
Added Pin To Net: NetName=+5V Pin=C6-1
Added Pin To Net: NetName=GND Pin=C6-2
Added Pin To Net: NetName=+3V3 Pin=C7-1
Added Pin To Net: NetName=GND Pin=C7-2
Added Pin To Net: NetName=+3V3 Pin=C8-1
Added Pin To Net: NetName=GND Pin=C8-2
Added Pin To Net: NetName=+3V3 Pin=C9-1
Added Pin To Net: NetName=GND Pin=C9-2
Added Pin To Net: NetName=+3V3 Pin=C10-1
Added Pin To Net: NetName=GND Pin=C10-2
Added Pin To Net: NetName=+3V3 Pin=C11-1
Added Pin To Net: NetName=GND Pin=C11-2
Added Pin To Net: NetName=+3V3 Pin=C12-1
Added Pin To Net: NetName=GND Pin=C12-2
Added Pin To Net: NetName=+3V3 Pin=C13-1
Added Pin To Net: NetName=GND Pin=C13-2
Added Pin To Net: NetName=GND Pin=C14-2
Added Pin To Net: NetName=NetC15_1 Pin=C15-1
Added Pin To Net: NetName=GND Pin=C15-2
Added Pin To Net: NetName=GND Pin=C16-1
Added Pin To Net: NetName=+3V3 Pin=C16-2
Added Pin To Net: NetName=GND Pin=C17-1
Added Pin To Net: NetName=+1V1 Pin=C17-2
Added Pin To Net: NetName=NetC18_1 Pin=C18-1
Added Pin To Net: NetName=GND Pin=C18-2
Added Pin To Net: NetName=NetC19_1 Pin=C19-1
Added Pin To Net: NetName=GND Pin=C19-2
Added Pin To Net: NetName=+BATT Pin=C20-1
Added Pin To Net: NetName=NetC21_1 Pin=C21-1
Added Pin To Net: NetName=-BATT Pin=C21-2
Added Pin To Net: NetName=+1V1 Pin=C22-1
Added Pin To Net: NetName=GND Pin=C22-2
Added Pin To Net: NetName=+1V1 Pin=C23-1
Added Pin To Net: NetName=GND Pin=C23-2
Added Pin To Net: NetName=+3V3 Pin=C24-1
Added Pin To Net: NetName=GND Pin=C24-2
Added Pin To Net: NetName=+3V3 Pin=C25-1
Added Pin To Net: NetName=GND Pin=C25-2
Added Pin To Net: NetName=+5V Pin=D1-A
Added Pin To Net: NetName=+5V Pin=D3-C
Added Pin To Net: NetName=+VBIN Pin=D4-A
Added Pin To Net: NetName=NetD5_1 Pin=D5-1
Added Pin To Net: NetName=+VBIN Pin=D5-2
Added Pin To Net: NetName=NetD6_1 Pin=D6-1
Added Pin To Net: NetName=+5V Pin=D6-2
Added Pin To Net: NetName=NetD7_1 Pin=D7-1
Added Pin To Net: NetName=+5V Pin=D7-2
Added Pin To Net: NetName=NetD8_1 Pin=D8-1
Added Pin To Net: NetName=NetD8_2 Pin=D8-2
Added Pin To Net: NetName=+5V Pin=D?-C
Added Pin To Net: NetName=GND Pin=J1-1
Added Pin To Net: NetName=+BATT Pin=J1-2
Added Pin To Net: NetName=GND Pin=J1-2
Added Pin To Net: NetName=3V3 Pin=J1-5
Added Pin To Net: NetName=GND Pin=J1-6
Added Pin To Net: NetName=GND Pin=J2-A1_B12
Added Pin To Net: NetName=NetJ2_A5 Pin=J2-A5
Added Pin To Net: NetName=NetJ2_A6 Pin=J2-A6
Added Pin To Net: NetName=NetJ2_A7 Pin=J2-A7
Added Pin To Net: NetName=GND Pin=J2-B1_A12
Added Pin To Net: NetName=NetJ2_B5 Pin=J2-B5
Added Pin To Net: NetName=GND Pin=J2-S1
Added Pin To Net: NetName=GND Pin=J2-S2
Added Pin To Net: NetName=GND Pin=J2-S3
Added Pin To Net: NetName=GND Pin=J2-S4
Added Pin To Net: NetName=GND Pin=J3-A1_B12
Added Pin To Net: NetName=NetJ3_A5 Pin=J3-A5
Added Pin To Net: NetName=NetJ3_A6 Pin=J3-A6
Added Pin To Net: NetName=NetJ3_A7 Pin=J3-A7
Added Pin To Net: NetName=GND Pin=J3-B1_A12
Added Pin To Net: NetName=NetJ3_B5 Pin=J3-B5
Added Pin To Net: NetName=GND Pin=J3-S1
Added Pin To Net: NetName=GND Pin=J3-S2
Added Pin To Net: NetName=GND Pin=J3-S3
Added Pin To Net: NetName=GND Pin=J3-S4
Added Pin To Net: NetName=+BATT Pin=J4-1
Added Pin To Net: NetName=+VBIN Pin=J4-2
Added Pin To Net: NetName=+BATT Pin=J4-COM
Add Pin To Net: Unknown Pin: Pin MD1-2
Add Pin To Net: Unknown Pin: Pin MD1-25
Add Pin To Net: Unknown Pin: Pin MD1-45
Add Pin To Net: Unknown Pin: Pin MD1-46
Add Pin To Net: Unknown Pin: Pin MD1-47
Add Pin To Net: Unknown Pin: Pin MD1-48
Add Pin To Net: Unknown Pin: Pin MD2-1
Add Pin To Net: Unknown Pin: Pin MD2-3
Add Pin To Net: Unknown Pin: Pin MD2-4
Add Pin To Net: Unknown Pin: Pin MD2-5
Added Pin To Net: NetName=NetQ1_1 Pin=Q1-1
Added Pin To Net: NetName=NetQ1_2 Pin=Q1-2
Added Pin To Net: NetName=NetQ2_1 Pin=Q2-1
Added Pin To Net: NetName=NetQ2_2 Pin=Q2-2
Added Pin To Net: NetName=NetMD1_25 Pin=Q2-3
Added Pin To Net: NetName=NetQ3_1 Pin=Q3-1
Added Pin To Net: NetName=GND Pin=Q3-2
Added Pin To Net: NetName=NetQ3_3 Pin=Q3-3
Added Pin To Net: NetName=NetQ4_1 Pin=Q4-1
Added Pin To Net: NetName=-BATT Pin=Q4-2
Added Pin To Net: NetName=NetQ3_3 Pin=Q4-3
Added Pin To Net: NetName=GND Pin=R1-1
Added Pin To Net: NetName=NetJ2_A5 Pin=R1-2
Added Pin To Net: NetName=GND Pin=R2-1
Added Pin To Net: NetName=NetJ3_A5 Pin=R2-2
Added Pin To Net: NetName=NetR3_1 Pin=R3-1
Added Pin To Net: NetName=NetJ2_A6 Pin=R3-2
Added Pin To Net: NetName=NetR4_1 Pin=R4-1
Added Pin To Net: NetName=NetJ3_A6 Pin=R4-2
Added Pin To Net: NetName=NetR5_1 Pin=R5-1
Added Pin To Net: NetName=NetJ2_A7 Pin=R5-2
Added Pin To Net: NetName=NetJ2_B5 Pin=R6-1
Added Pin To Net: NetName=GND Pin=R6-2
Added Pin To Net: NetName=NetJ3_B5 Pin=R7-1
Added Pin To Net: NetName=GND Pin=R7-2
Added Pin To Net: NetName=NetR8_1 Pin=R8-1
Added Pin To Net: NetName=NetJ3_A7 Pin=R8-2
Added Pin To Net: NetName=+3V3 Pin=R9-1
Added Pin To Net: NetName=NetR3_1 Pin=R9-2
Added Pin To Net: NetName=+3V3 Pin=R10-1
Added Pin To Net: NetName=NetR4_1 Pin=R10-2
Added Pin To Net: NetName=NetD5_1 Pin=R11-1
Added Pin To Net: NetName=GND Pin=R11-2
Added Pin To Net: NetName=+3V3 Pin=R12-1
Added Pin To Net: NetName=NetR12_2 Pin=R12-2
Added Pin To Net: NetName=NetR12_2 Pin=R13-1
Added Pin To Net: NetName=NetC15_1 Pin=R13-2
Added Pin To Net: NetName=GND Pin=R14-1
Added Pin To Net: NetName=NetR14_2 Pin=R14-2
Added Pin To Net: NetName=NetQ2_2 Pin=R15-1
Added Pin To Net: NetName=NetQ1_1 Pin=R15-2
Added Pin To Net: NetName=NetQ1_2 Pin=R16-1
Added Pin To Net: NetName=NetQ2_1 Pin=R16-2
Added Pin To Net: NetName=NetD7_1 Pin=R17-1
Added Pin To Net: NetName=GND Pin=R17-2
Added Pin To Net: NetName=NetD6_1 Pin=R18-1
Added Pin To Net: NetName=GND Pin=R18-2
Added Pin To Net: NetName=NetR19_1 Pin=R19-1
Added Pin To Net: NetName=NetC19_1 Pin=R19-2
Added Pin To Net: NetName=+BATT Pin=R20-1
Added Pin To Net: NetName=NetC21_1 Pin=R20-2
Added Pin To Net: NetName=NetR21_1 Pin=R21-1
Added Pin To Net: NetName=GND Pin=R21-2
Added Pin To Net: NetName=NetD8_1 Pin=R22-1
Added Pin To Net: NetName=GND Pin=R22-2
Added Pin To Net: NetName=NetR23_1 Pin=R23-1
Added Pin To Net: NetName=NetR23_2 Pin=R23-2
Added Pin To Net: NetName=GND Pin=SW1-1
Added Pin To Net: NetName=GND Pin=SW2-1
Added Pin To Net: NetName=NetMD1_25 Pin=SW2-2
Added Pin To Net: NetName=GND Pin=SW3-1
Added Pin To Net: NetName=NetR23_1 Pin=SW3-2
Added Pin To Net: NetName=GND Pin=U3-1
Added Pin To Net: NetName=NetR14_2 Pin=U3-2
Added Pin To Net: NetName=GND Pin=U3-3
Added Pin To Net: NetName=+5V Pin=U3-4
Added Pin To Net: NetName=+BATT Pin=U3-5
Added Pin To Net: NetName=NetD7_1 Pin=U3-6
Added Pin To Net: NetName=NetD6_1 Pin=U3-7
Added Pin To Net: NetName=+5V Pin=U3-8
Added Pin To Net: NetName=GND Pin=U3-9
Added Pin To Net: NetName=GND Pin=U4-1
Added Pin To Net: NetName=+3V3 Pin=U4-4
Added Pin To Net: NetName=NetR4_1 Pin=U4-5
Added Pin To Net: NetName=NetR8_1 Pin=U4-6
Added Pin To Net: NetName=NetQ2_2 Pin=U4-13
Added Pin To Net: NetName=NetQ1_2 Pin=U4-14
Added Pin To Net: NetName=+3V3 Pin=U4-16
Add Pin To Net: Unknown Pin: Pin U5-1
Add Pin To Net: Unknown Pin: Pin U5-2
Add Pin To Net: Unknown Pin: Pin U5-10
Add Pin To Net: Unknown Pin: Pin U5-19
Add Pin To Net: Unknown Pin: Pin U5-20
Add Pin To Net: Unknown Pin: Pin U5-21
Add Pin To Net: Unknown Pin: Pin U5-22
Add Pin To Net: Unknown Pin: Pin U5-23
Add Pin To Net: Unknown Pin: Pin U5-33
Add Pin To Net: Unknown Pin: Pin U5-38
Add Pin To Net: Unknown Pin: Pin U5-39
Add Pin To Net: Unknown Pin: Pin U5-42
Add Pin To Net: Unknown Pin: Pin U5-43
Add Pin To Net: Unknown Pin: Pin U5-44
Add Pin To Net: Unknown Pin: Pin U5-45
Add Pin To Net: Unknown Pin: Pin U5-46
Add Pin To Net: Unknown Pin: Pin U5-47
Add Pin To Net: Unknown Pin: Pin U5-48
Add Pin To Net: Unknown Pin: Pin U5-49
Add Pin To Net: Unknown Pin: Pin U5-50
Add Pin To Net: Unknown Pin: Pin U5-51
Add Pin To Net: Unknown Pin: Pin U5-52
Add Pin To Net: Unknown Pin: Pin U5-53
Add Pin To Net: Unknown Pin: Pin U5-54
Add Pin To Net: Unknown Pin: Pin U5-55
Add Pin To Net: Unknown Pin: Pin U5-56
Add Pin To Net: Unknown Pin: Pin U5-57
Added Pin To Net: NetName=NetQ4_1 Pin=U6-1
Added Pin To Net: NetName=NetR21_1 Pin=U6-2
Added Pin To Net: NetName=NetQ3_1 Pin=U6-3
Added Pin To Net: NetName=NetC21_1 Pin=U6-5
Added Pin To Net: NetName=-BATT Pin=U6-6
Added Pin To Net: NetName=NetR23_2 Pin=U7-1
Added Pin To Net: NetName=NetU5_55 Pin=U7-2
Added Pin To Net: NetName=NetU5_54 Pin=U7-3
Added Pin To Net: NetName=GND Pin=U7-4
Added Pin To Net: NetName=NetU5_53 Pin=U7-5
Added Pin To Net: NetName=NetU5_52 Pin=U7-6
Added Pin To Net: NetName=NetU5_51 Pin=U7-7
Added Pin To Net: NetName=+3V3 Pin=U7-8
Add Pin To Net: Unknown Pin: Pin Y1-1
Add Pin To Net: Unknown Pin: Pin Y1-2
Add Pin To Net: Unknown Pin: Pin Y1-4
Added Pin To Net: NetName=NetC1_1 Pin=C1-1
Added Pin To Net: NetName=NetC1_1 Pin=D1-C
Added Pin To Net: NetName=NetC1_1 Pin=D4-C
Added Pin To Net: NetName=NetC1_1 Pin=J1-1
Added Pin To Net: NetName=NetC1_1 Pin=J1-4
Added Net: Name=NetC1_1
Added Pin To Net: NetName=NetD3_A Pin=D3-A
Added Pin To Net: NetName=NetD3_A Pin=J3-A4_B9
Added Pin To Net: NetName=NetD3_A Pin=J3-B4_A9
Added Net: Name=NetD3_A
Added Pin To Net: NetName=NetD?_A Pin=D?-A
Added Pin To Net: NetName=NetD?_A Pin=J2-A4_B9
Added Pin To Net: NetName=NetD?_A Pin=J2-B4_A9
Added Net: Name=NetD?_A
Added Pin To Net: NetName=NetMD1_8 Pin=Q1-3
Added Pin To Net: NetName=NetMD1_8 Pin=SW1-2
Added Net: Name=NetMD1_8
Added Net: Name=NetMD1_22
Added Net: Name=NetMD1_23
Added Pin To Net: NetName=NetMD1_36 Pin=U4-2
Added Net: Name=NetMD1_36
Added Pin To Net: NetName=NetMD1_37 Pin=U4-3
Added Net: Name=NetMD1_37
Added Member To Class: ClassName=Main schematic Member=Component C1 10uF
Added Member To Class: ClassName=Main schematic Member=Component C2 10uF
Added Member To Class: ClassName=Main schematic Member=Component C5 CAP
Added Member To Class: ClassName=Main schematic Member=Component C6 100nF
Added Member To Class: ClassName=Main schematic Member=Component C7 100nF
Added Member To Class: ClassName=Main schematic Member=Component C8 100nF
Added Member To Class: ClassName=Main schematic Member=Component C9 100nF
Added Member To Class: ClassName=Main schematic Member=Component C10 100nF
Added Member To Class: ClassName=Main schematic Member=Component C11 100nF
Added Member To Class: ClassName=Main schematic Member=Component C12 100nF
Added Member To Class: ClassName=Main schematic Member=Component C13 100nF
Added Member To Class: ClassName=Main schematic Member=Component C14 2.2uF
Added Member To Class: ClassName=Main schematic Member=Component C15 2.2uF
Added Member To Class: ClassName=Main schematic Member=Component C16 100nF
Added Member To Class: ClassName=Main schematic Member=Component C17 2.2uF
Added Member To Class: ClassName=Main schematic Member=Component C18 15pF
Added Member To Class: ClassName=Main schematic Member=Component C19 15pF
Added Member To Class: ClassName=Main schematic Member=Component C20 10uF
Added Member To Class: ClassName=Main schematic Member=Component C21 100nF
Added Member To Class: ClassName=Main schematic Member=Component C22 100nF
Added Member To Class: ClassName=Main schematic Member=Component C23 100nF
Added Member To Class: ClassName=Main schematic Member=Component C24 2.2uF
Added Member To Class: ClassName=Main schematic Member=Component C25 100nF
Added Member To Class: ClassName=Main schematic Member=Component D1 SS24
Added Member To Class: ClassName=Main schematic Member=Component D3 SS24
Added Member To Class: ClassName=Main schematic Member=Component D4 SS24
Added Member To Class: ClassName=Main schematic Member=Component D5 PWR LED
Added Member To Class: ClassName=Main schematic Member=Component D6 PWR LED
Added Member To Class: ClassName=Main schematic Member=Component D7 PWR LED
Added Member To Class: ClassName=Main schematic Member=Component D8 PWR LED
Added Member To Class: ClassName=Main schematic Member=Component D? SS24
Added Member To Class: ClassName=Main schematic Member=Component J1 B2B-XH-A(LF)(SN)
Added Member To Class: ClassName=Main schematic Member=Component J1 XC6220B331PR-G
Added Member To Class: ClassName=Main schematic Member=Component J2 TYPE-C-31-M-12
Added Member To Class: ClassName=Main schematic Member=Component J3 TYPE-C-31-M-12
Added Member To Class: ClassName=Main schematic Member=Component J4 SK12D07VG4
Add Class Member: Failed to add class member : Component MD1 ESP32-WROOM-32E(M113EH3200PH3Q0)
Added Member To Class: ClassName=Main schematic Member=Component MD2 Module BNO055
Added Member To Class: ClassName=Main schematic Member=Component Q1 SS8050-G
Added Member To Class: ClassName=Main schematic Member=Component Q2 SS8050-G
Added Member To Class: ClassName=Main schematic Member=Component Q3 Si2302DS
Added Member To Class: ClassName=Main schematic Member=Component Q4 Si2302DS
Added Member To Class: ClassName=Main schematic Member=Component R1 5K1
Added Member To Class: ClassName=Main schematic Member=Component R2 5K1
Added Member To Class: ClassName=Main schematic Member=Component R3 22R
Added Member To Class: ClassName=Main schematic Member=Component R4 22R
Added Member To Class: ClassName=Main schematic Member=Component R5 22R
Added Member To Class: ClassName=Main schematic Member=Component R6 5K1
Added Member To Class: ClassName=Main schematic Member=Component R7 5K1
Added Member To Class: ClassName=Main schematic Member=Component R8 22R
Added Member To Class: ClassName=Main schematic Member=Component R9 1K5
Added Member To Class: ClassName=Main schematic Member=Component R10 1K5
Added Member To Class: ClassName=Main schematic Member=Component R11 1K
Added Member To Class: ClassName=Main schematic Member=Component R12 200R
Added Member To Class: ClassName=Main schematic Member=Component R13 1R
Added Member To Class: ClassName=Main schematic Member=Component R14 1K2
Added Member To Class: ClassName=Main schematic Member=Component R15 10K
Added Member To Class: ClassName=Main schematic Member=Component R16 10K
Added Member To Class: ClassName=Main schematic Member=Component R17 1K
Added Member To Class: ClassName=Main schematic Member=Component R18 1K
Added Member To Class: ClassName=Main schematic Member=Component R19 1K
Added Member To Class: ClassName=Main schematic Member=Component R20 100R
Added Member To Class: ClassName=Main schematic Member=Component R21 1K
Added Member To Class: ClassName=Main schematic Member=Component R22 510R
Added Member To Class: ClassName=Main schematic Member=Component R23 1K
Added Member To Class: ClassName=Main schematic Member=Component SW1 B3U-1000P
Added Member To Class: ClassName=Main schematic Member=Component SW2 B3U-1000P
Added Member To Class: ClassName=Main schematic Member=Component SW3 B3U-1000P
Added Member To Class: ClassName=Main schematic Member=Component U3 TP4056-42-ESOP8
Added Member To Class: ClassName=Main schematic Member=Component U4 CH340C
Add Class Member: Failed to add class member : Component U5 RP2040
Added Member To Class: ClassName=Main schematic Member=Component U6 DW01A
Added Member To Class: ClassName=Main schematic Member=Component U7 W25Q16JVSSIQ
Add Class Member: Failed to add class member : Component Y1 NX3225SA-12.000M-STD-CRS-2
